Log file open, 09/06/15 08:42:52
LogInit:Display: Running engine for game: WilliamTheBrave
LogInit: Version: 4.7.6-2513093+++depot+UE4-Releases+4.7
LogInit: API Version: 2455222
LogInit: Compiled (64-bit): Apr 15 2015 12:09:54
LogInit: Compiled with Visual C++: 18.00.21005.01
LogInit: Build Configuration: Development
LogInit: Branch Name: ++depot+UE4-Releases+4.7
LogInit: Command line:  
LogInit: Base directory: S:/Programs/Epic Games/4.7/Engine/Binaries/Win64/
LogInit: Rocket: 1
[2015.09.06-15.42.52:707][  0]LogTaskGraph: Started task graph with 3 named threads and 6 total threads.
[2015.09.06-15.42.52:761][  0]LogOnline:Warning: No default platform service specified for OnlineSubsystem
[2015.09.06-15.42.52:801][  0]LogInit: Presizing for 0 objects not considered by GC, pre-allocating 0 bytes.
[2015.09.06-15.42.52:812][  0]LogInit: Object subsystem initialized
[2015.09.06-15.42.52:814][  0]LogConsoleResponse:Warning: Skipping Unknown console variable: 'TranslucentSortAxis = (X=0.000000,Y=-1.000000,Z=0.000000)'
[2015.09.06-15.42.52:814][  0]LogConsoleResponse:Warning:   Found in ini file 'S:/GameDev/WTB/WTBREPO/WilliamTheBrave/Saved/Config/Windows/Engine.ini', in section '[/Script/Engine.RendererSettings]'
[2015.09.06-15.42.52:814][  0]LogConsoleResponse:Warning: Skipping Unknown console variable: 'UIScaleRule = ShortestSide'
[2015.09.06-15.42.52:814][  0]LogConsoleResponse:Warning:   Found in ini file 'S:/GameDev/WTB/WTBREPO/WilliamTheBrave/Saved/Config/Windows/Engine.ini', in section '[/Script/Engine.RendererSettings]'
[2015.09.06-15.42.52:814][  0]LogConsoleResponse:Warning: Skipping Unknown console variable: 'UIScaleCurve = (EditorCurveData=(Keys=),ExternalCurve=None)'
[2015.09.06-15.42.52:814][  0]LogConsoleResponse:Warning:   Found in ini file 'S:/GameDev/WTB/WTBREPO/WilliamTheBrave/Saved/Config/Windows/Engine.ini', in section '[/Script/Engine.RendererSettings]'
[2015.09.06-15.42.52:814][  0]LogInit: Selected Device Profile: [Windows]
[2015.09.06-15.42.52:814][  0]LogInit: Applying CVar settings loaded from the selected device profile: [Windows]
[2015.09.06-15.42.52:828][  0]LogInit: Computer: FRED
[2015.09.06-15.42.52:828][  0]LogInit: User: William
[2015.09.06-15.42.52:828][  0]LogInit: CPU Page size=4096, Cores=4
[2015.09.06-15.42.52:828][  0]LogInit: High frequency timer resolution =2.923061 MHz
[2015.09.06-15.42.52:828][  0]LogMemory: Memory total: Physical=8.0GB (8GB approx) Virtual=131072.0GB
[2015.09.06-15.42.52:828][  0]LogMemory: Platform Memory Stats for Windows
[2015.09.06-15.42.52:828][  0]LogMemory: Process Physical Memory: 48.21 MB used, 48.21 MB peak
[2015.09.06-15.42.52:828][  0]LogMemory: Process Virtual Memory: 22.57 MB used, 22.57 MB peak
[2015.09.06-15.42.52:828][  0]LogMemory: Physical Memory: 2960.74 MB used, 8174.32 MB total
[2015.09.06-15.42.52:828][  0]LogMemory: Virtual Memory: 303.18 MB used, 134217728.00 MB total
[2015.09.06-15.42.52:889][  0]LogD3D11RHI: Found D3D11 adapter 0: NVIDIA GeForce GTS 450    (Feature Level 11_0)
[2015.09.06-15.42.52:889][  0]LogD3D11RHI: Adapter has 973MB of dedicated video memory, 0MB of dedicated system memory, and 3071MB of shared system memory, 2 output[s]
[2015.09.06-15.42.52:891][  0]LogD3D11RHI: Found D3D11 adapter 1: Microsoft Basic Render Driver (Feature Level 11_0)
[2015.09.06-15.42.52:891][  0]LogD3D11RHI: Adapter has 0MB of dedicated video memory, 0MB of dedicated system memory, and 4087MB of shared system memory, 0 output[s]
[2015.09.06-15.42.52:891][  0]LogD3D11RHI: Chosen D3D11 Adapter Id = 0
[2015.09.06-15.42.52:894][  0]LogRHI: Texture pool is 681 MB (70% of 973 MB)
[2015.09.06-15.42.52:906][  0]LogD3D11RHI: Async texture creation enabled
[2015.09.06-15.42.53:364][  0]LogTextLocalizationManager: The requested culture ('en_US') has no localization data; parent culture's ('en') localization data will be used.
[2015.09.06-15.42.53:437][  0]LogTextLocalizationManager:Warning: Loading localization resources contain conflicting entries for (Namespace:UICommands, Key:Save_ToolTip):
Resource: (S:/Programs/Epic Games/4.7/Engine/Content/Localization/Editor/en/Editor.locres) Hash: (-29098895) String: (Saves the current level to disk)
Resource: (S:/Programs/Epic Games/4.7/Engine/Content/Localization/Engine/en/Engine.locres) Hash: (-1280300587) String: (Save selected data to vlog file)
[2015.09.06-15.42.53:438][  0]LogTextLocalizationManager:Warning: Loading localization resources contain conflicting entries for (Namespace:ContentBrowser, Key:ImportAssetToolTip):
Resource: (S:/Programs/Epic Games/4.7/Engine/Content/Localization/Editor/en/Editor.locres) Hash: (-630476809) String: (Import to {0}...)
Resource: (S:/Programs/Epic Games/4.7/Engine/Content/Localization/Editor/en/Editor.locres) Hash: (1271782899) String: (Imports an asset from file to this folder.)
[2015.09.06-15.42.53:519][  0]LogContentStreaming: Texture pool size is 0.000000MB
[2015.09.06-15.42.59:975][  0]LogTargetPlatformManager:Display: Building Assets For Windows
[2015.09.06-15.43.00:779][  0]LogTargetPlatformManager:Display: Building Assets For Windows
[2015.09.06-15.43.00:898][  0]LogDerivedDataCache:Display: Max Cache Size: 512 MB
[2015.09.06-15.43.02:119][  0]LogDerivedDataCache: Loaded boot cache 1.20s 39MB C:/Users/William/AppData/Local/UnrealEngine/4.7/DerivedDataCache/Boot.ddc.
[2015.09.06-15.43.02:119][  0]LogDerivedDataCache:Display: Loaded Boot cache: C:/Users/William/AppData/Local/UnrealEngine/4.7/DerivedDataCache/Boot.ddc
[2015.09.06-15.43.02:119][  0]LogDerivedDataCache: FDerivedDataBackendGraph:  Pak pak cache file ../../../../../../GameDev/WTB/WTBREPO/WilliamTheBrave/DerivedDataCache/DDC.ddp not found, will not use a pak cache.
[2015.09.06-15.43.02:119][  0]LogDerivedDataCache: Unable to find inner node Pak for hierarchical cache Hierarchy.
[2015.09.06-15.43.02:294][  0]LogDerivedDataCache:Display: Pak cache opened for reading ../../../Engine/DerivedDataCache/Compressed.ddp.
[2015.09.06-15.43.02:339][  0]LogDerivedDataCache: Using Local data cache path C:/Users/William/AppData/Local/UnrealEngine/Common/DerivedDataCache: Writable
[2015.09.06-15.43.06:430][  0]LogMeshUtilities: No automatic mesh reduction module available
[2015.09.06-15.43.06:430][  0]LogMeshUtilities: No automatic mesh merging module available
[2015.09.06-15.43.08:653][  0]LogInit: WinSock: version 1.1 (2.2), MaxSocks=32767, MaxUdp=65467
[2015.09.06-15.43.08:923][  0]LogSlate:Warning: Failed to load font data from '../../../Engine/Content/Slate/Fonts/Roboto-Italic.ttf'
[2015.09.06-15.43.18:024][  0]UdpMessaging: Initializing bridge on interface 0.0.0.0:0 to multicast group 230.0.0.1:6666.
[2015.09.06-15.43.18:582][  0]SourceControl: Info Source control is disabled
[2015.09.06-15.43.18:582][  0]SourceControl: Info Source control is disabled
[2015.09.06-15.43.18:582][  0]SourceControl: Info Source control is disabled
[2015.09.06-15.43.18:591][  0]LogSourceControl: RunCommandInternalRaw: 'git version'
[2015.09.06-15.43.18:719][  0]LogSourceControl: RunCommandInternalRaw: ExecProcess ReturnCode=0 OutResults='git version 1.9.5.github.0
'
[2015.09.06-15.43.19:488][  0]LogObj: 24232 objects as part of root set at end of initial load.
[2015.09.06-15.43.19:488][  0]LogUObjectAllocator: 5137176 out of 0 bytes used by permanent object pool.
[2015.09.06-15.43.19:933][  0]LogEngine: Initializing Engine...
[2015.09.06-15.43.22:417][  0]LogInit: XAudio2 using 'Speakers (Realtek High Definition Audio)' : 2 channels at 48 kHz using 16 bits per sample (channel mask 0x3)
[2015.09.06-15.43.22:437][  0]LogInit: FAudioDevice initialized.
[2015.09.06-15.43.22:600][  0]LogAIModule: Creating AISystem for world NewWorld
[2015.09.06-15.43.22:621][  0]LogDerivedDataCache: Saved boot cache 0.02s 39MB C:/Users/William/AppData/Local/UnrealEngine/4.7/DerivedDataCache/Boot.ddc.
[2015.09.06-15.43.22:630][  0]LogInit: Texture streaming: Enabled
[2015.09.06-15.43.23:178][  0]LogAnalytics: Creating configured Analytics provider AnalyticsET
[2015.09.06-15.43.23:178][  0]LogAnalytics: ET APIKey = Rocket.Release. APIServer = http://et2.epicgames.com/ET2/. AppVersion = 4.7.6-2513093+++depot+UE4-Releases+4.7
[2015.09.06-15.43.23:178][  0]LogAnalytics: ET APIKey = Rocket.Release. DataRouterUploadURL = https://datarouter-public-service-gamedev.ol.epicgames.net/datarouter/api/v1/public/data. AppVersion = 4.7.6-2513093+++depot+UE4-Releases+4.7
[2015.09.06-15.43.23:179][  0]LogAnalytics: SetUserId e1f12e4e4b01753ffd441f8b02ce5521|9b9f7eefc88a4ce5a9f9ea0297ce6769|8ef09727-ec57-4232-a159-43540120937a
[2015.09.06-15.43.23:179][  0]LogAnalytics: AnalyticsET::StartSession [Rocket.Release]
[2015.09.06-15.43.23:224][  0]LogInit: Transaction tracking system initialized
[2015.09.06-15.43.24:219][  0]BlueprintLog: New page: Editor Load
[2015.09.06-15.43.24:300][  0]LogAssetRegistry: FAssetRegistry took 0.0113 seconds to start up
[2015.09.06-15.43.24:314][  0]LogDirectoryWatcher:Warning: Failed to begin reading directory changes for ../../../Engine/Plugins/Experimental/CharacterAI/Content/. Error: 0
[2015.09.06-15.43.25:485][  0]LogTargetPlatformManager:Display: Building Assets For Windows
[2015.09.06-15.43.25:820][  0]LogTargetPlatformManager:Display: Building Assets For Windows
[2015.09.06-15.43.26:864][  0]LogSlate:Warning: Failed to load font data from '../../../Engine/Content/Editor/Slate/Fonts/Roboto-Regular.ttf'
[2015.09.06-15.43.26:865][  0]LogSlate:Warning: Failed to load font data from '../../../Engine/Content/Editor/Slate/Fonts/Roboto-Bold.ttf'
[2015.09.06-15.43.26:940][  0]LogConsoleResponse:Display: 
[2015.09.06-15.43.28:574][  0]LogCook:Display: Done creating registry. It took  0.00s.
[2015.09.06-15.43.29:644][  0]LogSourceControl: RunCommandInternalRaw: 'git version'
[2015.09.06-15.43.29:657][  0]LogSourceControl: RunCommandInternalRaw: ExecProcess ReturnCode=0 OutResults='git version 1.9.5.github.0
'
[2015.09.06-15.43.29:723][  0]Cmd: MAP LOAD FILE="../../../Engine/Content/Maps/Templates/Template_Default.umap" TEMPLATE=1 SHOWPROGRESS=1 FEATURELEVEL=3
[2015.09.06-15.43.29:793][  0]LightingResults: New page: Lighting Build
[2015.09.06-15.43.29:926][  0]MapCheck: New page: Map Check
[2015.09.06-15.43.29:926][  0]LightingResults: New page: Lighting Build
[2015.09.06-15.43.29:934][  0]LogParticles: Destroying 0 GPU particle simulations for FXSystem 0x00000039466CF380
[2015.09.06-15.43.31:644][  0]LogEditorServer: Finished looking for orphan Actors (0.000 secs)
[2015.09.06-15.43.31:648][  0]LogAIModule: Creating AISystem for world Untitled_1
[2015.09.06-15.43.31:696][  0]Cmd: MAP CHECKDEP
[2015.09.06-15.43.31:696][  0]MapCheck: New page: Untitled_1 - Sep 6, 2015, 1:43:31 AM
[2015.09.06-15.43.31:813][  0]MapCheck: Info Map check complete: 0 Error(s), 0 Warning(s), took 116.2ms to complete.
[2015.09.06-15.43.31:813][  0]LogFileHelpers: Loading map 'Template_Default' took 2.091
[2015.09.06-15.43.35:750][  0]LogSourceControl: RunCommandInternalRaw: 'git status'
[2015.09.06-15.43.35:750][  0]LogSourceControl: RunCommandInternalRaw: ExecProcess ReturnCode=0 OutResults='On branch master
Your branch is up-to-date with 'origin/master'.

Changes to be committed:
  (use "git reset HEAD <file>..." to unstage)

	new file:   Content/Maps/Water/Materials/Water.uasset
	new file:   Content/Maps/Water/Materials/Waterfall.uasset
	new file:   Content/Textures/Water_temple/Displacement_map.uasset
	new file:   Content/Textures/Water_temple/Photo-Normal.uasset
	new file:   Content/Textures/Water_temple/tornado.uasset
	new file:   Content/Textures/Water_temple/waterfall.uasset

Changes not staged for commit:
  (use "git add/rm <file>..." to update what will be committed)
  (use "git checkout -- <file>..." to discard changes in working directory)

	modified:   Content/Maps/Water/Map/SinglePlayer_Final.umap
	modified:   Content/Maps/Water/Materials/Water.uasset
	modified:   Content/Maps/Water/Materials/Waterfall.uasset
	modified:   Content/Textures/Water_temple/tornado.uasset
	modified:   Intermediate/Config/CoalescedSourceConfigs/Engine.ini
	modified:   Intermediate/Config/CoalescedSourceConfigs/Game.ini
	modified:   Intermediate/Config/CoalescedSourceConfigs/Input.ini
	modified:   Saved/AutoScreenshot.png
	modified:   Saved/Autosaves/PackageRestoreData.json
	deleted:    Saved/Backup/01_-_Default_2015-05-27-12-29-44.uasset
	deleted:    Saved/Backup/02_-_Default_2015-05-27-12-29-44.uasset
	deleted:    Saved/Backup/Lamp_2015-05-06-14-17-56.uasset
	deleted:    Saved/Backup/MainCharacter_2015-05-03-03-25-26.uasset
	deleted:    Saved/Backup/MapPieces_Box001_2015-05-06-14-37-56.uasset
	deleted:    Saved/Backup/MapPieces_Box001_2015-05-06-14-58-24.uasset
	deleted:    Saved/Backup/MapPieces_Box001_2015-05-07-00-17-07.uasset
	deleted:    Saved/Backup/MapPieces_Box001_2015-05-07-02-37-52.uasset
	deleted:    Saved/Backup/MapPieces_Box001_2015-05-27-12-10-54.uasset
	deleted:    Saved/Backup/MapPieces_Box001_2015-05-27-12-29-45.uasset
	deleted:    Saved/Backup/MapPieces_Box002_2015-05-06-14-37-57.uasset
	deleted:    Saved/Backup/MapPieces_Box002_2015-05-06-14-58-25.uasset
	deleted:    Saved/Backup/MapPieces_Box002_2015-05-27-12-10-54.uasset
	deleted:    Saved/Backup/MapPieces_Box002_2015-05-27-12-29-45.uasset
	deleted:    Saved/Backup/MapPieces_Box003_2015-05-06-14-37-55.uasset
	deleted:    Saved/Backup/MapPieces_Box003_2015-05-06-14-58-24.uasset
	deleted:    Saved/Backup/MapPieces_Box003_2015-05-27-12-10-54.uasset
	deleted:    Saved/Backup/MapPieces_Box003_2015-05-27-12-29-48.uasset
	deleted:    Saved/Backup/MapPieces_Box004_2015-05-06-14-37-57.uasset
	deleted:    Saved/Backup/MapPieces_Box004_2015-05-06-14-58-25.uasset
	deleted:    Saved/Backup/MapPieces_Box004_2015-05-27-12-10-54.uasset
	deleted:    Saved/Backup/MapPieces_Box004_2015-05-27-12-29-45.uasset
	deleted:    Saved/Backup/MapPieces_Box005_2015-05-06-14-37-58.uasset
	deleted:    Saved/Backup/MapPieces_Box005_2015-05-06-14-58-25.uasset
	deleted:    Saved/Backup/MapPieces_Box005_2015-05-27-12-10-55.uasset
	deleted:    Saved/Backup/MapPieces_Box005_2015-05-27-12-29-45.uasset
	deleted:    Saved/Backup/MapPieces_Box006_2015-05-06-14-37-58.uasset
	deleted:    Saved/Backup/MapPieces_Box006_2015-05-06-14-58-25.uasset
	deleted:    Saved/Backup/MapPieces_Box006_2015-05-07-00-17-07.uasset
	deleted:    Saved/Backup/MapPieces_Box006_2015-05-07-02-37-52.uasset
	deleted:    Saved/Backup/MapPieces_Box006_2015-05-27-12-10-55.uasset
	deleted:    Saved/Backup/MapPieces_Box006_2015-05-27-12-29-46.uasset
	deleted:    Saved/Backup/MapPieces_Box007_2015-05-27-12-10-55.uasset
	deleted:    Saved/Backup/MapPieces_Box007_2015-05-27-12-29-46.uasset
	deleted:    Saved/Backup/MapPieces_Box008_2015-05-27-12-10-55.uasset
	deleted:    Saved/Backup/MapPieces_Box008_2015-05-27-12-29-46.uasset
	deleted:    Saved/Backup/MapPieces_Box009_2015-05-27-12-10-56.uasset
	deleted:    Saved/Backup/MapPieces_Box009_2015-05-27-12-29-46.uasset
	deleted:    Saved/Backup/MapPieces_Box010_2015-05-27-12-10-56.uasset
	deleted:    Saved/Backup/MapPieces_Box010_2015-05-27-12-29-47.uasset
	deleted:    Saved/Backup/MapPieces_Box011_2015-05-27-12-10-56.uasset
	deleted:    Saved/Backup/MapPieces_Box011_2015-05-27-12-29-47.uasset
	deleted:    Saved/Backup/MapPieces_Box012_2015-05-27-12-10-56.uasset
	deleted:    Saved/Backup/MapPieces_Box012_2015-05-27-12-29-47.uasset
	deleted:    Saved/Backup/MapPieces_Box013_2015-05-27-12-10-57.uasset
	deleted:    Saved/Backup/MapPieces_Box013_2015-05-27-12-24-33.uasset
	deleted:    Saved/Backup/MapPieces_Box014_2015-05-27-12-10-57.uasset
	deleted:    Saved/Backup/MapPieces_Box014_2015-05-27-12-29-48.uasset
	deleted:    Saved/Backup/MapPieces_Box015_2015-05-27-12-10-57.uasset
	deleted:    Saved/Backup/MapPieces_Box015_2015-05-27-12-29-49.uasset
	deleted:    Saved/Backup/MapPieces_Box016_2015-05-27-12-10-57.uasset
	deleted:    Saved/Backup/MapPieces_Box016_2015-05-27-12-29-47.uasset
	deleted:    Saved/Backup/MapPieces_Box017_2015-05-27-12-29-49.uasset
	deleted:    Saved/Backup/MapPieces_Cylinder001_2015-05-06-14-37-56.uasset
	deleted:    Saved/Backup/MapPieces_Cylinder001_2015-05-06-14-58-24.uasset
	deleted:    Saved/Backup/MapPieces_Cylinder001_2015-05-27-12-10-58.uasset
	deleted:    Saved/Backup/MapPieces_Cylinder001_2015-05-27-12-29-48.uasset
	deleted:    Saved/Backup/MapPieces_Object001_2015-05-27-12-10-58.uasset
	deleted:    Saved/Backup/MapPieces_Object001_2015-05-27-12-29-48.uasset
	deleted:    Saved/Backup/MapPieces_StraightStair001_2015-05-06-14-37-59.uasset
	deleted:    Saved/Backup/MapPieces_StraightStair001_2015-05-06-14-58-25.uasset
	deleted:    Saved/Backup/MapPieces_StraightStair002_2015-05-27-12-10-58.uasset
	deleted:    Saved/Backup/MapPieces_StraightStair002_2015-05-27-12-29-48.uasset
	deleted:    Saved/Backup/MapPieces_StraightStair003_2015-05-27-12-10-58.uasset
	deleted:    Saved/Backup/MapPieces_StraightStair003_2015-05-27-12-29-47.uasset
	deleted:    Saved/Backup/Metal_2015-05-03-03-45-01.uasset
	deleted:    Saved/Backup/Skin_2015-05-03-13-00-10.uasset
	deleted:    Saved/Backup/Temple1_Wall_2015-05-27-12-29-49.uasset
	deleted:    Saved/Backup/Temple_2015-05-05-23-15-09.umap
	deleted:    Saved/Backup/Temple_2015-05-05-23-33-12.umap
	deleted:    Saved/Backup/Temple_2015-05-05-23-39-09.umap
	deleted:    Saved/Backup/Temple_2015-05-05-23-51-40.umap
	deleted:    Saved/Backup/Temple_2015-05-06-12-48-52.umap
	deleted:    Saved/Backup/Temple_2015-05-06-13-09-01.umap
	deleted:    Saved/Backup/Temple_2015-05-06-13-25-14.umap
	deleted:    Saved/Backup/Temple_2015-05-06-13-36-13.umap
	deleted:    Saved/Backup/Temple_2015-05-06-13-51-47.umap
	deleted:    Saved/Backup/Temple_2015-05-06-14-11-59.umap
	deleted:    Saved/Backup/Temple_2015-05-06-14-17-43.umap
	deleted:    Saved/Backup/Temple_2015-05-06-14-37-55.umap
	deleted:    Saved/Backup/Temple_2015-05-06-14-48-22.umap
	deleted:    Saved/Backup/Temple_2015-05-06-14-58-24.umap
	deleted:    Saved/Backup/Temple_2015-05-06-15-25-44.umap
	deleted:    Saved/Backup/Temple_2015-05-06-15-36-26.umap
	deleted:    Saved/Backup/Temple_2015-05-06-15-46-26.umap
	deleted:    Saved/Backup/Temple_2015-05-06-17-37-16.umap
	deleted:    Saved/Backup/Temple_2015-05-06-22-41-23.umap
	deleted:    Saved/Backup/Temple_2015-05-06-23-36-36.umap
	deleted:    Saved/Backup/Temple_2015-05-06-23-42-47.umap
	deleted:    Saved/Backup/Temple_2015-05-06-23-57-03.umap
	deleted:    Saved/Backup/Temple_2015-05-07-00-17-05.umap
	deleted:    Saved/Backup/Temple_2015-05-07-00-27-15.umap
	deleted:    Saved/Backup/Temple_2015-05-07-00-37-16.umap
	deleted:    Saved/Backup/Temple_2015-05-07-01-15-03.umap
	deleted:    Saved/Backup/Temple_2015-05-07-01-25-04.umap
	deleted:    Saved/Backup/Temple_2015-05-07-01-35-06.umap
	deleted:    Saved/Backup/Temple_2015-05-07-01-45-24.umap
	deleted:    Saved/Backup/Temple_2015-05-07-01-55-32.umap
	deleted:    Saved/Backup/Temple_2015-05-07-02-05-34.umap
	deleted:    Saved/Backup/Temple_2015-05-07-02-26-45.umap
	deleted:    Saved/Backup/Temple_2015-05-07-02-37-51.umap
	deleted:    Saved/Backup/Temple_2015-05-07-02-44-03.umap
	deleted:    Saved/Backup/Temple_2015-05-07-13-33-17.umap
	deleted:    Saved/Backup/Temple_2015-05-07-13-47-39.umap
	deleted:    Saved/Backup/Temple_2015-05-07-14-04-24.umap
	deleted:    Saved/Backup/Temple_2015-05-07-23-47-18.umap
	deleted:    Saved/Backup/Temple_2015-05-08-01-28-20.umap
	deleted:    Saved/Backup/Temple_2015-05-26-18-49-17.umap
	deleted:    Saved/Backup/Temple_2015-05-27-12-24-32.umap
	deleted:    Saved/Backup/Temple_2015-05-27-12-29-41.umap
	deleted:    Saved/Backup/William_2015-05-06-17-47-34.uasset
	deleted:    Saved/Backup/William_2015-05-06-17-58-12.uasset
	modified:   Saved/Config/Windows/EditorLayout.ini
	modified:   Saved/Config/Windows/EditorUserSettings.ini
	modified:   Saved/Config/Windows/Engine.ini
	modified:   Saved/Config/Windows/GameUserSettings.ini
	modified:   Saved/Config/Windows/SourceControlSettings.ini
	deleted:    Saved/Logs/WilliamTheBrave-backup-2015.05.03-03.13.47.log
	deleted:    Saved/Logs/WilliamTheBrave-backup-2015.05.03-03.49.58.log
	deleted:    Saved/Logs/WilliamTheBrave-backup-2015.05.03-12.20.48.log
	deleted:    Saved/Logs/WilliamTheBrave-backup-2015.05.05-22.55.36.log
	deleted:    Saved/Logs/WilliamTheBrave-backup-2015.05.06-12.25.47.log
	deleted:    Saved/Logs/WilliamTheBrave-backup-2015.05.06-15.13.15.log
	deleted:    Saved/Logs/WilliamTheBrave-backup-2015.05.06-17.26.58.log
	deleted:    Saved/Logs/WilliamTheBrave-backup-2015.05.06-18.26.08.log
	deleted:    Saved/Logs/WilliamTheBrave-backup-2015.05.26-18.36.54.log
	deleted:    Saved/Logs/WilliamTheBrave-backup-2015.05.27-11.59.46.log
	deleted:    Saved/Logs/WilliamTheBrave-backup-2015.05.27-12.21.07.log
	modified:   Saved/Logs/WilliamTheBrave.log
	deleted:    Saved/Logs/WilliamTheBrave_2-backup-2015.05.06-12.25.47.log
	deleted:    Saved/Logs/WilliamTheBrave_2-backup-2015.05.06-23.42.52.log
	deleted:    Saved/Logs/WilliamTheBrave_2-backup-2015.05.06-23.43.02.log
	deleted:    Saved/Logs/WilliamTheBrave_2-backup-2015.05.27-12.12.56.log

Untracked files:
  (use "git add <file>..." to include in what will be committed)

	Saved/Autosaves/Game/Blueprints/TheBraveGameMode_Auto2.uasset
	Saved/Autosaves/Game/Maps/Courtyard/
	Saved/Autosaves/Game/Maps/Water/
	Saved/Autosaves/Game/Textures/Water_temple/
	Saved/Backup/Makya_2015-08-31-21-03-49.uasset
	Saved/Backup/Modable_1_2015-08-31-09-55-44.uasset
	Saved/Backup/Modable_2_2015-08-31-09-55-56.uasset
	Saved/Backup/SinglePlayer_Final_2015-08-27-23-59-23.umap
	Saved/Backup/SinglePlayer_Final_2015-08-28-00-24-49.umap
	Saved/Backup/SinglePlayer_Final_2015-08-28-00-36-21.umap
	Saved/Backup/SinglePlayer_Final_2015-08-31-08-42-42.umap
	Saved/Backup/SinglePlayer_Final_2015-08-31-09-48-48.umap
	Saved/Backup/SinglePlayer_Final_2015-08-31-09-53-58.umap
	Saved/Backup/SinglePlayer_Final_2015-08-31-10-06-14.umap
	Saved/Backup/SinglePlayer_Final_2015-08-31-10-14-22.umap
	Saved/Backup/SinglePlayer_Final_2015-09-01-14-05-29.umap
	Saved/Backup/SinglePlayer_Final_2015-09-01-14-15-36.umap
	Saved/Backup/SinglePlayer_Final_2015-09-03-16-30-50.umap
	Saved/Backup/SinglePlayer_Final_2015-09-03-16-58-54.umap
	Saved/Backup/SinglePlayer_Final_2015-09-03-17-12-21.umap
	Saved/Backup/SinglePlayer_Final_2015-09-03-17-37-59.umap
	Saved/Backup/SinglePlayer_Final_2015-09-03-17-58-47.umap
	Saved/Backup/SinglePlayer_Final_2015-09-03-18-15-14.umap
	Saved/Backup/Temple_Modables_1_Box034_2015-08-31-09-53-58.uasset
	Saved/Backup/Temple_Modables_1_Box038_2015-08-31-09-54-38.uasset
	Saved/Backup/TestCubePlisIgnor_2015-08-31-21-03-50.umap
	Saved/Backup/TheBraveGameMode_2015-09-03-16-58-58.uasset
	Saved/Backup/TheBraveGameMode_2015-09-03-18-15-14.uasset
	Saved/Backup/Water_2015-09-03-16-58-57.uasset
	Saved/Backup/Water_2015-09-03-18-15-16.uasset
	Saved/Backup/Waterfall_2015-09-03-17-38-17.uasset
	Saved/Backup/Waterfall_2015-09-03-17-58-49.uasset
	Saved/Backup/Waterfall_2015-09-03-18-15-24.uasset
	Saved/Backup/tornado_2015-09-03-16-58-57.uasset
	Saved/Backup/tornado_2015-09-03-18-15-26.uasset
	Saved/Config/WorldState/1202140250.json
	Saved/Config/WorldState/2808729003.json
	Saved/Config/WorldState/3407274137.json
	Saved/Logs/Dump373326560.dmp
	Saved/Logs/WilliamTheBrave-backup-2015.09.01-13.51.29.log
	Saved/Logs/WilliamTheBrave-backup-2015.09.02-11.23.46.log
	Saved/Logs/WilliamTheBrave-backup-2015.09.03-00.32.26.log
	Saved/Logs/WilliamTheBrave-backup-2015.09.03-00.48.32.log
	Saved/Logs/WilliamTheBrave-backup-2015.09.03-16.18.27.log
	Saved/Logs/WilliamTheBrave-backup-2015.09.06-08.42.52.log

'
[2015.09.06-15.43.35:750][  0]LogSourceControl: RunCommandInternalRaw: 'git symbolic-ref --short HEAD'
[2015.09.06-15.43.35:750][  0]LogSourceControl: RunCommandInternalRaw: ExecProcess ReturnCode=0 OutResults='master
'
[2015.09.06-15.43.35:750][  0]LogCrashTracker: Crashtracker disabled due to settings.
[2015.09.06-15.43.35:877][  0]LogSlate:Warning: Failed to load font data from 'Veranda'
[2015.09.06-15.43.36:190][  0]LogCollectionManager: Loaded 0 collections in 0.001663 seconds
[2015.09.06-15.43.36:225][  0]LogContentBrowser: Native class hierarchy populated in 0.0342 seconds. Added 1697 classes and 263 folders.
[2015.09.06-15.43.36:515][  0]LogUObjectGlobals:Warning: Failed to find object 'Class None.'
[2015.09.06-15.43.36:645][  0]LogLoad: Full Startup: 47.19 seconds (BP compile: 0.26 seconds)
[2015.09.06-15.43.37:192][  0]LogContentBrowser:Verbose: The content browser source was changed by the sources view to '/Game/Maps/Water/Materials'
[2015.09.06-15.43.37:612][  0]SourceControl: Info master
[2015.09.06-15.43.37:765][  0]LogRenderer:Warning: Reallocating scene render targets to support 32x32 (Frame:2).
[2015.09.06-15.43.38:043][  0]LogRenderer:Warning: Reallocating scene render targets to support 1000x872 (Frame:4).
[2015.09.06-15.43.47:395][ 34]LogAssetRegistry: Asset discovery search completed in 23.1075 seconds
[2015.09.06-15.44.03:125][ 82]LogSourceControl: RunCommandInternalRaw: 'git status --porcelain --ignored "S:/GameDev/WTB/WTBREPO/WilliamTheBrave/Content/Maps/Water/Materials/WIP_MAT.uasset"'
[2015.09.06-15.44.03:169][ 84]LogSourceControl: RunCommandInternalRaw: ExecProcess ReturnCode=0 OutResults=''
[2015.09.06-15.44.04:279][117]LogSourceControl: RunCommandInternalRaw: 'git status --porcelain --ignored "S:/GameDev/WTB/WTBREPO/WilliamTheBrave/Content/Maps/Water/Materials/4WayChaos.uasset" "S:/GameDev/WTB/WTBREPO/WilliamTheBrave/Content/Maps/Water/Materials/Fire.uasset" "S:/GameDev/WTB/WTBREPO/WilliamTheBrave/Content/Maps/Water/Materials/Fire2.uasset" "S:/GameDev/WTB/WTBREPO/WilliamTheBrave/Content/Maps/Water/Materials/Water.uasset" "S:/GameDev/WTB/WTBREPO/WilliamTheBrave/Content/Maps/Water/Materials/Water_Archway2_mat.uasset" "S:/GameDev/WTB/WTBREPO/WilliamTheBrave/Content/Maps/Water/Materials/Water_Archway_Mat.uasset" "S:/GameDev/WTB/WTBREPO/WilliamTheBrave/Content/Maps/Water/Materials/Water_base.uasset" "S:/GameDev/WTB/WTBREPO/WilliamTheBrave/Content/Maps/Water/Materials/Water_lank2.uasset" "S:/GameDev/WTB/WTBREPO/WilliamTheBrave/Content/Maps/Water/Materials/Water_Platform2.uasset" "S:/GameDev/WTB/WTBREPO/WilliamTheBrave/Content/Maps/Water/Materials/Water_Wall1_mat.uasset" "S:/GameDev/WTB/WTBREPO/WilliamTheBrave/Content/Maps/Water/Materials/Water_wall2_mat.uasset" "S:/GameDev/WTB/WTBREPO/WilliamTheBrave/Content/Maps/Water/Materials/Water_wall3_mat.uasset" "S:/GameDev/WTB/WTBREPO/WilliamTheBrave/Content/Maps/Water/Materials/Water_water.uasset" "S:/GameDev/WTB/WTBREPO/WilliamTheBrave/Content/Maps/Water/Materials/Water_window_low.uasset" "S:/GameDev/WTB/WTBREPO/WilliamTheBrave/Content/Maps/Water/Materials/Water_window_mat.uasset" "S:/GameDev/WTB/WTBREPO/WilliamTheBrave/Content/Maps/Water/Materials/Water_windowHigh.uasset" "S:/GameDev/WTB/WTBREPO/WilliamTheBrave/Content/Maps/Water/Materials/Waterfall.uasset"'
[2015.09.06-15.44.04:599][117]LogSourceControl: RunCommandInternalRaw: ExecProcess ReturnCode=0 OutResults='AM Content/Maps/Water/Materials/Water.uasset
AM Content/Maps/Water/Materials/Waterfall.uasset
'
[2015.09.06-15.44.09:516][201]Cmd: QUIT_EDITOR
[2015.09.06-15.44.09:868][201]LogExit: Preparing to exit.
[2015.09.06-15.44.10:221][201]LogExit: Editor shut down
[2015.09.06-15.44.10:222][201]LogExit: Transaction tracking system shut down
[2015.09.06-15.44.10:222][201]LogParticles: Destroying 0 GPU particle simulations for FXSystem 0x000000393E1DE200
[2015.09.06-15.44.10:222][201]LogParticles: Destroying 0 GPU particle simulations for FXSystem 0x000000395444F100
[2015.09.06-15.44.10:222][201]LogParticles: Destroying 0 GPU particle simulations for FXSystem 0x000000395438C220
[2015.09.06-15.44.10:222][201]LogParticles: Destroying 0 GPU particle simulations for FXSystem 0x00000039654AFF60
[2015.09.06-15.44.10:423][201]LogExit: Object subsystem successfully closed.
[2015.09.06-15.44.10:569][201]LogModuleManager: Shutting down and abandoning module EditorWidgets (177)
[2015.09.06-15.44.10:569][201]LogModuleManager: Shutting down and abandoning module CollectionManager (176)
[2015.09.06-15.44.10:575][201]LogModuleManager: Shutting down and abandoning module CrashTracker (175)
[2015.09.06-15.44.10:575][201]LogModuleManager: Shutting down and abandoning module SuperSearch (174)
[2015.09.06-15.44.10:575][201]LogModuleManager: Shutting down and abandoning module SceneOutliner (173)
[2015.09.06-15.44.10:575][201]LogModuleManager: Shutting down and abandoning module StatsViewer (172)
[2015.09.06-15.44.10:575][201]LogModuleManager: Shutting down and abandoning module FoliageEdit (171)
[2015.09.06-15.44.10:575][201]LogModuleManager: Shutting down and abandoning module LandscapeEditor (170)
[2015.09.06-15.44.10:585][201]LogModuleManager: Shutting down and abandoning module MeshPaint (169)
[2015.09.06-15.44.10:585][201]LogModuleManager: Shutting down and abandoning module ActorPickerMode (168)
[2015.09.06-15.44.10:585][201]LogModuleManager: Shutting down and abandoning module GeometryMode (167)
[2015.09.06-15.44.10:585][201]LogModuleManager: Shutting down and abandoning module TextureAlignMode (166)
[2015.09.06-15.44.10:585][201]LogModuleManager: Shutting down and abandoning module BspMode (165)
[2015.09.06-15.44.10:585][201]LogModuleManager: Shutting down and abandoning module PlacementMode (164)
[2015.09.06-15.44.10:585][201]LogModuleManager: Shutting down and abandoning module AutomationWorker (163)
[2015.09.06-15.44.10:585][201]LogModuleManager: Shutting down and abandoning module CharacterAI (162)
[2015.09.06-15.44.10:585][201]LogModuleManager: Shutting down and abandoning module SmartSnapping (161)
[2015.09.06-15.44.10:585][201]LogModuleManager: Shutting down and abandoning module ViewportSnapping (160)
[2015.09.06-15.44.10:585][201]LogModuleManager: Shutting down and abandoning module LogVisualizer (159)
[2015.09.06-15.44.10:585][201]LogModuleManager: Shutting down and abandoning module GameProjectGeneration (158)
[2015.09.06-15.44.10:599][201]LogModuleManager: Shutting down and abandoning module IntroTutorials (157)
[2015.09.06-15.44.10:604][201]LogModuleManager: Shutting down and abandoning module EditorLiveStreaming (156)
[2015.09.06-15.44.10:604][201]LogModuleManager: Shutting down and abandoning module HardwareTargeting (155)
[2015.09.06-15.44.10:604][201]LogModuleManager: Shutting down and abandoning module DeviceProfileEditor (154)
[2015.09.06-15.44.10:604][201]LogModuleManager: Shutting down and abandoning module UndoHistory (153)
[2015.09.06-15.44.10:604][201]LogModuleManager: Shutting down and abandoning module GameplayTagsEditor (152)
[2015.09.06-15.44.10:604][201]LogModuleManager: Shutting down and abandoning module UserFeedback (151)
[2015.09.06-15.44.10:604][201]LogModuleManager: Shutting down and abandoning module XmlParser (150)
[2015.09.06-15.44.10:604][201]LogModuleManager: Shutting down and abandoning module Blutility (149)
[2015.09.06-15.44.10:604][201]LogModuleManager: Shutting down and abandoning module IOSPlatformEditor (148)
[2015.09.06-15.44.10:604][201]LogModuleManager: Shutting down and abandoning module IOSRuntimeSettings (147)
[2015.09.06-15.44.10:604][201]LogModuleManager: Shutting down and abandoning module AndroidDeviceDetection (146)
[2015.09.06-15.44.11:015][201]LogModuleManager: Shutting down and abandoning module AndroidPlatformEditor (145)
[2015.09.06-15.44.11:015][201]LogModuleManager: Shutting down and abandoning module AndroidRuntimeSettings (144)
[2015.09.06-15.44.11:015][201]LogModuleManager: Shutting down and abandoning module ProjectTargetPlatformEditor (143)
[2015.09.06-15.44.11:015][201]LogModuleManager: Shutting down and abandoning module ProjectSettingsViewer (142)
[2015.09.06-15.44.11:015][201]LogModuleManager: Shutting down and abandoning module InputBindingEditor (141)
[2015.09.06-15.44.11:019][201]LogModuleManager: Shutting down and abandoning module EditorSettingsViewer (140)
[2015.09.06-15.44.11:019][201]LogModuleManager: Shutting down and abandoning module SettingsEditor (139)
[2015.09.06-15.44.11:032][201]LogModuleManager: Shutting down and abandoning module ProjectLauncher (138)
[2015.09.06-15.44.11:032][201]LogModuleManager: Shutting down and abandoning module SessionFrontend (137)
[2015.09.06-15.44.11:032][201]LogModuleManager: Shutting down and abandoning module ProfilerClient (136)
[2015.09.06-15.44.11:039][201]LogModuleManager: Shutting down and abandoning module TargetDeviceServices (135)
[2015.09.06-15.44.11:039][201]LogModuleManager: Shutting down and abandoning module DeviceManager (134)
[2015.09.06-15.44.11:039][201]LogModuleManager: Shutting down and abandoning module AutomationController (133)
[2015.09.06-15.44.11:039][201]LogModuleManager: Shutting down and abandoning module AutomationWindow (132)
[2015.09.06-15.44.11:046][201]LogModuleManager: Shutting down and abandoning module Layers (131)
[2015.09.06-15.44.11:069][201]LogModuleManager: Shutting down and abandoning module ComponentVisualizers (130)
[2015.09.06-15.44.11:069][201]LogModuleManager: Shutting down and abandoning module DetailCustomizations (129)
[2015.09.06-15.44.11:069][201]LogModuleManager: Shutting down and abandoning module PackagesDialog (128)
[2015.09.06-15.44.11:081][201]LogModuleManager: Shutting down and abandoning module AssetRegistry (127)
[2015.09.06-15.44.11:192][201]LogModuleManager: Shutting down and abandoning module Persona (126)
[2015.09.06-15.44.11:203][201]LogModuleManager: Shutting down and abandoning module SlateReflector (125)
[2015.09.06-15.44.11:218][201]LogModuleManager: Shutting down and abandoning module LevelEditor (124)
[2015.09.06-15.44.11:218][201]LogModuleManager: Shutting down and abandoning module Kismet (123)
[2015.09.06-15.44.11:218][201]LogModuleManager: Shutting down and abandoning module GraphEditor (122)
[2015.09.06-15.44.11:219][201]LogModuleManager: Shutting down and abandoning module ClassViewer (121)
[2015.09.06-15.44.11:219][201]LogModuleManager: Shutting down and abandoning module Toolbox (120)
[2015.09.06-15.44.11:219][201]LogModuleManager: Shutting down and abandoning module ModuleUI (119)
[2015.09.06-15.44.11:232][201]LogModuleManager: Shutting down and abandoning module MovieSceneTools (118)
[2015.09.06-15.44.11:242][201]LogModuleManager: Shutting down and abandoning module OutputLog (117)
[2015.09.06-15.44.11:242][201]LogModuleManager: Shutting down and abandoning module GammaUI (116)
[2015.09.06-15.44.11:253][201]LogModuleManager: Shutting down and abandoning module Documentation (115)
[2015.09.06-15.44.11:253][201]LogModuleManager: Shutting down and abandoning module GameLiveStreaming (114)
[2015.09.06-15.44.11:253][201]LogModuleManager: Shutting down and abandoning module StreamingPauseRendering (113)
[2015.09.06-15.44.11:253][201]LogModuleManager: Shutting down and abandoning module HTTP (112)
[2015.09.06-15.44.11:265][201]LogModuleManager: Shutting down and abandoning module AnalyticsET (111)
[2015.09.06-15.44.11:265][201]LogModuleManager: Shutting down and abandoning module Analytics (110)
[2015.09.06-15.44.11:265][201]LogModuleManager: Shutting down and abandoning module AITestSuite (109)
[2015.09.06-15.44.11:265][201]LogModuleManager: Shutting down and abandoning module GameplayDebugger (108)
[2015.09.06-15.44.11:265][201]LogModuleManager: Shutting down and abandoning module AIModule (107)
[2015.09.06-15.44.11:265][201]LogModuleManager: Shutting down and abandoning module ProfilerService (106)
[2015.09.06-15.44.11:409][201]LogModuleManager: Shutting down and abandoning module TaskGraph (105)
[2015.09.06-15.44.11:423][201]LogModuleManager: Shutting down and abandoning module SlateRemote (104)
[2015.09.06-15.44.11:423][201]LogModuleManager: Shutting down and abandoning module ScriptEditorPlugin (103)
[2015.09.06-15.44.11:423][201]LogModuleManager: Shutting down and abandoning module CustomMeshComponent (102)
[2015.09.06-15.44.11:423][201]LogModuleManager: Shutting down and abandoning module CableComponent (101)
[2015.09.06-15.44.11:423][201]LogModuleManager: Shutting down and abandoning module MessagingDebugger (100)
[2015.09.06-15.44.11:440][201]LogModuleManager: Shutting down and abandoning module MediaPlayerEditor (99)
[2015.09.06-15.44.11:443][201]LogModuleManager: Shutting down and abandoning module SpeedTreeImporter (98)
[2015.09.06-15.44.11:443][201]LogModuleManager: Shutting down and abandoning module PluginsEditor (97)
[2015.09.06-15.44.11:443][201]LogModuleManager: Shutting down and abandoning module MainFrame (96)
[2015.09.06-15.44.11:443][201]LogModuleManager: Shutting down and abandoning module EpicSurvey (95)
[2015.09.06-15.44.11:443][201]LogModuleManager: Shutting down and abandoning module DesktopPlatform (94)
[2015.09.06-15.44.11:443][201]LogModuleManager: Shutting down and abandoning module DirectoryWatcher (93)
[2015.09.06-15.44.11:443][201]LogModuleManager: Shutting down and abandoning module HotReload (92)
[2015.09.06-15.44.11:444][201]LogModuleManager: Shutting down and abandoning module VisualStudioSourceCodeAccess (91)
[2015.09.06-15.44.11:444][201]LogModuleManager: Shutting down and abandoning module UObjectPlugin (90)
[2015.09.06-15.44.11:444][201]LogModuleManager: Shutting down and abandoning module SubversionSourceControl (89)
[2015.09.06-15.44.11:444][201]LogModuleManager: Shutting down and abandoning module PerforceSourceControl (88)
[2015.09.06-15.44.11:455][201]LogModuleManager: Shutting down and abandoning module SourceControl (87)
[2015.09.06-15.44.11:455][201]LogModuleManager: Shutting down and abandoning module GitSourceControl (86)
[2015.09.06-15.44.11:455][201]LogModuleManager: Shutting down and abandoning module BlankPlugin (85)
[2015.09.06-15.44.11:455][201]LogModuleManager: Shutting down and abandoning module PaperTiledImporter (84)
[2015.09.06-15.44.11:456][201]LogModuleManager: Shutting down and abandoning module PaperJsonImporter (83)
[2015.09.06-15.44.11:456][201]LogModuleManager: Shutting down and abandoning module ContentBrowser (82)
[2015.09.06-15.44.11:456][201]LogModuleManager: Shutting down and abandoning module Paper2DEditor (81)
[2015.09.06-15.44.11:477][201]LogModuleManager: Shutting down and abandoning module ScriptPlugin (80)
[2015.09.06-15.44.11:478][201]LogModuleManager: Shutting down and abandoning module UdpMessaging (79)
[2015.09.06-15.44.11:579][201]LogModuleManager: Shutting down and abandoning module Paper2D (78)
[2015.09.06-15.44.11:579][201]LogModuleManager: Shutting down and abandoning module WindowsMoviePlayer (77)
[2015.09.06-15.44.11:582][201]LogModuleManager: Shutting down and abandoning module Media (76)
[2015.09.06-15.44.11:582][201]LogModuleManager: Shutting down and abandoning module WmfMedia (75)
[2015.09.06-15.44.11:582][201]LogModuleManager: Shutting down and abandoning module OnlineBlueprintSupport (74)
[2015.09.06-15.44.11:582][201]LogModuleManager: Shutting down and abandoning module PropertyEditor (73)
[2015.09.06-15.44.11:582][201]LogModuleManager: Shutting down and abandoning module BehaviorTreeEditor (72)
[2015.09.06-15.44.11:595][201]LogModuleManager: Shutting down and abandoning module FunctionalTesting (71)
[2015.09.06-15.44.11:595][201]LogModuleManager: Shutting down and abandoning module CollisionAnalyzer (70)
[2015.09.06-15.44.11:618][201]LogModuleManager: Shutting down and abandoning module WorkspaceMenuStructure (69)
[2015.09.06-15.44.11:619][201]LogModuleManager: Shutting down and abandoning module MessageLog (68)
[2015.09.06-15.44.11:619][201]LogModuleManager: Shutting down and abandoning module Sequencer (67)
[2015.09.06-15.44.11:620][201]LogModuleManager: Shutting down and abandoning module AssetTools (66)
[2015.09.06-15.44.11:622][201]LogModuleManager: Shutting down and abandoning module UMGEditor (65)
[2015.09.06-15.44.11:631][201]LogModuleManager: Shutting down and abandoning module UMG (64)
[2015.09.06-15.44.11:631][201]LogModuleManager: Shutting down and abandoning module Slate (63)
[2015.09.06-15.44.11:631][201]LogModuleManager: Shutting down and abandoning module EditorStyle (62)
[2015.09.06-15.44.11:634][201]LogModuleManager: Shutting down and abandoning module SessionServices (61)
[2015.09.06-15.44.11:634][201]LogModuleManager: Shutting down and abandoning module SourceCodeAccess (60)
[2015.09.06-15.44.11:634][201]LogModuleManager: Shutting down and abandoning module HeadMountedDisplay (59)
[2015.09.06-15.44.11:634][201]LogModuleManager: Shutting down and abandoning module XAudio2 (58)
[2015.09.06-15.44.11:634][201]LogModuleManager: Shutting down and abandoning module Networking (56)
[2015.09.06-15.44.11:634][201]LogModuleManager: Shutting down and abandoning module Core (55)
[2015.09.06-15.44.11:634][201]LogModuleManager: Shutting down and abandoning module KismetCompiler (54)
[2015.09.06-15.44.11:634][201]LogModuleManager: Shutting down and abandoning module PhysXFormats (53)
[2015.09.06-15.44.11:634][201]LogModuleManager: Shutting down and abandoning module MeshUtilities (52)
[2015.09.06-15.44.11:645][201]LogModuleManager: Shutting down and abandoning module DerivedDataCache (51)
[2015.09.06-15.44.11:971][201]LogDerivedDataCache: Shutdown
[2015.09.06-15.44.11:972][201]LogModuleManager: Shutting down and abandoning module ShaderFormatOpenGL (50)
[2015.09.06-15.44.11:994][201]LogModuleManager: Shutting down and abandoning module ShaderFormatD3D (49)
[2015.09.06-15.44.11:994][201]LogModuleManager: Shutting down and abandoning module MetalShaderFormat (48)
[2015.09.06-15.44.13:230][201]LogModuleManager: Shutting down and abandoning module TextureFormatUncompressed (47)
[2015.09.06-15.44.13:230][201]LogModuleManager: Shutting down and abandoning module TextureFormatPVR (46)
[2015.09.06-15.44.13:230][201]LogModuleManager: Shutting down and abandoning module TextureFormatIntelISPCTexComp (45)
[2015.09.06-15.44.13:230][201]LogModuleManager: Shutting down and abandoning module TextureFormatDXT (44)
[2015.09.06-15.44.13:230][201]LogModuleManager: Shutting down and abandoning module ImageWrapper (43)
[2015.09.06-15.44.13:230][201]LogModuleManager: Shutting down and abandoning module TextureFormatASTC (42)
[2015.09.06-15.44.13:230][201]LogModuleManager: Shutting down and abandoning module TextureFormatAndroid (41)
[2015.09.06-15.44.13:230][201]LogModuleManager: Shutting down and abandoning module AudioFormatOpus (40)
[2015.09.06-15.44.13:230][201]LogModuleManager: Shutting down and abandoning module AudioFormatOgg (39)
[2015.09.06-15.44.13:230][201]LogModuleManager: Shutting down and abandoning module AudioFormatADPCM (38)
[2015.09.06-15.44.13:230][201]LogModuleManager: Shutting down and abandoning module LinuxTargetPlatform (37)
[2015.09.06-15.44.13:230][201]LogModuleManager: Shutting down and abandoning module LinuxServerTargetPlatform (36)
[2015.09.06-15.44.13:230][201]LogModuleManager: Shutting down and abandoning module LinuxNoEditorTargetPlatform (35)
[2015.09.06-15.44.13:230][201]LogModuleManager: Shutting down and abandoning module Messaging (34)
[2015.09.06-15.44.13:230][201]LogModuleManager: Shutting down and abandoning module IOSTargetPlatform (33)
[2015.09.06-15.44.13:230][201]LogModuleManager: Shutting down and abandoning module HTML5TargetPlatform (32)
[2015.09.06-15.44.13:230][201]LogModuleManager: Shutting down and abandoning module Android_PVRTCTargetPlatform (31)
[2015.09.06-15.44.13:230][201]LogModuleManager: Shutting down and abandoning module Android_ETC2TargetPlatform (30)
[2015.09.06-15.44.13:230][201]LogModuleManager: Shutting down and abandoning module Android_ETC1TargetPlatform (29)
[2015.09.06-15.44.13:230][201]LogModuleManager: Shutting down and abandoning module Android_ES31TargetPlatform (28)
[2015.09.06-15.44.13:230][201]LogModuleManager: Shutting down and abandoning module Android_DXTTargetPlatform (27)
[2015.09.06-15.44.13:230][201]LogModuleManager: Shutting down and abandoning module Android_ATCTargetPlatform (26)
[2015.09.06-15.44.13:230][201]LogModuleManager: Shutting down and abandoning module AndroidTargetPlatform (25)
[2015.09.06-15.44.13:230][201]LogModuleManager: Shutting down and abandoning module WindowsTargetPlatform (24)
[2015.09.06-15.44.13:230][201]LogModuleManager: Shutting down and abandoning module WindowsServerTargetPlatform (23)
[2015.09.06-15.44.13:230][201]LogModuleManager: Shutting down and abandoning module WindowsNoEditorTargetPlatform (22)
[2015.09.06-15.44.13:230][201]LogModuleManager: Shutting down and abandoning module WindowsClientTargetPlatform (21)
[2015.09.06-15.44.13:230][201]LogModuleManager: Shutting down and abandoning module TargetPlatform (20)
[2015.09.06-15.44.13:230][201]LogModuleManager: Shutting down and abandoning module InputCore (19)
[2015.09.06-15.44.13:230][201]LogModuleManager: Shutting down and abandoning module Settings (18)
[2015.09.06-15.44.13:230][201]LogModuleManager: Shutting down and abandoning module OnlineSubsystem (16)
[2015.09.06-15.44.13:230][201]LogModuleManager: Shutting down and abandoning module OculusRift (15)
[2015.09.06-15.44.13:230][201]LogModuleManager: Shutting down and abandoning module ExampleDeviceProfileSelector (14)
[2015.09.06-15.44.13:230][201]LogModuleManager: Shutting down and abandoning module TextureCompressor (13)
[2015.09.06-15.44.13:231][201]LogModuleManager: Shutting down and abandoning module ShaderCore (12)
[2015.09.06-15.44.13:231][201]LogModuleManager: Shutting down and abandoning module Landscape (11)
[2015.09.06-15.44.13:231][201]LogModuleManager: Shutting down and abandoning module SlateRHIRenderer (10)
[2015.09.06-15.44.13:234][201]LogModuleManager: Shutting down and abandoning module OpenGLDrv (9)
[2015.09.06-15.44.13:234][201]LogModuleManager: Shutting down and abandoning module D3D11RHI (8)
[2015.09.06-15.44.13:234][201]LogModuleManager: Shutting down and abandoning module Renderer (7)
[2015.09.06-15.44.13:234][201]LogModuleManager: Shutting down and abandoning module Engine (6)
[2015.09.06-15.44.13:234][201]LogModuleManager: Shutting down and abandoning module CoreUObject (5)
[2015.09.06-15.44.13:234][201]LogModuleManager: Shutting down and abandoning module NetworkFile (4)
[2015.09.06-15.44.14:061][201]LogModuleManager: Shutting down and abandoning module StreamingFile (3)
[2015.09.06-15.44.14:061][201]LogModuleManager: Shutting down and abandoning module SandboxFile (2)
[2015.09.06-15.44.14:061][201]LogModuleManager: Shutting down and abandoning module PakFile (1)
[2015.09.06-15.44.14:113][201]LogExit: Exiting.
[2015.09.06-15.44.14:122][201]Log file closed, 09/06/15 08:44:14
