Log file open, 05/06/15 15:13:15
LogInit:Display: Running engine for game: WilliamTheBrave
LogInit: Version: 4.7.2-2467323+++depot+UE4-Releases+4.7
LogInit: API Version: 2455222
LogInit: Compiled (64-bit): Mar  2 2015 23:16:34
LogInit: Compiled with Visual C++: 18.00.21005.01
LogInit: Build Configuration: Development
LogInit: Branch Name: ++depot+UE4-Releases+4.7
LogInit: Command line:  
LogInit: Base directory: C:/Program Files/Unreal Engine/4.7/Engine/Binaries/Win64/
LogInit: Rocket: 1
[2015.05.06-22.13.15:617][  0]LogTaskGraph: Started task graph with 3 named threads and 6 total threads.
[2015.05.06-22.13.15:674][  0]LogOnline:Warning: No default platform service specified for OnlineSubsystem
[2015.05.06-22.13.15:689][  0]LogInit: Presizing for 0 objects not considered by GC, pre-allocating 0 bytes.
[2015.05.06-22.13.15:700][  0]LogInit: Object subsystem initialized
[2015.05.06-22.13.15:702][  0]LogConsoleResponse:Warning: Skipping Unknown console variable: 'TranslucentSortAxis = (X=0.000000,Y=-1.000000,Z=0.000000)'
[2015.05.06-22.13.15:702][  0]LogConsoleResponse:Warning:   Found in ini file 'S:/GameDev/WilliamTheBrave/Saved/Config/Windows/Engine.ini', in section '[/Script/Engine.RendererSettings]'
[2015.05.06-22.13.15:702][  0]LogConsoleResponse:Warning: Skipping Unknown console variable: 'UIScaleRule = ShortestSide'
[2015.05.06-22.13.15:702][  0]LogConsoleResponse:Warning:   Found in ini file 'S:/GameDev/WilliamTheBrave/Saved/Config/Windows/Engine.ini', in section '[/Script/Engine.RendererSettings]'
[2015.05.06-22.13.15:702][  0]LogConsoleResponse:Warning: Skipping Unknown console variable: 'UIScaleCurve = (EditorCurveData=(Keys=),ExternalCurve=None)'
[2015.05.06-22.13.15:702][  0]LogConsoleResponse:Warning:   Found in ini file 'S:/GameDev/WilliamTheBrave/Saved/Config/Windows/Engine.ini', in section '[/Script/Engine.RendererSettings]'
[2015.05.06-22.13.15:703][  0]LogInit: Selected Device Profile: [Windows]
[2015.05.06-22.13.15:703][  0]LogInit: Applying CVar settings loaded from the selected device profile: [Windows]
[2015.05.06-22.13.15:709][  0]LogInit: Computer: FRED
[2015.05.06-22.13.15:709][  0]LogInit: User: William
[2015.05.06-22.13.15:709][  0]LogInit: CPU Page size=4096, Cores=4
[2015.05.06-22.13.15:709][  0]LogInit: High frequency timer resolution =2.923050 MHz
[2015.05.06-22.13.15:709][  0]LogMemory: Memory total: Physical=8.0GB (8GB approx) Virtual=131072.0GB
[2015.05.06-22.13.15:709][  0]LogMemory: Platform Memory Stats for Windows
[2015.05.06-22.13.15:709][  0]LogMemory: Process Physical Memory: 45.70 MB used, 45.70 MB peak
[2015.05.06-22.13.15:709][  0]LogMemory: Process Virtual Memory: 24.49 MB used, 24.49 MB peak
[2015.05.06-22.13.15:709][  0]LogMemory: Physical Memory: 4713.40 MB used, 8174.32 MB total
[2015.05.06-22.13.15:709][  0]LogMemory: Virtual Memory: 286.23 MB used, 134217728.00 MB total
[2015.05.06-22.13.15:728][  0]LogD3D11RHI: Found D3D11 adapter 0: NVIDIA GeForce GTS 450    (Feature Level 11_0)
[2015.05.06-22.13.15:728][  0]LogD3D11RHI: Adapter has 971MB of dedicated video memory, 0MB of dedicated system memory, and 3071MB of shared system memory, 1 output[s]
[2015.05.06-22.13.15:730][  0]LogD3D11RHI: Found D3D11 adapter 1: Microsoft Basic Render Driver (Feature Level 11_0)
[2015.05.06-22.13.15:730][  0]LogD3D11RHI: Adapter has 0MB of dedicated video memory, 0MB of dedicated system memory, and 256MB of shared system memory, 0 output[s]
[2015.05.06-22.13.15:730][  0]LogD3D11RHI: Chosen D3D11 Adapter Id = 0
[2015.05.06-22.13.15:734][  0]LogRHI: Texture pool is 680 MB (70% of 971 MB)
[2015.05.06-22.13.15:742][  0]LogD3D11RHI: Async texture creation enabled
[2015.05.06-22.13.15:836][  0]LogTextLocalizationManager: The requested culture ('en_US') has no localization data; parent culture's ('en') localization data will be used.
[2015.05.06-22.13.15:979][  0]LogContentStreaming: Texture pool size is 0.000000MB
[2015.05.06-22.13.19:749][  0]LogTargetPlatformManager:Display: Building Assets For Windows
[2015.05.06-22.13.20:541][  0]LogTargetPlatformManager:Display: Building Assets For Windows
[2015.05.06-22.13.20:614][  0]LogDerivedDataCache:Display: Max Cache Size: 512 MB
[2015.05.06-22.13.21:818][  0]LogDerivedDataCache: Loaded boot cache 1.20s 39MB C:/Users/William/AppData/Local/UnrealEngine/4.7/DerivedDataCache/Boot.ddc.
[2015.05.06-22.13.21:818][  0]LogDerivedDataCache:Display: Loaded Boot cache: C:/Users/William/AppData/Local/UnrealEngine/4.7/DerivedDataCache/Boot.ddc
[2015.05.06-22.13.21:818][  0]LogDerivedDataCache: FDerivedDataBackendGraph:  Pak pak cache file S:/GameDev/WilliamTheBrave/DerivedDataCache/DDC.ddp not found, will not use a pak cache.
[2015.05.06-22.13.21:818][  0]LogDerivedDataCache: Unable to find inner node Pak for hierarchical cache Hierarchy.
[2015.05.06-22.13.21:981][  0]LogDerivedDataCache:Display: Pak cache opened for reading ../../../Engine/DerivedDataCache/Compressed.ddp.
[2015.05.06-22.13.21:994][  0]LogDerivedDataCache: Using Local data cache path C:/Users/William/AppData/Local/UnrealEngine/Common/DerivedDataCache: Writable
[2015.05.06-22.13.22:329][  0]LogMeshUtilities: No automatic mesh reduction module available
[2015.05.06-22.13.22:329][  0]LogMeshUtilities: No automatic mesh merging module available
[2015.05.06-22.13.22:767][  0]LogInit: WinSock: version 1.1 (2.2), MaxSocks=32767, MaxUdp=65467
[2015.05.06-22.13.22:910][  0]LogSlate:Warning: Failed to load font data from '../../../Engine/Content/Slate/Fonts/Roboto-Italic.ttf'
[2015.05.06-22.13.38:461][  0]UdpMessaging: Initializing bridge on interface 0.0.0.0:0 to multicast group 230.0.0.1:6666.
[2015.05.06-22.13.38:828][  0]SourceControl: Info Source control is disabled
[2015.05.06-22.13.38:829][  0]SourceControl: Info Source control is disabled
[2015.05.06-22.13.38:829][  0]SourceControl: Info Source control is disabled
[2015.05.06-22.13.38:838][  0]LogSourceControl: RunCommandInternalRaw: 'git version'
[2015.05.06-22.13.38:839][  0]LogSourceControl: RunCommandInternalRaw: ExecProcess ReturnCode=2 OutResults=''
[2015.05.06-22.13.39:282][  0]LogObj: 24231 objects as part of root set at end of initial load.
[2015.05.06-22.13.39:282][  0]LogUObjectAllocator: 5136440 out of 0 bytes used by permanent object pool.
[2015.05.06-22.13.39:372][  0]LogEngine: Initializing Engine...
[2015.05.06-22.13.41:584][  0]LogInit: XAudio2 using 'Speakers (High Definition Audio Device)' : 2 channels at 44.1 kHz using 16 bits per sample (channel mask 0x3)
[2015.05.06-22.13.41:591][  0]LogInit: FAudioDevice initialized.
[2015.05.06-22.13.41:637][  0]LogAIModule: Creating AISystem for world NewWorld
[2015.05.06-22.13.41:661][  0]LogDerivedDataCache: Saved boot cache 0.02s 39MB C:/Users/William/AppData/Local/UnrealEngine/4.7/DerivedDataCache/Boot.ddc.
[2015.05.06-22.13.41:669][  0]LogInit: Texture streaming: Enabled
[2015.05.06-22.13.41:773][  0]LogAnalytics: Creating configured Analytics provider AnalyticsET
[2015.05.06-22.13.41:773][  0]LogAnalytics: ET APIKey = Rocket.Release. APIServer = http://et2.epicgames.com/ET2/. AppVersion = 4.7.2-2467323+++depot+UE4-Releases+4.7
[2015.05.06-22.13.41:773][  0]LogAnalytics: ET APIKey = Rocket.Release. DataRouterUploadURL = https://datarouter-public-service-gamedev.ol.epicgames.net/datarouter/api/v1/public/data. AppVersion = 4.7.2-2467323+++depot+UE4-Releases+4.7
[2015.05.06-22.13.41:773][  0]LogAnalytics: SetUserId 36daed364a6088c1be5d00993336a085|9b9f7eefc88a4ce5a9f9ea0297ce6769|8ef09727-ec57-4232-a159-43540120937a
[2015.05.06-22.13.41:773][  0]LogAnalytics: AnalyticsET::StartSession [Rocket.Release]
[2015.05.06-22.13.41:826][  0]LogInit: Transaction tracking system initialized
[2015.05.06-22.13.42:061][  0]BlueprintLog: New page: Editor Load
[2015.05.06-22.13.42:107][  0]LogAssetRegistry: FAssetRegistry took 0.0105 seconds to start up
[2015.05.06-22.13.42:107][  0]LogDirectoryWatcher:Warning: Failed to begin reading directory changes for ../../../Engine/Plugins/Experimental/CharacterAI/Content/. Error: 0
[2015.05.06-22.13.42:901][  0]LogTargetPlatformManager:Display: Building Assets For Windows
[2015.05.06-22.13.43:506][  0]LogTargetPlatformManager:Display: Building Assets For Windows
[2015.05.06-22.13.43:789][  0]LogSlate:Warning: Failed to load font data from '../../../Engine/Content/Editor/Slate/Fonts/Roboto-Regular.ttf'
[2015.05.06-22.13.43:789][  0]LogSlate:Warning: Failed to load font data from '../../../Engine/Content/Editor/Slate/Fonts/Roboto-Bold.ttf'
[2015.05.06-22.13.44:036][  0]LogConsoleResponse:Display: 
[2015.05.06-22.13.44:182][  0]LogCook:Display: Done creating registry. It took  0.00s.
[2015.05.06-22.13.44:796][  0]LogSourceControl: RunCommandInternalRaw: 'git version'
[2015.05.06-22.13.44:796][  0]LogSourceControl: RunCommandInternalRaw: ExecProcess ReturnCode=2 OutResults=''
[2015.05.06-22.13.44:796][  0]Cmd: MAP LOAD FILE="../../../Engine/Content/Maps/Templates/Template_Default.umap" TEMPLATE=1 SHOWPROGRESS=1 FEATURELEVEL=3
[2015.05.06-22.13.44:851][  0]LightingResults: New page: Lighting Build
[2015.05.06-22.13.44:866][  0]MapCheck: New page: Map Check
[2015.05.06-22.13.44:866][  0]LightingResults: New page: Lighting Build
[2015.05.06-22.13.44:875][  0]LogParticles: Destroying 0 GPU particle simulations for FXSystem 0x0000006A6CB6BB00
[2015.05.06-22.13.45:628][  0]LogEditorServer: Finished looking for orphan Actors (0.000 secs)
[2015.05.06-22.13.45:628][  0]LogAIModule: Creating AISystem for world Untitled_1
[2015.05.06-22.13.45:628][  0]Cmd: MAP CHECKDEP
[2015.05.06-22.13.45:628][  0]MapCheck: New page: Untitled_1 - May 6, 2015, 8:13:45 AM
[2015.05.06-22.13.45:712][  0]MapCheck: Info Map check complete: 0 Error(s), 0 Warning(s), took 83.215ms to complete.
[2015.05.06-22.13.45:712][  0]LogFileHelpers: Loading map 'Template_Default' took 0.915
[2015.05.06-22.13.45:805][  0]LogCollectionManager: Loaded 0 collections in 0.001711 seconds
[2015.05.06-22.13.45:816][  0]LogContentBrowser: Native class hierarchy populated in 0.0113 seconds. Added 1696 classes and 261 folders.
[2015.05.06-22.13.45:994][  0]LogContentBrowser: Native class hierarchy updated for 'SceneOutliner' in 0.0021 seconds. Added 1 classes and 2 folders.
[2015.05.06-22.13.46:050][  0]LogCrashTracker: Crashtracker disabled due to settings.
[2015.05.06-22.13.46:051][  0]LogSlate:Warning: Failed to load font data from 'Veranda'
[2015.05.06-22.13.46:058][  0]LogUObjectGlobals:Warning: Failed to find object 'Class None.'
[2015.05.06-22.13.46:086][  0]LogLoad: Full Startup: 32.44 seconds (BP compile: 0.10 seconds)
[2015.05.06-22.13.46:435][  0]LogContentBrowser:Verbose: The content browser source was changed by the sources view to '/Game/Maps/Temple'
[2015.05.06-22.13.46:563][  0]LogRenderer:Warning: Reallocating scene render targets to support 32x32 (Frame:2).
[2015.05.06-22.13.46:684][  0]LogRenderer:Warning: Reallocating scene render targets to support 712x616 (Frame:4).
[2015.05.06-22.13.59:474][ 39]LogAssetRegistry: Asset discovery search completed in 17.3775 seconds
[2015.05.06-22.15.03:859][645]LogContentBrowser:Verbose: The content browser source was changed by the sources view to '/Game/Blueprints'
[2015.05.06-22.15.10:485][421]LogPlayLevel: PIE:  No blueprints needed recompiling
[2015.05.06-22.15.10:486][421]PIE: New page: PIE session: Untitled_1 (May 6, 2015, 8:15:10 AM)
[2015.05.06-22.15.10:504][421]LogPlayLevel: PIE: StaticDuplicateObject took: (0.017745s)
[2015.05.06-22.15.10:505][421]LogPlayLevel: PIE: World Init took: (0.000890s)
[2015.05.06-22.15.10:505][421]LogPlayLevel: PIE: Created PIE world by copying editor world from /Temp/Untitled_1.Untitled_1 to /Temp/UEDPIE_0_Untitled_1.Untitled_1 (0.018930s)
[2015.05.06-22.15.10:552][421]LogWorld: Game class is 'GameMode'
[2015.05.06-22.15.10:554][421]LogAIModule: Creating AISystem for world Untitled_1
[2015.05.06-22.15.10:556][421]LogWorld: Bringing World /Temp/UEDPIE_0_Untitled_1.Untitled_1 up for play (max tick rate 0) at 2015.05.06-15.15.10
[2015.05.06-22.15.10:557][421]LogWorld: Bringing up level for play took: 0.001856
[2015.05.06-22.15.10:559][421]PIE: Info Play in editor start time for /Temp/UEDPIE_0_Untitled_1 0.718
[2015.05.06-22.15.13:454][756]LogParticles: Destroying 0 GPU particle simulations for FXSystem 0x0000006A033B8400
[2015.05.06-22.15.24:738][ 83]Cmd: MAP LOAD FILE="S:/GameDev/WilliamTheBrave/Content/Maps/Temple/Temple.umap" TEMPLATE=0 SHOWPROGRESS=1 FEATURELEVEL=3
[2015.05.06-22.15.24:797][ 83]LightingResults: New page: Lighting Build
[2015.05.06-22.15.24:850][ 83]LoadErrors: New page: Loading map: Temple.umap
[2015.05.06-22.15.24:851][ 83]MapCheck: New page: Map Check
[2015.05.06-22.15.24:851][ 83]LightingResults: New page: Lighting Build
[2015.05.06-22.15.24:859][ 83]LogParticles: Destroying 0 GPU particle simulations for FXSystem 0x0000006A753E3A60
[2015.05.06-22.15.25:025][ 83]LogEditorServer: Finished looking for orphan Actors (0.000 secs)
[2015.05.06-22.15.25:025][ 83]LogAIModule: Creating AISystem for world Temple
[2015.05.06-22.15.25:060][ 83]Cmd: MAP CHECKDEP
[2015.05.06-22.15.25:060][ 83]MapCheck: New page: Temple - May 6, 2015, 8:15:25 AM
[2015.05.06-22.15.25:148][ 83]MapCheck: Info Map check complete: 0 Error(s), 0 Warning(s), took 87.336ms to complete.
[2015.05.06-22.15.25:148][ 83]LogFileHelpers: Loading map 'Temple' took 0.412
[2015.05.06-22.15.40:041][688]LogNavigationPoint: PostEditMove Clear paths rebuilt
[2015.05.06-22.15.42:675][932]LogNavigationPoint: PostEditMove Clear paths rebuilt
[2015.05.06-22.15.46:847][420]LogNavigationPoint: PostEditMove Clear paths rebuilt
[2015.05.06-22.15.48:513][608]LogPlayLevel: PIE:  No blueprints needed recompiling
[2015.05.06-22.15.48:513][608]PIE: New page: PIE session: Temple (May 6, 2015, 8:15:48 AM)
[2015.05.06-22.15.48:520][608]LogPlayLevel: PIE: StaticDuplicateObject took: (0.006910s)
[2015.05.06-22.15.48:521][608]LogPlayLevel: PIE: World Init took: (0.000609s)
[2015.05.06-22.15.48:521][608]LogPlayLevel: PIE: Created PIE world by copying editor world from /Game/Maps/Temple/Temple.Temple to /Game/Maps/Temple/UEDPIE_0_Temple.Temple (0.007703s)
[2015.05.06-22.15.48:551][608]LogWorld: Game class is 'GameMode'
[2015.05.06-22.15.48:553][608]LogAIModule: Creating AISystem for world Temple
[2015.05.06-22.15.48:559][608]LogWorld: Bringing World /Game/Maps/Temple/UEDPIE_0_Temple.Temple up for play (max tick rate 0) at 2015.05.06-15.15.48
[2015.05.06-22.15.48:560][608]LogWorld: Bringing up level for play took: 0.006578
[2015.05.06-22.15.48:562][608]PIE: Info Play in editor start time for /Game/Maps/Temple/UEDPIE_0_Temple 0.72
[2015.05.06-22.16.00:632][ 36]LogParticles: Destroying 0 GPU particle simulations for FXSystem 0x0000006A7667F4C0
[2015.05.06-22.16.08:934][884]LogNavigationPoint: PostEditMove Clear paths rebuilt
[2015.05.06-22.16.09:777][983]LogNavigationPoint: PostEditMove Clear paths rebuilt
[2015.05.06-22.16.10:449][ 63]Cmd: SELECT NONE
[2015.05.06-22.16.31:183][422]Cmd: SELECT NONE
[2015.05.06-22.16.31:627][475]LogEditorViewport: Clicking on Actor (context menu): StaticMeshActor (Cylinder)
[2015.05.06-22.16.31:869][475]LogBlueprint:Warning: [compiler] Warning Input Axis Event references unknown Axis 'Right' for  InputAxis Right 
[2015.05.06-22.16.31:870][475]LogBlueprint:Warning: [compiler] Warning Input Axis Event references unknown Axis 'Foward' for  InputAxis Foward 
[2015.05.06-22.16.31:872][475]LogBlueprint:Warning: [compiler] Warning Input Axis Event references unknown Axis 'MouseUp' for  InputAxis MouseUp 
[2015.05.06-22.16.31:873][475]LogBlueprint:Warning: [compiler] Warning Input Axis Event references unknown Axis 'MouseLeft' for  InputAxis MouseLeft 
[2015.05.06-22.16.31:887][475]LogBlueprint:Warning: [compiler] Warning [0198.24] Compile of William successful, but with 4 Warning(s) [in 59 ms]
[2015.05.06-22.16.31:887][475]LogBlueprint:Warning: [compiler] Warning [0198.24] Compile of William successful, but with 5 Warning(s) [in 0 ms]
[2015.05.06-22.16.31:888][475]LogBlueprint:Warning: [compiler] Warning [0198.24] Compile of William successful, but with 6 Warning(s) [in 0 ms]
[2015.05.06-22.16.31:888][475]LogBlueprint:Warning: [compiler] Warning [0198.24] Compile of William successful, but with 7 Warning(s) [in 0 ms]
[2015.05.06-22.16.31:939][475]LogBlueprint:Warning: [compiler] Warning Input Axis Event references unknown Axis 'Right' for  InputAxis Right 
[2015.05.06-22.16.31:940][475]LogBlueprint:Warning: [compiler] Warning Input Axis Event references unknown Axis 'Foward' for  InputAxis Foward 
[2015.05.06-22.16.31:941][475]LogBlueprint:Warning: [compiler] Warning Input Axis Event references unknown Axis 'MouseUp' for  InputAxis MouseUp 
[2015.05.06-22.16.31:943][475]LogBlueprint:Warning: [compiler] Warning Input Axis Event references unknown Axis 'MouseLeft' for  InputAxis MouseLeft 
[2015.05.06-22.16.31:946][475]LogBlueprint:Warning: [compiler] Warning [0198.30] Compile of William successful, but with 4 Warning(s) [in 23 ms]
[2015.05.06-22.16.31:946][475]LogBlueprint:Warning: [compiler] Warning [0198.30] Compile of William successful, but with 5 Warning(s) [in 0 ms]
[2015.05.06-22.16.32:829][559]LogEditorViewport: Clicking on Actor (LMB): StaticMeshActor (Cylinder)
[2015.05.06-22.16.33:454][629]LogEditorViewport: Clicking on Actor (context menu): StaticMeshActor (Cylinder)
[2015.05.06-22.16.34:533][740]LogEditorViewport: Clicking on Actor (LMB): StaticMeshActor (Cylinder)
[2015.05.06-22.16.36:629][934]Cmd: DELETE
[2015.05.06-22.16.36:629][934]Cmd: ACTOR DELETE
[2015.05.06-22.16.36:630][934]LogEditorActor: Deleted Actor: StaticMeshActor
[2015.05.06-22.16.36:643][934]LogEditorActor: Deleted 1 Actors (0.014 secs)
[2015.05.06-22.16.50:151][451]Cmd: DELETE
[2015.05.06-22.16.50:151][451]Cmd: ACTOR DELETE
[2015.05.06-22.16.50:152][451]LogEditorActor: Deleted Actor: Actor
[2015.05.06-22.16.50:162][451]LogEditorActor: Deleted 1 Actors (0.011 secs)
[2015.05.06-22.16.54:814][948]LogPlayLevel: PIE:  No blueprints needed recompiling
[2015.05.06-22.16.54:814][948]PIE: New page: PIE session: Temple (May 6, 2015, 8:16:54 AM)
[2015.05.06-22.16.54:821][948]LogPlayLevel: PIE: StaticDuplicateObject took: (0.007106s)
[2015.05.06-22.16.54:822][948]LogPlayLevel: PIE: World Init took: (0.000692s)
[2015.05.06-22.16.54:822][948]LogPlayLevel: PIE: Created PIE world by copying editor world from /Game/Maps/Temple/Temple.Temple to /Game/Maps/Temple/UEDPIE_0_Temple.Temple (0.007982s)
[2015.05.06-22.16.54:852][948]LogWorld: Game class is 'GameMode'
[2015.05.06-22.16.54:854][948]LogAIModule: Creating AISystem for world Temple
[2015.05.06-22.16.54:861][948]LogWorld: Bringing World /Game/Maps/Temple/UEDPIE_0_Temple.Temple up for play (max tick rate 0) at 2015.05.06-15.16.54
[2015.05.06-22.16.54:861][948]LogWorld: Bringing up level for play took: 0.006731
[2015.05.06-22.16.54:863][948]PIE: Info Play in editor start time for /Game/Maps/Temple/UEDPIE_0_Temple 1.021
[2015.05.06-22.17.02:657][868]LogParticles: Destroying 0 GPU particle simulations for FXSystem 0x0000006A76CCD1C0
[2015.05.06-22.17.25:682][577]LogEditorViewport: Clicking on Actor (LMB): StaticMeshActor (MapPieces_Box001)
[2015.05.06-22.17.26:185][615]LogEditorViewport: Clicking on Actor (CTRL LMB): StaticMeshActor (MapPieces_Box2)
[2015.05.06-22.17.26:686][671]LogEditorViewport: Clicking on Actor (CTRL LMB): StaticMeshActor (MapPieces_Box3)
[2015.05.06-22.17.27:275][737]LogEditorViewport: Clicking on Actor (CTRL LMB): StaticMeshActor (MapPieces_Box4)
[2015.05.06-22.18.42:674][348]LogEditorViewport: Clicking Background
[2015.05.06-22.19.03:249][304]LogEditorViewport: Clicking on Actor (LMB): StaticMeshActor (MapPieces_Box53)
[2015.05.06-22.19.33:325][867]Cmd: SELECT NONE
[2015.05.06-22.19.59:352][946]Cmd: SELECT NONE
[2015.05.06-22.20.01:958][163]LogEditorViewport: Clicking on Actor (LMB): StaticMeshActor (MapPieces_Box38)
[2015.05.06-22.20.08:685][650]Cmd: SELECT NONE
[2015.05.06-22.20.13:070][ 26]LogEditorViewport: Clicking on Actor (LMB): StaticMeshActor (MapPieces_Box50)
[2015.05.06-22.20.17:417][452]Cmd: SELECT NONE
[2015.05.06-22.20.23:258][956]LogEditorViewport: Clicking on Actor (LMB): StaticMeshActor (MapPieces_Box60)
[2015.05.06-22.20.36:592][ 59]Cmd: SELECT NONE
[2015.05.06-22.20.40:099][357]LogEditorViewport: Clicking on Actor (LMB): StaticMeshActor (MapPieces_Box51)
[2015.05.06-22.20.40:252][365]Cmd: DELETE
[2015.05.06-22.20.40:252][365]Cmd: ACTOR DELETE
[2015.05.06-22.20.40:253][365]LogEditorActor: Deleted Actor: StaticMeshActor
[2015.05.06-22.20.40:266][365]LogEditorActor: Deleted 1 Actors (0.014 secs)
[2015.05.06-22.20.40:662][396]LogEditorViewport: Clicking on Actor (LMB): StaticMeshActor (MapPieces_Box52)
[2015.05.06-22.20.40:770][403]Cmd: DELETE
[2015.05.06-22.20.40:771][403]Cmd: ACTOR DELETE
[2015.05.06-22.20.40:771][403]LogEditorActor: Deleted Actor: StaticMeshActor
[2015.05.06-22.20.40:782][403]LogEditorActor: Deleted 1 Actors (0.012 secs)
[2015.05.06-22.20.41:196][452]LogEditorViewport: Clicking on Actor (LMB): StaticMeshActor (MapPieces_Box53)
[2015.05.06-22.20.41:288][458]Cmd: DELETE
[2015.05.06-22.20.41:288][458]Cmd: ACTOR DELETE
[2015.05.06-22.20.41:289][458]LogEditorActor: Deleted Actor: StaticMeshActor
[2015.05.06-22.20.41:300][458]LogEditorActor: Deleted 1 Actors (0.012 secs)
[2015.05.06-22.20.41:963][535]LogEditorViewport: Clicking on Actor (LMB): StaticMeshActor (MapPieces_Box59)
[2015.05.06-22.20.42:099][544]Cmd: DELETE
[2015.05.06-22.20.42:099][544]Cmd: ACTOR DELETE
[2015.05.06-22.20.42:100][544]LogEditorActor: Deleted Actor: StaticMeshActor
[2015.05.06-22.20.42:111][544]LogEditorActor: Deleted 1 Actors (0.011 secs)
[2015.05.06-22.20.45:465][816]LogEditorViewport: Clicking on Actor (LMB): StaticMeshActor (MapPieces_Box41)
[2015.05.06-22.20.45:583][822]Cmd: DELETE
[2015.05.06-22.20.45:584][822]Cmd: ACTOR DELETE
[2015.05.06-22.20.45:585][822]LogEditorActor: Deleted Actor: StaticMeshActor
[2015.05.06-22.20.45:597][822]LogEditorActor: Deleted 1 Actors (0.013 secs)
[2015.05.06-22.20.45:996][859]LogEditorViewport: Clicking on Actor (LMB): StaticMeshActor (MapPieces_Box56)
[2015.05.06-22.20.46:101][866]Cmd: DELETE
[2015.05.06-22.20.46:101][866]Cmd: ACTOR DELETE
[2015.05.06-22.20.46:102][866]LogEditorActor: Deleted Actor: StaticMeshActor
[2015.05.06-22.20.46:113][866]LogEditorActor: Deleted 1 Actors (0.012 secs)
[2015.05.06-22.20.46:594][921]LogEditorViewport: Clicking on Actor (LMB): StaticMeshActor (MapPieces_Box40)
[2015.05.06-22.20.46:710][929]Cmd: DELETE
[2015.05.06-22.20.46:710][929]Cmd: ACTOR DELETE
[2015.05.06-22.20.46:711][929]LogEditorActor: Deleted Actor: StaticMeshActor
[2015.05.06-22.20.46:721][929]LogEditorActor: Deleted 1 Actors (0.011 secs)
[2015.05.06-22.20.47:983][ 65]LogEditorViewport: Clicking on Actor (LMB): StaticMeshActor (MapPieces_Box39)
[2015.05.06-22.20.48:452][111]Cmd: DELETE
[2015.05.06-22.20.48:453][111]Cmd: ACTOR DELETE
[2015.05.06-22.20.48:454][111]LogEditorActor: Deleted Actor: StaticMeshActor
[2015.05.06-22.20.48:465][111]LogEditorActor: Deleted 1 Actors (0.012 secs)
[2015.05.06-22.20.55:056][697]LogEditorViewport: Clicking on Actor (LMB): StaticMeshActor (MapPieces_Box60)
[2015.05.06-22.20.58:152][911]Cmd: SELECT NONE
[2015.05.06-22.20.59:213][  1]LogEditorViewport: Clicking on Actor (LMB): StaticMeshActor (MapPieces_Box62)
[2015.05.06-22.20.59:670][ 38]Cmd: DELETE
[2015.05.06-22.20.59:671][ 38]Cmd: ACTOR DELETE
[2015.05.06-22.20.59:671][ 38]LogEditorActor: Deleted Actor: StaticMeshActor
[2015.05.06-22.20.59:682][ 38]LogEditorActor: Deleted 1 Actors (0.011 secs)
[2015.05.06-22.21.23:938][346]LogRenderer:Warning: Reallocating scene render targets to support 816x616 (Frame:25114).
[2015.05.06-22.21.24:007][347]LogRenderer:Warning: Reallocating scene render targets to support 824x616 (Frame:25116).
[2015.05.06-22.21.37:515][692]LogEditorViewport: Clicking on Actor (LMB): StaticMeshActor (MapPieces_Box61)
[2015.05.06-22.21.47:018][459]LogEditorViewport: Clicking on Actor (LMB): StaticMeshActor (MapPieces_Box58)
[2015.05.06-22.21.47:503][482]LogEditorViewport: Clicking on Actor (CTRL LMB): StaticMeshActor (MapPieces_Box55)
[2015.05.06-22.21.47:870][513]LogEditorViewport: Clicking on Actor (CTRL LMB): StaticMeshActor (MapPieces_Box54)
[2015.05.06-22.21.48:265][551]LogEditorViewport: Clicking on Actor (CTRL LMB): StaticMeshActor (MapPieces_Box57)
[2015.05.06-22.21.48:586][579]LogEditorViewport: Clicking on Actor (CTRL LMB): StaticMeshActor (MapPieces_Box45)
[2015.05.06-22.21.48:950][609]LogEditorViewport: Clicking on Actor (CTRL LMB): StaticMeshActor (MapPieces_Box33)
[2015.05.06-22.21.49:318][642]LogEditorViewport: Clicking on Actor (CTRL LMB): StaticMeshActor (MapPieces_Box37)
[2015.05.06-22.21.49:661][677]LogEditorViewport: Clicking on Actor (CTRL LMB): StaticMeshActor (MapPieces_Box49)
[2015.05.06-22.21.50:263][742]Cmd: DELETE
[2015.05.06-22.21.50:263][742]Cmd: ACTOR DELETE
[2015.05.06-22.21.50:264][742]LogEditorActor: Deleted Actor: StaticMeshActor
[2015.05.06-22.21.50:264][742]LogEditorActor: Deleted Actor: StaticMeshActor
[2015.05.06-22.21.50:265][742]LogEditorActor: Deleted Actor: StaticMeshActor
[2015.05.06-22.21.50:265][742]LogEditorActor: Deleted Actor: StaticMeshActor
[2015.05.06-22.21.50:266][742]LogEditorActor: Deleted Actor: StaticMeshActor
[2015.05.06-22.21.50:266][742]LogEditorActor: Deleted Actor: StaticMeshActor
[2015.05.06-22.21.50:267][742]LogEditorActor: Deleted Actor: StaticMeshActor
[2015.05.06-22.21.50:267][742]LogEditorActor: Deleted Actor: StaticMeshActor
[2015.05.06-22.21.50:278][742]LogEditorActor: Deleted 8 Actors (0.015 secs)
[2015.05.06-22.21.51:406][864]LogEditorViewport: Clicking on Actor (LMB): StaticMeshActor (MapPieces_Box48)
[2015.05.06-22.21.51:610][881]Cmd: DELETE
[2015.05.06-22.21.51:610][881]Cmd: ACTOR DELETE
[2015.05.06-22.21.51:611][881]LogEditorActor: Deleted Actor: StaticMeshActor
[2015.05.06-22.21.51:622][881]LogEditorActor: Deleted 1 Actors (0.011 secs)
[2015.05.06-22.21.52:669][993]LogEditorViewport: Clicking on Actor (LMB): StaticMeshActor (MapPieces_Box44)
[2015.05.06-22.21.53:030][ 28]Cmd: DELETE
[2015.05.06-22.21.53:044][ 28]Cmd: ACTOR DELETE
[2015.05.06-22.21.53:045][ 28]LogEditorActor: Deleted Actor: StaticMeshActor
[2015.05.06-22.21.53:060][ 28]LogEditorActor: Deleted 1 Actors (0.016 secs)
[2015.05.06-22.21.58:522][515]LogEditorViewport: Clicking on Actor (LMB): StaticMeshActor (MapPieces_Box60)
[2015.05.06-22.22.01:510][717]LogEditorViewport: Clicking on Actor (LMB): StaticMeshActor (MapPieces_Box50)
[2015.05.06-22.22.02:493][778]LogEditorViewport: Clicking on Actor (LMB): StaticMeshActor (MapPieces_Box61)
[2015.05.06-22.22.02:955][804]LogEditorViewport: Clicking on Actor (LMB): StaticMeshActor (MapPieces_Box62)
[2015.05.06-22.22.03:153][812]Cmd: DELETE
[2015.05.06-22.22.03:153][812]Cmd: ACTOR DELETE
[2015.05.06-22.22.03:154][812]LogEditorActor: Deleted Actor: StaticMeshActor
[2015.05.06-22.22.03:167][812]LogEditorActor: Deleted 1 Actors (0.013 secs)
[2015.05.06-22.22.03:420][839]LogEditorViewport: Clicking on Actor (LMB): StaticMeshActor (MapPieces_Box61)
[2015.05.06-22.22.21:319][358]Cmd: SELECT NONE
[2015.05.06-22.22.53:598][347]LogEditorViewport: Clicking on Actor (LMB): StaticMeshActor (MapPieces_Box63)
[2015.05.06-22.23.03:170][152]LogEditorViewport: Clicking on Actor (LMB): StaticMeshActor (MapPieces_Box62)
[2015.05.06-22.23.11:515][952]Cmd: SELECT NONE
[2015.05.06-22.23.17:014][439]LogEditorViewport: Clicking on Actor (LMB): StaticMeshActor (MapPieces_Box43)
[2015.05.06-22.23.17:288][453]Cmd: DELETE
[2015.05.06-22.23.17:289][453]Cmd: ACTOR DELETE
[2015.05.06-22.23.17:289][453]LogEditorActor: Deleted Actor: StaticMeshActor
[2015.05.06-22.23.17:302][453]LogEditorActor: Deleted 1 Actors (0.013 secs)
[2015.05.06-22.23.17:685][480]LogEditorViewport: Clicking on Actor (LMB): StaticMeshActor (MapPieces_Box32)
[2015.05.06-22.23.17:786][486]Cmd: DELETE
[2015.05.06-22.23.17:786][486]Cmd: ACTOR DELETE
[2015.05.06-22.23.17:787][486]LogEditorActor: Deleted Actor: StaticMeshActor
[2015.05.06-22.23.17:798][486]LogEditorActor: Deleted 1 Actors (0.012 secs)
[2015.05.06-22.23.18:178][526]LogEditorViewport: Clicking on Actor (LMB): StaticMeshActor (MapPieces_Box36)
[2015.05.06-22.23.18:271][530]Cmd: DELETE
[2015.05.06-22.23.18:271][530]Cmd: ACTOR DELETE
[2015.05.06-22.23.18:272][530]LogEditorActor: Deleted Actor: StaticMeshActor
[2015.05.06-22.23.18:283][530]LogEditorActor: Deleted 1 Actors (0.011 secs)
[2015.05.06-22.23.18:805][587]LogEditorViewport: Clicking on Actor (LMB): StaticMeshActor (MapPieces_Box47)
[2015.05.06-22.23.18:875][590]Cmd: DELETE
[2015.05.06-22.23.18:875][590]Cmd: ACTOR DELETE
[2015.05.06-22.23.18:876][590]LogEditorActor: Deleted Actor: StaticMeshActor
[2015.05.06-22.23.18:887][590]LogEditorActor: Deleted 1 Actors (0.012 secs)
[2015.05.06-22.25.44:877][994]Cmd: OBJ SAVEPACKAGE PACKAGE="/Game/Maps/Temple/Temple" FILE="S:/GameDev/WilliamTheBrave/Saved/Autosaves/Game/Maps/Temple/Temple_Auto1.umap" SILENT=true AUTOSAVING=true KEEPDIRTY=false
[2015.05.06-22.25.44:991][994]LogSavePackage: Save=105.397446ms
[2015.05.06-22.25.44:991][994]LogSavePackage: Moving 'S:/GameDev/WilliamTheBrave/Saved/Temple_Auto1F0A3E089460817A9F6B07883F943767C.tmp' to 'S:/GameDev/WilliamTheBrave/Saved/Autosaves/Game/Maps/Temple/Temple_Auto1.umap'
[2015.05.06-22.25.44:997][994]LogFileHelpers: Editor autosave (incl. sublevels) for '/Game/Maps/Temple/Temple' took 0.197
[2015.05.06-22.25.44:997][994]LogFileHelpers: Editor autosave (incl. sublevels) for all levels took 0.197
[2015.05.06-22.26.01:927][884]LogEditorViewport: Clicking on Actor (LMB): StaticMeshActor (MapPieces_Box42)
[2015.05.06-22.26.02:961][959]Cmd: DELETE
[2015.05.06-22.26.02:961][959]Cmd: ACTOR DELETE
[2015.05.06-22.26.02:962][959]LogEditorActor: Deleted Actor: StaticMeshActor
[2015.05.06-22.26.02:974][959]LogEditorActor: Deleted 1 Actors (0.013 secs)
[2015.05.06-22.26.03:462][ 12]LogEditorViewport: Clicking on Actor (LMB): StaticMeshActor (MapPieces_Box50)
[2015.05.06-22.26.03:588][ 21]Cmd: DELETE
[2015.05.06-22.26.03:588][ 21]Cmd: ACTOR DELETE
[2015.05.06-22.26.03:589][ 21]LogEditorActor: Deleted Actor: StaticMeshActor
[2015.05.06-22.26.03:600][ 21]LogEditorActor: Deleted 1 Actors (0.011 secs)
[2015.05.06-22.26.08:329][445]LogEditorViewport: Clicking on Actor (LMB): StaticMeshActor (MapPieces_Box46)
[2015.05.06-22.26.08:665][465]Cmd: DELETE
[2015.05.06-22.26.08:666][465]Cmd: ACTOR DELETE
[2015.05.06-22.26.08:666][465]LogEditorActor: Deleted Actor: StaticMeshActor
[2015.05.06-22.26.08:677][465]LogEditorActor: Deleted 1 Actors (0.012 secs)
[2015.05.06-22.26.14:418][957]LogEditorViewport: Clicking on Actor (LMB): StaticMeshActor (MapPieces_Box38)
[2015.05.06-22.26.14:673][972]Cmd: DELETE
[2015.05.06-22.26.14:673][972]Cmd: ACTOR DELETE
[2015.05.06-22.26.14:674][972]LogEditorActor: Deleted Actor: StaticMeshActor
[2015.05.06-22.26.14:684][972]LogEditorActor: Deleted 1 Actors (0.011 secs)
[2015.05.06-22.26.15:089][  5]LogEditorViewport: Clicking on Actor (LMB): StaticMeshActor (MapPieces_Box60)
[2015.05.06-22.26.15:164][  9]Cmd: DELETE
[2015.05.06-22.26.15:164][  9]Cmd: ACTOR DELETE
[2015.05.06-22.26.15:166][  9]LogEditorActor: Deleted Actor: StaticMeshActor
[2015.05.06-22.26.15:177][  9]LogEditorActor: Deleted 1 Actors (0.012 secs)
[2015.05.06-22.26.16:988][217]LogEditorViewport: Clicking on Actor (LMB): StaticMeshActor (MapPieces_Box64)
[2015.05.06-22.26.28:212][132]LogEditorViewport: Clicking on Component (context menu): StaticMeshComponent (StaticMeshComponent0)
[2015.05.06-22.26.34:015][667]LogEditorViewport: Clicking on Actor (LMB): StaticMeshActor (MapPieces_Box66)
[2015.05.06-22.26.35:357][772]Cmd: DELETE
[2015.05.06-22.26.35:358][772]Cmd: ACTOR DELETE
[2015.05.06-22.26.35:359][772]LogEditorActor: Deleted Actor: StaticMeshActor
[2015.05.06-22.26.35:371][772]LogEditorActor: Deleted 1 Actors (0.013 secs)
[2015.05.06-22.29.19:153][826]LogEditorViewport: Clicking on Actor (LMB): StaticMeshActor (MapPieces_Box31)
[2015.05.06-22.29.19:517][852]Cmd: DELETE
[2015.05.06-22.29.19:518][852]Cmd: ACTOR DELETE
[2015.05.06-22.29.19:519][852]LogEditorActor: Deleted Actor: StaticMeshActor
[2015.05.06-22.29.19:531][852]LogEditorActor: Deleted 1 Actors (0.013 secs)
[2015.05.06-22.29.23:303][172]LogEditorViewport: Clicking on Actor (LMB): StaticMeshActor (MapPieces_Box63)
[2015.05.06-22.29.26:944][440]LogEditorViewport: Clicking on Actor (LMB): StaticMeshActor (MapPieces_Box30)
[2015.05.06-22.29.27:761][529]Cmd: DELETE
[2015.05.06-22.29.27:762][529]Cmd: ACTOR DELETE
[2015.05.06-22.29.27:762][529]LogEditorActor: Deleted Actor: StaticMeshActor
[2015.05.06-22.29.27:773][529]LogEditorActor: Deleted 1 Actors (0.012 secs)
[2015.05.06-22.29.31:918][914]LogEditorViewport: Clicking on Actor (LMB): StaticMeshActor (MapPieces_Box67)
[2015.05.06-22.29.44:851][122]Cmd: SELECT NONE
[2015.05.06-22.29.48:229][421]LogEditorViewport: Clicking on Actor (LMB): StaticMeshActor (MapPieces_Box67)
[2015.05.06-22.30.11:919][657]LogEditorViewport: Clicking on Actor (context menu): StaticMeshActor (MapPieces_Box74)
[2015.05.06-22.30.12:611][717]LogEditorViewport: Clicking on Actor (context menu): StaticMeshActor (MapPieces_Box74)
[2015.05.06-22.30.14:681][885]Cmd: SELECT NONE
[2015.05.06-22.30.15:186][926]LogEditorViewport: Clicking on Actor (LMB): StaticMeshActor (MapPieces_Box73)
[2015.05.06-22.30.16:051][  6]LogEditorViewport: Clicking on Actor (LMB): StaticMeshActor (MapPieces_Box72)
[2015.05.06-22.30.16:147][ 12]Cmd: DELETE
[2015.05.06-22.30.16:148][ 12]Cmd: ACTOR DELETE
[2015.05.06-22.30.16:149][ 12]LogEditorActor: Deleted Actor: StaticMeshActor
[2015.05.06-22.30.16:162][ 12]LogEditorActor: Deleted 1 Actors (0.013 secs)
[2015.05.06-22.30.16:555][ 57]LogEditorViewport: Clicking on Actor (LMB): StaticMeshActor (MapPieces_Box71)
[2015.05.06-22.30.18:152][220]Cmd: DELETE
[2015.05.06-22.30.18:154][220]Cmd: ACTOR DELETE
[2015.05.06-22.30.18:154][220]LogEditorActor: Deleted Actor: StaticMeshActor
[2015.05.06-22.30.18:167][220]LogEditorActor: Deleted 1 Actors (0.012 secs)
[2015.05.06-22.31.05:693][271]LogEditorViewport: Clicking on Actor (LMB): StaticMeshActor (MapPieces_Box74)
[2015.05.06-22.31.12:473][978]Cmd: SELECT NONE
[2015.05.06-22.32.00:567][929]LogEditorViewport: Clicking on Actor (LMB): StaticMeshActor (MapPieces_Box70)
[2015.05.06-22.32.11:165][934]LogEditorViewport: Clicking on Actor (LMB): StaticMeshActor (MapPieces_Box71)
[2015.05.06-22.32.11:701][986]Cmd: DELETE
[2015.05.06-22.32.11:702][986]Cmd: ACTOR DELETE
[2015.05.06-22.32.11:702][986]LogEditorActor: Deleted Actor: StaticMeshActor
[2015.05.06-22.32.11:713][986]LogEditorActor: Deleted 1 Actors (0.012 secs)
[2015.05.06-22.32.12:212][ 45]LogEditorViewport: Clicking on Actor (LMB): StaticMeshActor (MapPieces_Box72)
[2015.05.06-22.32.18:339][564]LogEditorViewport: Clicking on Actor (LMB): StaticMeshActor (MapPieces_Box72)
[2015.05.06-22.32.19:623][671]Cmd: DELETE
[2015.05.06-22.32.19:641][671]Cmd: ACTOR DELETE
[2015.05.06-22.32.19:642][671]LogEditorActor: Deleted Actor: StaticMeshActor
[2015.05.06-22.32.19:657][671]LogEditorActor: Deleted 1 Actors (0.015 secs)
[2015.05.06-22.33.49:249][488]LogEditorViewport: Clicking on Actor (LMB): StaticMeshActor (MapPieces_Box76)
[2015.05.06-22.33.56:558][176]Cmd: SELECT NONE
[2015.05.06-22.36.26:272][ 39]Cmd: OBJ SAVEPACKAGE PACKAGE="/Game/Maps/Temple/Temple" FILE="S:/GameDev/WilliamTheBrave/Saved/Autosaves/Game/Maps/Temple/Temple_Auto2.umap" SILENT=true AUTOSAVING=true KEEPDIRTY=false
[2015.05.06-22.36.26:385][ 39]LogSavePackage: Save=104.351280ms
[2015.05.06-22.36.26:385][ 39]LogSavePackage: Moving 'S:/GameDev/WilliamTheBrave/Saved/Temple_Auto2DD81EE304FA8E6CC391731A30F492B62.tmp' to 'S:/GameDev/WilliamTheBrave/Saved/Autosaves/Game/Maps/Temple/Temple_Auto2.umap'
[2015.05.06-22.36.26:391][ 39]LogFileHelpers: Editor autosave (incl. sublevels) for '/Game/Maps/Temple/Temple' took 0.206
[2015.05.06-22.36.26:391][ 39]LogFileHelpers: Editor autosave (incl. sublevels) for all levels took 0.206
[2015.05.06-22.43.59:796][149]Cmd: SELECT NONE
[2015.05.06-22.44.35:155][696]Cmd: SELECT NONE
[2015.05.06-22.45.34:559][989]LogEditorViewport: Clicking on Actor (LMB): StaticMeshActor (MapPieces_Box69)
[2015.05.06-22.45.34:861][  0]Cmd: DELETE
[2015.05.06-22.45.34:862][  0]Cmd: ACTOR DELETE
[2015.05.06-22.45.34:863][  0]LogEditorActor: Deleted Actor: StaticMeshActor
[2015.05.06-22.45.34:876][  0]LogEditorActor: Deleted 1 Actors (0.014 secs)
[2015.05.06-22.45.35:238][ 38]LogEditorViewport: Clicking on Actor (LMB): StaticMeshActor (MapPieces_Box76)
[2015.05.06-22.45.35:537][ 68]Cmd: DELETE
[2015.05.06-22.45.35:537][ 68]Cmd: ACTOR DELETE
[2015.05.06-22.45.35:538][ 68]LogEditorActor: Deleted Actor: StaticMeshActor
[2015.05.06-22.45.35:556][ 68]LogEditorActor: Deleted 1 Actors (0.018 secs)
[2015.05.06-22.46.26:469][387]Cmd: OBJ SAVEPACKAGE PACKAGE="/Game/Maps/Temple/Temple" FILE="S:/GameDev/WilliamTheBrave/Saved/Autosaves/Game/Maps/Temple/Temple_Auto3.umap" SILENT=true AUTOSAVING=true KEEPDIRTY=false
[2015.05.06-22.46.26:579][387]LogSavePackage: Save=101.242195ms
[2015.05.06-22.46.26:579][387]LogSavePackage: Moving 'S:/GameDev/WilliamTheBrave/Saved/Temple_Auto3C2C23E82446E39DCDF9119B85800ADA1.tmp' to 'S:/GameDev/WilliamTheBrave/Saved/Autosaves/Game/Maps/Temple/Temple_Auto3.umap'
[2015.05.06-22.46.26:586][387]LogFileHelpers: Editor autosave (incl. sublevels) for '/Game/Maps/Temple/Temple' took 0.202
[2015.05.06-22.46.26:586][387]LogFileHelpers: Editor autosave (incl. sublevels) for all levels took 0.202
[2015.05.06-22.52.40:537][834]LogPlayLevel: PIE:  No blueprints needed recompiling
[2015.05.06-22.52.40:538][834]PIE: New page: PIE session: Temple (May 6, 2015, 8:52:40 AM)
[2015.05.06-22.52.40:548][834]LogPlayLevel: PIE: StaticDuplicateObject took: (0.009596s)
[2015.05.06-22.52.40:549][834]LogPlayLevel: PIE: World Init took: (0.000842s)
[2015.05.06-22.52.40:549][834]LogPlayLevel: PIE: Created PIE world by copying editor world from /Game/Maps/Temple/Temple.Temple to /Game/Maps/Temple/UEDPIE_0_Temple.Temple (0.010675s)
[2015.05.06-22.52.40:578][834]LogWorld: Game class is 'GameMode'
[2015.05.06-22.52.40:580][834]LogAIModule: Creating AISystem for world Temple
[2015.05.06-22.52.40:588][834]LogWorld: Bringing World /Game/Maps/Temple/UEDPIE_0_Temple.Temple up for play (max tick rate 0) at 2015.05.06-15.52.40
[2015.05.06-22.52.40:589][834]LogWorld: Bringing up level for play took: 0.008390
[2015.05.06-22.52.40:591][834]PIE: Info Play in editor start time for /Game/Maps/Temple/UEDPIE_0_Temple 0.75
[2015.05.06-22.53.36:126][879]LogParticles: Destroying 0 GPU particle simulations for FXSystem 0x0000006A0274FCE0
[2015.05.06-22.54.29:504][640]Cmd: QUIT_EDITOR
[2015.05.06-22.54.29:724][640]LogExit: Preparing to exit.
[2015.05.06-22.54.30:132][640]LogExit: Editor shut down
[2015.05.06-22.54.30:133][640]LogExit: Transaction tracking system shut down
[2015.05.06-22.54.30:133][640]LogParticles: Destroying 0 GPU particle simulations for FXSystem 0x0000006A067E8C20
[2015.05.06-22.54.30:134][640]LogParticles: Destroying 0 GPU particle simulations for FXSystem 0x0000006A0274DF80
[2015.05.06-22.54.30:134][640]LogParticles: Destroying 0 GPU particle simulations for FXSystem 0x0000006A74DEEE80
[2015.05.06-22.54.30:134][640]LogParticles: Destroying 0 GPU particle simulations for FXSystem 0x0000006A7506FA60
[2015.05.06-22.54.30:135][640]LogParticles: Destroying 0 GPU particle simulations for FXSystem 0x0000006A7B8D6200
[2015.05.06-22.54.30:192][640]LogExit: Object subsystem successfully closed.
[2015.05.06-22.54.30:245][640]LogModuleManager: Shutting down and abandoning module CrashTracker (177)
[2015.05.06-22.54.30:245][640]LogModuleManager: Shutting down and abandoning module SuperSearch (176)
[2015.05.06-22.54.30:245][640]LogModuleManager: Shutting down and abandoning module SceneOutliner (175)
[2015.05.06-22.54.30:245][640]LogModuleManager: Shutting down and abandoning module EditorWidgets (174)
[2015.05.06-22.54.30:245][640]LogModuleManager: Shutting down and abandoning module CollectionManager (173)
[2015.05.06-22.54.30:245][640]LogModuleManager: Shutting down and abandoning module StatsViewer (172)
[2015.05.06-22.54.30:245][640]LogModuleManager: Shutting down and abandoning module FoliageEdit (171)
[2015.05.06-22.54.30:245][640]LogModuleManager: Shutting down and abandoning module LandscapeEditor (170)
[2015.05.06-22.54.30:245][640]LogModuleManager: Shutting down and abandoning module MeshPaint (169)
[2015.05.06-22.54.30:245][640]LogModuleManager: Shutting down and abandoning module ActorPickerMode (168)
[2015.05.06-22.54.30:246][640]LogModuleManager: Shutting down and abandoning module GeometryMode (167)
[2015.05.06-22.54.30:246][640]LogModuleManager: Shutting down and abandoning module TextureAlignMode (166)
[2015.05.06-22.54.30:246][640]LogModuleManager: Shutting down and abandoning module BspMode (165)
[2015.05.06-22.54.30:246][640]LogModuleManager: Shutting down and abandoning module PlacementMode (164)
[2015.05.06-22.54.30:246][640]LogModuleManager: Shutting down and abandoning module AutomationWorker (163)
[2015.05.06-22.54.30:246][640]LogModuleManager: Shutting down and abandoning module CharacterAI (162)
[2015.05.06-22.54.30:246][640]LogModuleManager: Shutting down and abandoning module SmartSnapping (161)
[2015.05.06-22.54.30:246][640]LogModuleManager: Shutting down and abandoning module ViewportSnapping (160)
[2015.05.06-22.54.30:246][640]LogModuleManager: Shutting down and abandoning module LogVisualizer (159)
[2015.05.06-22.54.30:246][640]LogModuleManager: Shutting down and abandoning module GameProjectGeneration (158)
[2015.05.06-22.54.30:246][640]LogModuleManager: Shutting down and abandoning module IntroTutorials (157)
[2015.05.06-22.54.30:246][640]LogModuleManager: Shutting down and abandoning module EditorLiveStreaming (156)
[2015.05.06-22.54.30:246][640]LogModuleManager: Shutting down and abandoning module HardwareTargeting (155)
[2015.05.06-22.54.30:246][640]LogModuleManager: Shutting down and abandoning module DeviceProfileEditor (154)
[2015.05.06-22.54.30:246][640]LogModuleManager: Shutting down and abandoning module UndoHistory (153)
[2015.05.06-22.54.30:246][640]LogModuleManager: Shutting down and abandoning module GameplayTagsEditor (152)
[2015.05.06-22.54.30:246][640]LogModuleManager: Shutting down and abandoning module UserFeedback (151)
[2015.05.06-22.54.30:246][640]LogModuleManager: Shutting down and abandoning module XmlParser (150)
[2015.05.06-22.54.30:246][640]LogModuleManager: Shutting down and abandoning module Blutility (149)
[2015.05.06-22.54.30:246][640]LogModuleManager: Shutting down and abandoning module IOSPlatformEditor (148)
[2015.05.06-22.54.30:246][640]LogModuleManager: Shutting down and abandoning module IOSRuntimeSettings (147)
[2015.05.06-22.54.30:246][640]LogModuleManager: Shutting down and abandoning module AndroidDeviceDetection (146)
[2015.05.06-22.54.31:243][640]LogModuleManager: Shutting down and abandoning module AndroidPlatformEditor (145)
[2015.05.06-22.54.31:243][640]LogModuleManager: Shutting down and abandoning module AndroidRuntimeSettings (144)
[2015.05.06-22.54.31:243][640]LogModuleManager: Shutting down and abandoning module ProjectTargetPlatformEditor (143)
[2015.05.06-22.54.31:243][640]LogModuleManager: Shutting down and abandoning module ProjectSettingsViewer (142)
[2015.05.06-22.54.31:243][640]LogModuleManager: Shutting down and abandoning module InputBindingEditor (141)
[2015.05.06-22.54.31:244][640]LogModuleManager: Shutting down and abandoning module EditorSettingsViewer (140)
[2015.05.06-22.54.31:244][640]LogModuleManager: Shutting down and abandoning module SettingsEditor (139)
[2015.05.06-22.54.31:244][640]LogModuleManager: Shutting down and abandoning module ProjectLauncher (138)
[2015.05.06-22.54.31:244][640]LogModuleManager: Shutting down and abandoning module SessionFrontend (137)
[2015.05.06-22.54.31:244][640]LogModuleManager: Shutting down and abandoning module ProfilerClient (136)
[2015.05.06-22.54.31:244][640]LogModuleManager: Shutting down and abandoning module TargetDeviceServices (135)
[2015.05.06-22.54.31:244][640]LogModuleManager: Shutting down and abandoning module DeviceManager (134)
[2015.05.06-22.54.31:244][640]LogModuleManager: Shutting down and abandoning module AutomationController (133)
[2015.05.06-22.54.31:244][640]LogModuleManager: Shutting down and abandoning module AutomationWindow (132)
[2015.05.06-22.54.31:244][640]LogModuleManager: Shutting down and abandoning module Layers (131)
[2015.05.06-22.54.31:244][640]LogModuleManager: Shutting down and abandoning module ComponentVisualizers (130)
[2015.05.06-22.54.31:245][640]LogModuleManager: Shutting down and abandoning module DetailCustomizations (129)
[2015.05.06-22.54.31:245][640]LogModuleManager: Shutting down and abandoning module PackagesDialog (128)
[2015.05.06-22.54.31:246][640]LogModuleManager: Shutting down and abandoning module AssetRegistry (127)
[2015.05.06-22.54.31:321][640]LogModuleManager: Shutting down and abandoning module Persona (126)
[2015.05.06-22.54.31:321][640]LogModuleManager: Shutting down and abandoning module SlateReflector (125)
[2015.05.06-22.54.31:321][640]LogModuleManager: Shutting down and abandoning module LevelEditor (124)
[2015.05.06-22.54.31:322][640]LogModuleManager: Shutting down and abandoning module Kismet (123)
[2015.05.06-22.54.31:322][640]LogModuleManager: Shutting down and abandoning module GraphEditor (122)
[2015.05.06-22.54.31:322][640]LogModuleManager: Shutting down and abandoning module ClassViewer (121)
[2015.05.06-22.54.31:322][640]LogModuleManager: Shutting down and abandoning module Toolbox (120)
[2015.05.06-22.54.31:322][640]LogModuleManager: Shutting down and abandoning module ModuleUI (119)
[2015.05.06-22.54.31:322][640]LogModuleManager: Shutting down and abandoning module MovieSceneTools (118)
[2015.05.06-22.54.31:322][640]LogModuleManager: Shutting down and abandoning module OutputLog (117)
[2015.05.06-22.54.31:322][640]LogModuleManager: Shutting down and abandoning module GammaUI (116)
[2015.05.06-22.54.31:322][640]LogModuleManager: Shutting down and abandoning module Documentation (115)
[2015.05.06-22.54.31:322][640]LogModuleManager: Shutting down and abandoning module GameLiveStreaming (114)
[2015.05.06-22.54.31:322][640]LogModuleManager: Shutting down and abandoning module StreamingPauseRendering (113)
[2015.05.06-22.54.31:322][640]LogModuleManager: Shutting down and abandoning module HTTP (112)
[2015.05.06-22.54.31:322][640]LogModuleManager: Shutting down and abandoning module AnalyticsET (111)
[2015.05.06-22.54.31:322][640]LogModuleManager: Shutting down and abandoning module Analytics (110)
[2015.05.06-22.54.31:322][640]LogModuleManager: Shutting down and abandoning module AITestSuite (109)
[2015.05.06-22.54.31:322][640]LogModuleManager: Shutting down and abandoning module GameplayDebugger (108)
[2015.05.06-22.54.31:322][640]LogModuleManager: Shutting down and abandoning module AIModule (107)
[2015.05.06-22.54.31:322][640]LogModuleManager: Shutting down and abandoning module ProfilerService (106)
[2015.05.06-22.54.31:379][640]LogModuleManager: Shutting down and abandoning module TaskGraph (105)
[2015.05.06-22.54.31:379][640]LogModuleManager: Shutting down and abandoning module SlateRemote (104)
[2015.05.06-22.54.31:379][640]LogModuleManager: Shutting down and abandoning module ScriptEditorPlugin (103)
[2015.05.06-22.54.31:379][640]LogModuleManager: Shutting down and abandoning module CustomMeshComponent (102)
[2015.05.06-22.54.31:379][640]LogModuleManager: Shutting down and abandoning module CableComponent (101)
[2015.05.06-22.54.31:379][640]LogModuleManager: Shutting down and abandoning module MessagingDebugger (100)
[2015.05.06-22.54.31:379][640]LogModuleManager: Shutting down and abandoning module MediaPlayerEditor (99)
[2015.05.06-22.54.31:379][640]LogModuleManager: Shutting down and abandoning module SpeedTreeImporter (98)
[2015.05.06-22.54.31:379][640]LogModuleManager: Shutting down and abandoning module PluginsEditor (97)
[2015.05.06-22.54.31:379][640]LogModuleManager: Shutting down and abandoning module MainFrame (96)
[2015.05.06-22.54.31:379][640]LogModuleManager: Shutting down and abandoning module EpicSurvey (95)
[2015.05.06-22.54.31:379][640]LogModuleManager: Shutting down and abandoning module DesktopPlatform (94)
[2015.05.06-22.54.31:379][640]LogModuleManager: Shutting down and abandoning module DirectoryWatcher (93)
[2015.05.06-22.54.31:380][640]LogModuleManager: Shutting down and abandoning module HotReload (92)
[2015.05.06-22.54.31:380][640]LogModuleManager: Shutting down and abandoning module VisualStudioSourceCodeAccess (91)
[2015.05.06-22.54.31:380][640]LogModuleManager: Shutting down and abandoning module UObjectPlugin (90)
[2015.05.06-22.54.31:380][640]LogModuleManager: Shutting down and abandoning module SubversionSourceControl (89)
[2015.05.06-22.54.31:380][640]LogModuleManager: Shutting down and abandoning module PerforceSourceControl (88)
[2015.05.06-22.54.31:380][640]LogModuleManager: Shutting down and abandoning module SourceControl (87)
[2015.05.06-22.54.31:380][640]LogModuleManager: Shutting down and abandoning module GitSourceControl (86)
[2015.05.06-22.54.31:380][640]LogModuleManager: Shutting down and abandoning module BlankPlugin (85)
[2015.05.06-22.54.31:380][640]LogModuleManager: Shutting down and abandoning module PaperTiledImporter (84)
[2015.05.06-22.54.31:380][640]LogModuleManager: Shutting down and abandoning module PaperJsonImporter (83)
[2015.05.06-22.54.31:380][640]LogModuleManager: Shutting down and abandoning module ContentBrowser (82)
[2015.05.06-22.54.31:381][640]LogModuleManager: Shutting down and abandoning module Paper2DEditor (81)
[2015.05.06-22.54.31:381][640]LogModuleManager: Shutting down and abandoning module ScriptPlugin (80)
[2015.05.06-22.54.31:381][640]LogModuleManager: Shutting down and abandoning module UdpMessaging (79)
[2015.05.06-22.54.31:482][640]LogModuleManager: Shutting down and abandoning module Paper2D (78)
[2015.05.06-22.54.31:482][640]LogModuleManager: Shutting down and abandoning module WindowsMoviePlayer (77)
[2015.05.06-22.54.31:484][640]LogModuleManager: Shutting down and abandoning module Media (76)
[2015.05.06-22.54.31:484][640]LogModuleManager: Shutting down and abandoning module WmfMedia (75)
[2015.05.06-22.54.31:484][640]LogModuleManager: Shutting down and abandoning module OnlineBlueprintSupport (74)
[2015.05.06-22.54.31:484][640]LogModuleManager: Shutting down and abandoning module PropertyEditor (73)
[2015.05.06-22.54.31:484][640]LogModuleManager: Shutting down and abandoning module BehaviorTreeEditor (72)
[2015.05.06-22.54.31:484][640]LogModuleManager: Shutting down and abandoning module FunctionalTesting (71)
[2015.05.06-22.54.31:484][640]LogModuleManager: Shutting down and abandoning module CollisionAnalyzer (70)
[2015.05.06-22.54.31:484][640]LogModuleManager: Shutting down and abandoning module WorkspaceMenuStructure (69)
[2015.05.06-22.54.31:484][640]LogModuleManager: Shutting down and abandoning module MessageLog (68)
[2015.05.06-22.54.31:484][640]LogModuleManager: Shutting down and abandoning module Sequencer (67)
[2015.05.06-22.54.31:484][640]LogModuleManager: Shutting down and abandoning module AssetTools (66)
[2015.05.06-22.54.31:484][640]LogModuleManager: Shutting down and abandoning module UMGEditor (65)
[2015.05.06-22.54.31:484][640]LogModuleManager: Shutting down and abandoning module UMG (64)
[2015.05.06-22.54.31:484][640]LogModuleManager: Shutting down and abandoning module Slate (63)
[2015.05.06-22.54.31:484][640]LogModuleManager: Shutting down and abandoning module EditorStyle (62)
[2015.05.06-22.54.31:488][640]LogModuleManager: Shutting down and abandoning module SessionServices (61)
[2015.05.06-22.54.31:488][640]LogModuleManager: Shutting down and abandoning module SourceCodeAccess (60)
[2015.05.06-22.54.31:488][640]LogModuleManager: Shutting down and abandoning module HeadMountedDisplay (59)
[2015.05.06-22.54.31:488][640]LogModuleManager: Shutting down and abandoning module XAudio2 (58)
[2015.05.06-22.54.31:488][640]LogModuleManager: Shutting down and abandoning module Networking (56)
[2015.05.06-22.54.31:488][640]LogModuleManager: Shutting down and abandoning module Core (55)
[2015.05.06-22.54.31:488][640]LogModuleManager: Shutting down and abandoning module KismetCompiler (54)
[2015.05.06-22.54.31:488][640]LogModuleManager: Shutting down and abandoning module PhysXFormats (53)
[2015.05.06-22.54.31:488][640]LogModuleManager: Shutting down and abandoning module MeshUtilities (52)
[2015.05.06-22.54.31:488][640]LogModuleManager: Shutting down and abandoning module DerivedDataCache (51)
[2015.05.06-22.54.31:505][640]LogDerivedDataCache: Shutdown
[2015.05.06-22.54.31:505][640]LogModuleManager: Shutting down and abandoning module ShaderFormatOpenGL (50)
[2015.05.06-22.54.31:505][640]LogModuleManager: Shutting down and abandoning module ShaderFormatD3D (49)
[2015.05.06-22.54.31:505][640]LogModuleManager: Shutting down and abandoning module MetalShaderFormat (48)
[2015.05.06-22.54.31:505][640]LogModuleManager: Shutting down and abandoning module TextureFormatUncompressed (47)
[2015.05.06-22.54.31:505][640]LogModuleManager: Shutting down and abandoning module TextureFormatPVR (46)
[2015.05.06-22.54.31:505][640]LogModuleManager: Shutting down and abandoning module TextureFormatIntelISPCTexComp (45)
[2015.05.06-22.54.31:505][640]LogModuleManager: Shutting down and abandoning module TextureFormatDXT (44)
[2015.05.06-22.54.31:505][640]LogModuleManager: Shutting down and abandoning module ImageWrapper (43)
[2015.05.06-22.54.31:505][640]LogModuleManager: Shutting down and abandoning module TextureFormatASTC (42)
[2015.05.06-22.54.31:505][640]LogModuleManager: Shutting down and abandoning module TextureFormatAndroid (41)
[2015.05.06-22.54.31:505][640]LogModuleManager: Shutting down and abandoning module AudioFormatOpus (40)
[2015.05.06-22.54.31:505][640]LogModuleManager: Shutting down and abandoning module AudioFormatOgg (39)
[2015.05.06-22.54.31:505][640]LogModuleManager: Shutting down and abandoning module AudioFormatADPCM (38)
[2015.05.06-22.54.31:505][640]LogModuleManager: Shutting down and abandoning module LinuxTargetPlatform (37)
[2015.05.06-22.54.31:505][640]LogModuleManager: Shutting down and abandoning module LinuxServerTargetPlatform (36)
[2015.05.06-22.54.31:505][640]LogModuleManager: Shutting down and abandoning module LinuxNoEditorTargetPlatform (35)
[2015.05.06-22.54.31:505][640]LogModuleManager: Shutting down and abandoning module Messaging (34)
[2015.05.06-22.54.31:505][640]LogModuleManager: Shutting down and abandoning module IOSTargetPlatform (33)
[2015.05.06-22.54.31:505][640]LogModuleManager: Shutting down and abandoning module HTML5TargetPlatform (32)
[2015.05.06-22.54.31:505][640]LogModuleManager: Shutting down and abandoning module Android_PVRTCTargetPlatform (31)
[2015.05.06-22.54.31:505][640]LogModuleManager: Shutting down and abandoning module Android_ETC2TargetPlatform (30)
[2015.05.06-22.54.31:505][640]LogModuleManager: Shutting down and abandoning module Android_ETC1TargetPlatform (29)
[2015.05.06-22.54.31:505][640]LogModuleManager: Shutting down and abandoning module Android_ES31TargetPlatform (28)
[2015.05.06-22.54.31:505][640]LogModuleManager: Shutting down and abandoning module Android_DXTTargetPlatform (27)
[2015.05.06-22.54.31:505][640]LogModuleManager: Shutting down and abandoning module Android_ATCTargetPlatform (26)
[2015.05.06-22.54.31:505][640]LogModuleManager: Shutting down and abandoning module AndroidTargetPlatform (25)
[2015.05.06-22.54.31:505][640]LogModuleManager: Shutting down and abandoning module WindowsTargetPlatform (24)
[2015.05.06-22.54.31:505][640]LogModuleManager: Shutting down and abandoning module WindowsServerTargetPlatform (23)
[2015.05.06-22.54.31:505][640]LogModuleManager: Shutting down and abandoning module WindowsNoEditorTargetPlatform (22)
[2015.05.06-22.54.31:505][640]LogModuleManager: Shutting down and abandoning module WindowsClientTargetPlatform (21)
[2015.05.06-22.54.31:505][640]LogModuleManager: Shutting down and abandoning module TargetPlatform (20)
[2015.05.06-22.54.31:505][640]LogModuleManager: Shutting down and abandoning module InputCore (19)
[2015.05.06-22.54.31:505][640]LogModuleManager: Shutting down and abandoning module Settings (18)
[2015.05.06-22.54.31:505][640]LogModuleManager: Shutting down and abandoning module OnlineSubsystem (16)
[2015.05.06-22.54.31:505][640]LogModuleManager: Shutting down and abandoning module OculusRift (15)
[2015.05.06-22.54.31:505][640]LogModuleManager: Shutting down and abandoning module ExampleDeviceProfileSelector (14)
[2015.05.06-22.54.31:505][640]LogModuleManager: Shutting down and abandoning module TextureCompressor (13)
[2015.05.06-22.54.31:505][640]LogModuleManager: Shutting down and abandoning module ShaderCore (12)
[2015.05.06-22.54.31:505][640]LogModuleManager: Shutting down and abandoning module Landscape (11)
[2015.05.06-22.54.31:505][640]LogModuleManager: Shutting down and abandoning module SlateRHIRenderer (10)
[2015.05.06-22.54.31:509][640]LogModuleManager: Shutting down and abandoning module OpenGLDrv (9)
[2015.05.06-22.54.31:509][640]LogModuleManager: Shutting down and abandoning module D3D11RHI (8)
[2015.05.06-22.54.31:509][640]LogModuleManager: Shutting down and abandoning module Renderer (7)
[2015.05.06-22.54.31:509][640]LogModuleManager: Shutting down and abandoning module Engine (6)
[2015.05.06-22.54.31:509][640]LogModuleManager: Shutting down and abandoning module CoreUObject (5)
[2015.05.06-22.54.31:509][640]LogModuleManager: Shutting down and abandoning module NetworkFile (4)
[2015.05.06-22.54.31:509][640]LogModuleManager: Shutting down and abandoning module StreamingFile (3)
[2015.05.06-22.54.31:509][640]LogModuleManager: Shutting down and abandoning module SandboxFile (2)
[2015.05.06-22.54.31:509][640]LogModuleManager: Shutting down and abandoning module PakFile (1)
[2015.05.06-22.54.31:509][640]LogExit: Exiting.
[2015.05.06-22.54.31:513][640]Log file closed, 05/06/15 15:54:31
