Log file open, 05/06/15 12:25:48
LogInit:Display: Running engine for game: WilliamTheBrave
LogConfig:Warning: Failed to saved backup for config[Editor]
LogConfig:Warning: Failed to saved backup for config[EditorKeyBindings]
LogConfig:Warning: Failed to saved backup for config[EditorGameAgnostic]
LogConfig:Warning: Failed to saved backup for config[Compat]
LogConfig:Warning: Failed to saved backup for config[GameUserSettings]
LogInit: Version: 4.7.2-2467323+++depot+UE4-Releases+4.7
LogInit: API Version: 2455222
LogInit: Compiled (64-bit): Mar  2 2015 23:16:34
LogInit: Compiled with Visual C++: 18.00.21005.01
LogInit: Build Configuration: Development
LogInit: Branch Name: ++depot+UE4-Releases+4.7
LogInit: Command line:  
LogInit: Base directory: C:/Program Files/Unreal Engine/4.7/Engine/Binaries/Win64/
LogInit: Rocket: 1
[2015.05.06-19.25.52:016][  0]LogTaskGraph: Started task graph with 3 named threads and 6 total threads.
[2015.05.06-19.25.52:085][  0]LogOnline:Warning: No default platform service specified for OnlineSubsystem
[2015.05.06-19.25.52:530][  0]LogInit: Presizing for 0 objects not considered by GC, pre-allocating 0 bytes.
[2015.05.06-19.25.52:541][  0]LogInit: Object subsystem initialized
[2015.05.06-19.25.52:543][  0]LogConsoleResponse:Warning: Skipping Unknown console variable: 'TranslucentSortAxis = (X=0.000000,Y=-1.000000,Z=0.000000)'
[2015.05.06-19.25.52:543][  0]LogConsoleResponse:Warning:   Found in ini file 'S:/GameDev/WilliamTheBrave/Saved/Config/Windows/Engine.ini', in section '[/Script/Engine.RendererSettings]'
[2015.05.06-19.25.52:543][  0]LogConsoleResponse:Warning: Skipping Unknown console variable: 'UIScaleRule = ShortestSide'
[2015.05.06-19.25.52:543][  0]LogConsoleResponse:Warning:   Found in ini file 'S:/GameDev/WilliamTheBrave/Saved/Config/Windows/Engine.ini', in section '[/Script/Engine.RendererSettings]'
[2015.05.06-19.25.52:543][  0]LogConsoleResponse:Warning: Skipping Unknown console variable: 'UIScaleCurve = (EditorCurveData=(Keys=),ExternalCurve=None)'
[2015.05.06-19.25.52:543][  0]LogConsoleResponse:Warning:   Found in ini file 'S:/GameDev/WilliamTheBrave/Saved/Config/Windows/Engine.ini', in section '[/Script/Engine.RendererSettings]'
[2015.05.06-19.25.52:544][  0]LogInit: Selected Device Profile: [Windows]
[2015.05.06-19.25.52:544][  0]LogInit: Applying CVar settings loaded from the selected device profile: [Windows]
[2015.05.06-19.25.52:590][  0]LogInit: Computer: FRED
[2015.05.06-19.25.52:590][  0]LogInit: User: William
[2015.05.06-19.25.52:590][  0]LogInit: CPU Page size=4096, Cores=4
[2015.05.06-19.25.52:591][  0]LogInit: High frequency timer resolution =2.923050 MHz
[2015.05.06-19.25.52:591][  0]LogMemory: Memory total: Physical=8.0GB (8GB approx) Virtual=131072.0GB
[2015.05.06-19.25.52:591][  0]LogMemory: Platform Memory Stats for Windows
[2015.05.06-19.25.52:591][  0]LogMemory: Process Physical Memory: 45.36 MB used, 45.36 MB peak
[2015.05.06-19.25.52:591][  0]LogMemory: Process Virtual Memory: 22.55 MB used, 22.55 MB peak
[2015.05.06-19.25.52:591][  0]LogMemory: Physical Memory: 3499.86 MB used, 8174.32 MB total
[2015.05.06-19.25.52:591][  0]LogMemory: Virtual Memory: 284.30 MB used, 134217728.00 MB total
[2015.05.06-19.25.52:680][  0]LogD3D11RHI: Found D3D11 adapter 0: NVIDIA GeForce GTS 450    (Feature Level 11_0)
[2015.05.06-19.25.52:680][  0]LogD3D11RHI: Adapter has 971MB of dedicated video memory, 0MB of dedicated system memory, and 3071MB of shared system memory, 1 output[s]
[2015.05.06-19.25.52:697][  0]LogD3D11RHI: Found D3D11 adapter 1: Microsoft Basic Render Driver (Feature Level 11_0)
[2015.05.06-19.25.52:697][  0]LogD3D11RHI: Adapter has 0MB of dedicated video memory, 0MB of dedicated system memory, and 256MB of shared system memory, 0 output[s]
[2015.05.06-19.25.52:697][  0]LogD3D11RHI: Chosen D3D11 Adapter Id = 0
[2015.05.06-19.25.52:704][  0]LogRHI: Texture pool is 680 MB (70% of 971 MB)
[2015.05.06-19.25.52:718][  0]LogD3D11RHI: Async texture creation enabled
[2015.05.06-19.25.57:193][  0]LogTextLocalizationManager: The requested culture ('en_US') has no localization data; parent culture's ('en') localization data will be used.
[2015.05.06-19.25.57:447][  0]LogContentStreaming: Texture pool size is 0.000000MB
[2015.05.06-19.26.04:770][  0]LogTargetPlatformManager:Display: Building Assets For Windows
[2015.05.06-19.26.07:010][  0]LogTargetPlatformManager:Display: Building Assets For Windows
[2015.05.06-19.26.07:096][  0]LogDerivedDataCache:Display: Max Cache Size: 512 MB
[2015.05.06-19.26.07:746][  0]LogDerivedDataCache: Loaded boot cache 0.61s 39MB C:/Users/William/AppData/Local/UnrealEngine/4.7/DerivedDataCache/Boot.ddc.
[2015.05.06-19.26.07:746][  0]LogDerivedDataCache:Display: Loaded Boot cache: C:/Users/William/AppData/Local/UnrealEngine/4.7/DerivedDataCache/Boot.ddc
[2015.05.06-19.26.07:746][  0]LogDerivedDataCache: FDerivedDataBackendGraph:  Pak pak cache file S:/GameDev/WilliamTheBrave/DerivedDataCache/DDC.ddp not found, will not use a pak cache.
[2015.05.06-19.26.07:746][  0]LogDerivedDataCache: Unable to find inner node Pak for hierarchical cache Hierarchy.
[2015.05.06-19.26.08:001][  0]LogDerivedDataCache:Display: Pak cache opened for reading ../../../Engine/DerivedDataCache/Compressed.ddp.
[2015.05.06-19.26.08:013][  0]LogDerivedDataCache: Using Local data cache path C:/Users/William/AppData/Local/UnrealEngine/Common/DerivedDataCache: Writable
[2015.05.06-19.26.18:167][  0]LogMeshUtilities: No automatic mesh reduction module available
[2015.05.06-19.26.18:167][  0]LogMeshUtilities: No automatic mesh merging module available
[2015.05.06-19.26.20:406][  0]LogInit: WinSock: version 1.1 (2.2), MaxSocks=32767, MaxUdp=65467
[2015.05.06-19.26.20:619][  0]LogSlate:Warning: Failed to load font data from '../../../Engine/Content/Slate/Fonts/Roboto-Italic.ttf'
[2015.05.06-19.26.29:178][  0]UdpMessaging: Initializing bridge on interface 0.0.0.0:0 to multicast group 230.0.0.1:6666.
[2015.05.06-19.26.29:591][  0]SourceControl: Info Source control is disabled
[2015.05.06-19.26.29:591][  0]SourceControl: Info Source control is disabled
[2015.05.06-19.26.29:591][  0]SourceControl: Info Source control is disabled
[2015.05.06-19.26.29:602][  0]LogSourceControl: RunCommandInternalRaw: 'git version'
[2015.05.06-19.26.29:602][  0]LogSourceControl: RunCommandInternalRaw: ExecProcess ReturnCode=2 OutResults=''
[2015.05.06-19.26.30:137][  0]LogObj: 24231 objects as part of root set at end of initial load.
[2015.05.06-19.26.30:137][  0]LogUObjectAllocator: 5136440 out of 0 bytes used by permanent object pool.
[2015.05.06-19.26.30:304][  0]LogEngine: Initializing Engine...
[2015.05.06-19.26.32:949][  0]LogInit: XAudio2 using 'Speakers (High Definition Audio Device)' : 2 channels at 44.1 kHz using 16 bits per sample (channel mask 0x3)
[2015.05.06-19.26.33:004][  0]LogInit: FAudioDevice initialized.
[2015.05.06-19.26.33:062][  0]LogAIModule: Creating AISystem for world NewWorld
[2015.05.06-19.26.33:066][  0]LogDerivedDataCache:Error: Could not save memory cache C:/Users/William/AppData/Local/UnrealEngine/4.7/DerivedDataCache/Boot.ddc.
[2015.05.06-19.26.33:079][  0]LogInit: Texture streaming: Enabled
[2015.05.06-19.26.33:694][  0]LogAnalytics: Creating configured Analytics provider AnalyticsET
[2015.05.06-19.26.33:694][  0]LogAnalytics: ET APIKey = Rocket.Release. APIServer = http://et2.epicgames.com/ET2/. AppVersion = 4.7.2-2467323+++depot+UE4-Releases+4.7
[2015.05.06-19.26.33:694][  0]LogAnalytics: ET APIKey = Rocket.Release. DataRouterUploadURL = https://datarouter-public-service-gamedev.ol.epicgames.net/datarouter/api/v1/public/data. AppVersion = 4.7.2-2467323+++depot+UE4-Releases+4.7
[2015.05.06-19.26.33:694][  0]LogAnalytics: SetUserId 36daed364a6088c1be5d00993336a085|9b9f7eefc88a4ce5a9f9ea0297ce6769|8ef09727-ec57-4232-a159-43540120937a
[2015.05.06-19.26.33:695][  0]LogAnalytics: AnalyticsET::StartSession [Rocket.Release]
[2015.05.06-19.26.33:834][  0]LogInit: Transaction tracking system initialized
[2015.05.06-19.26.34:191][  0]BlueprintLog: New page: Editor Load
[2015.05.06-19.26.34:242][  0]LogAssetRegistry: FAssetRegistry took 0.0140 seconds to start up
[2015.05.06-19.26.34:243][  0]LogDirectoryWatcher:Warning: Failed to begin reading directory changes for ../../../Engine/Plugins/Experimental/CharacterAI/Content/. Error: 0
[2015.05.06-19.26.35:676][  0]LogTargetPlatformManager:Display: Building Assets For Windows
[2015.05.06-19.26.36:486][  0]LogTargetPlatformManager:Display: Building Assets For Windows
[2015.05.06-19.26.36:876][  0]LogSlate:Warning: Failed to load font data from '../../../Engine/Content/Editor/Slate/Fonts/Roboto-Regular.ttf'
[2015.05.06-19.26.36:876][  0]LogSlate:Warning: Failed to load font data from '../../../Engine/Content/Editor/Slate/Fonts/Roboto-Bold.ttf'
[2015.05.06-19.26.37:050][  0]LogConsoleResponse:Display: 
[2015.05.06-19.26.38:831][  0]LogCook:Display: Done creating registry. It took  0.00s.
[2015.05.06-19.26.39:271][  0]LogSourceControl: RunCommandInternalRaw: 'git version'
[2015.05.06-19.26.39:271][  0]LogSourceControl: RunCommandInternalRaw: ExecProcess ReturnCode=2 OutResults=''
[2015.05.06-19.26.39:271][  0]Cmd: MAP LOAD FILE="../../../Engine/Content/Maps/Templates/Template_Default.umap" TEMPLATE=1 SHOWPROGRESS=1 FEATURELEVEL=3
[2015.05.06-19.26.39:283][  0]LightingResults: New page: Lighting Build
[2015.05.06-19.26.39:300][  0]MapCheck: New page: Map Check
[2015.05.06-19.26.39:300][  0]LightingResults: New page: Lighting Build
[2015.05.06-19.26.39:313][  0]LogParticles: Destroying 0 GPU particle simulations for FXSystem 0x00000039AF63BB00
[2015.05.06-19.26.40:266][  0]LogEditorServer: Finished looking for orphan Actors (0.000 secs)
[2015.05.06-19.26.40:266][  0]LogAIModule: Creating AISystem for world Untitled_1
[2015.05.06-19.26.40:267][  0]Cmd: MAP CHECKDEP
[2015.05.06-19.26.40:267][  0]MapCheck: New page: Untitled_1 - May 6, 2015, 5:26:40 AM
[2015.05.06-19.26.40:356][  0]MapCheck: Info Map check complete: 0 Error(s), 0 Warning(s), took 88.963ms to complete.
[2015.05.06-19.26.40:356][  0]LogFileHelpers: Loading map 'Template_Default' took 1.085
[2015.05.06-19.26.40:484][  0]LogCollectionManager: Loaded 0 collections in 0.001939 seconds
[2015.05.06-19.26.40:497][  0]LogContentBrowser: Native class hierarchy populated in 0.0121 seconds. Added 1696 classes and 261 folders.
[2015.05.06-19.26.40:591][  0]LogContentBrowser: Native class hierarchy updated for 'SceneOutliner' in 0.0024 seconds. Added 1 classes and 2 folders.
[2015.05.06-19.26.40:734][  0]LogCrashTracker: Crashtracker disabled due to settings.
[2015.05.06-19.26.40:735][  0]LogSlate:Warning: Failed to load font data from 'Veranda'
[2015.05.06-19.26.40:743][  0]LogUObjectGlobals:Warning: Failed to find object 'Class None.'
[2015.05.06-19.26.40:808][  0]LogLoad: Full Startup: 62.90 seconds (BP compile: 0.10 seconds)
[2015.05.06-19.26.41:151][  0]LogContentBrowser:Verbose: The content browser source was changed by the sources view to '/Game/Maps/Temple'
[2015.05.06-19.26.41:534][  0]LogRenderer:Warning: Reallocating scene render targets to support 712x616 (Frame:2).
[2015.05.06-19.26.42:858][  4]LogAssetRegistry: Asset discovery search completed in 8.6307 seconds
[2015.05.06-19.38.46:251][174]Cmd: QUIT_EDITOR
[2015.05.06-19.38.46:485][174]LogExit: Preparing to exit.
[2015.05.06-19.38.46:699][174]LogExit: Editor shut down
[2015.05.06-19.38.46:699][174]LogExit: Transaction tracking system shut down
[2015.05.06-19.38.46:700][174]LogParticles: Destroying 0 GPU particle simulations for FXSystem 0x00000039BE4CA0C0
[2015.05.06-19.38.46:701][174]LogParticles: Destroying 0 GPU particle simulations for FXSystem 0x00000039B7A5E8E0
[2015.05.06-19.38.46:754][174]LogExit: Object subsystem successfully closed.
[2015.05.06-19.38.46:820][174]LogModuleManager: Shutting down and abandoning module CrashTracker (177)
[2015.05.06-19.38.46:820][174]LogModuleManager: Shutting down and abandoning module SuperSearch (176)
[2015.05.06-19.38.46:820][174]LogModuleManager: Shutting down and abandoning module SceneOutliner (175)
[2015.05.06-19.38.46:820][174]LogModuleManager: Shutting down and abandoning module EditorWidgets (174)
[2015.05.06-19.38.46:820][174]LogModuleManager: Shutting down and abandoning module CollectionManager (173)
[2015.05.06-19.38.46:820][174]LogModuleManager: Shutting down and abandoning module StatsViewer (172)
[2015.05.06-19.38.46:820][174]LogModuleManager: Shutting down and abandoning module FoliageEdit (171)
[2015.05.06-19.38.46:820][174]LogModuleManager: Shutting down and abandoning module LandscapeEditor (170)
[2015.05.06-19.38.46:820][174]LogModuleManager: Shutting down and abandoning module MeshPaint (169)
[2015.05.06-19.38.46:820][174]LogModuleManager: Shutting down and abandoning module ActorPickerMode (168)
[2015.05.06-19.38.46:820][174]LogModuleManager: Shutting down and abandoning module GeometryMode (167)
[2015.05.06-19.38.46:820][174]LogModuleManager: Shutting down and abandoning module TextureAlignMode (166)
[2015.05.06-19.38.46:820][174]LogModuleManager: Shutting down and abandoning module BspMode (165)
[2015.05.06-19.38.46:820][174]LogModuleManager: Shutting down and abandoning module PlacementMode (164)
[2015.05.06-19.38.46:820][174]LogModuleManager: Shutting down and abandoning module AutomationWorker (163)
[2015.05.06-19.38.46:820][174]LogModuleManager: Shutting down and abandoning module CharacterAI (162)
[2015.05.06-19.38.46:820][174]LogModuleManager: Shutting down and abandoning module SmartSnapping (161)
[2015.05.06-19.38.46:820][174]LogModuleManager: Shutting down and abandoning module ViewportSnapping (160)
[2015.05.06-19.38.46:820][174]LogModuleManager: Shutting down and abandoning module LogVisualizer (159)
[2015.05.06-19.38.46:821][174]LogModuleManager: Shutting down and abandoning module GameProjectGeneration (158)
[2015.05.06-19.38.46:821][174]LogModuleManager: Shutting down and abandoning module IntroTutorials (157)
[2015.05.06-19.38.46:821][174]LogModuleManager: Shutting down and abandoning module EditorLiveStreaming (156)
[2015.05.06-19.38.46:821][174]LogModuleManager: Shutting down and abandoning module HardwareTargeting (155)
[2015.05.06-19.38.46:821][174]LogModuleManager: Shutting down and abandoning module DeviceProfileEditor (154)
[2015.05.06-19.38.46:821][174]LogModuleManager: Shutting down and abandoning module UndoHistory (153)
[2015.05.06-19.38.46:821][174]LogModuleManager: Shutting down and abandoning module GameplayTagsEditor (152)
[2015.05.06-19.38.46:821][174]LogModuleManager: Shutting down and abandoning module UserFeedback (151)
[2015.05.06-19.38.46:821][174]LogModuleManager: Shutting down and abandoning module XmlParser (150)
[2015.05.06-19.38.46:821][174]LogModuleManager: Shutting down and abandoning module Blutility (149)
[2015.05.06-19.38.46:821][174]LogModuleManager: Shutting down and abandoning module IOSPlatformEditor (148)
[2015.05.06-19.38.46:821][174]LogModuleManager: Shutting down and abandoning module IOSRuntimeSettings (147)
[2015.05.06-19.38.46:821][174]LogModuleManager: Shutting down and abandoning module AndroidDeviceDetection (146)
[2015.05.06-19.38.47:089][174]LogModuleManager: Shutting down and abandoning module AndroidPlatformEditor (145)
[2015.05.06-19.38.47:089][174]LogModuleManager: Shutting down and abandoning module AndroidRuntimeSettings (144)
[2015.05.06-19.38.47:089][174]LogModuleManager: Shutting down and abandoning module ProjectTargetPlatformEditor (143)
[2015.05.06-19.38.47:089][174]LogModuleManager: Shutting down and abandoning module ProjectSettingsViewer (142)
[2015.05.06-19.38.47:089][174]LogModuleManager: Shutting down and abandoning module InputBindingEditor (141)
[2015.05.06-19.38.47:089][174]LogModuleManager: Shutting down and abandoning module EditorSettingsViewer (140)
[2015.05.06-19.38.47:089][174]LogModuleManager: Shutting down and abandoning module SettingsEditor (139)
[2015.05.06-19.38.47:089][174]LogModuleManager: Shutting down and abandoning module ProjectLauncher (138)
[2015.05.06-19.38.47:089][174]LogModuleManager: Shutting down and abandoning module SessionFrontend (137)
[2015.05.06-19.38.47:089][174]LogModuleManager: Shutting down and abandoning module ProfilerClient (136)
[2015.05.06-19.38.47:089][174]LogModuleManager: Shutting down and abandoning module TargetDeviceServices (135)
[2015.05.06-19.38.47:089][174]LogModuleManager: Shutting down and abandoning module DeviceManager (134)
[2015.05.06-19.38.47:089][174]LogModuleManager: Shutting down and abandoning module AutomationController (133)
[2015.05.06-19.38.47:089][174]LogModuleManager: Shutting down and abandoning module AutomationWindow (132)
[2015.05.06-19.38.47:089][174]LogModuleManager: Shutting down and abandoning module Layers (131)
[2015.05.06-19.38.47:089][174]LogModuleManager: Shutting down and abandoning module ComponentVisualizers (130)
[2015.05.06-19.38.47:089][174]LogModuleManager: Shutting down and abandoning module DetailCustomizations (129)
[2015.05.06-19.38.47:090][174]LogModuleManager: Shutting down and abandoning module PackagesDialog (128)
[2015.05.06-19.38.47:090][174]LogModuleManager: Shutting down and abandoning module AssetRegistry (127)
[2015.05.06-19.38.47:140][174]LogModuleManager: Shutting down and abandoning module Persona (126)
[2015.05.06-19.38.47:140][174]LogModuleManager: Shutting down and abandoning module SlateReflector (125)
[2015.05.06-19.38.47:140][174]LogModuleManager: Shutting down and abandoning module LevelEditor (124)
[2015.05.06-19.38.47:141][174]LogModuleManager: Shutting down and abandoning module Kismet (123)
[2015.05.06-19.38.47:141][174]LogModuleManager: Shutting down and abandoning module GraphEditor (122)
[2015.05.06-19.38.47:142][174]LogModuleManager: Shutting down and abandoning module ClassViewer (121)
[2015.05.06-19.38.47:142][174]LogModuleManager: Shutting down and abandoning module Toolbox (120)
[2015.05.06-19.38.47:142][174]LogModuleManager: Shutting down and abandoning module ModuleUI (119)
[2015.05.06-19.38.47:142][174]LogModuleManager: Shutting down and abandoning module MovieSceneTools (118)
[2015.05.06-19.38.47:142][174]LogModuleManager: Shutting down and abandoning module OutputLog (117)
[2015.05.06-19.38.47:142][174]LogModuleManager: Shutting down and abandoning module GammaUI (116)
[2015.05.06-19.38.47:142][174]LogModuleManager: Shutting down and abandoning module Documentation (115)
[2015.05.06-19.38.47:142][174]LogModuleManager: Shutting down and abandoning module GameLiveStreaming (114)
[2015.05.06-19.38.47:142][174]LogModuleManager: Shutting down and abandoning module StreamingPauseRendering (113)
[2015.05.06-19.38.47:142][174]LogModuleManager: Shutting down and abandoning module HTTP (112)
[2015.05.06-19.38.47:142][174]LogModuleManager: Shutting down and abandoning module AnalyticsET (111)
[2015.05.06-19.38.47:142][174]LogModuleManager: Shutting down and abandoning module Analytics (110)
[2015.05.06-19.38.47:142][174]LogModuleManager: Shutting down and abandoning module AITestSuite (109)
[2015.05.06-19.38.47:142][174]LogModuleManager: Shutting down and abandoning module GameplayDebugger (108)
[2015.05.06-19.38.47:142][174]LogModuleManager: Shutting down and abandoning module AIModule (107)
[2015.05.06-19.38.47:142][174]LogModuleManager: Shutting down and abandoning module ProfilerService (106)
[2015.05.06-19.38.47:245][174]LogModuleManager: Shutting down and abandoning module TaskGraph (105)
[2015.05.06-19.38.47:245][174]LogModuleManager: Shutting down and abandoning module SlateRemote (104)
[2015.05.06-19.38.47:245][174]LogModuleManager: Shutting down and abandoning module ScriptEditorPlugin (103)
[2015.05.06-19.38.47:245][174]LogModuleManager: Shutting down and abandoning module CustomMeshComponent (102)
[2015.05.06-19.38.47:245][174]LogModuleManager: Shutting down and abandoning module CableComponent (101)
[2015.05.06-19.38.47:245][174]LogModuleManager: Shutting down and abandoning module MessagingDebugger (100)
[2015.05.06-19.38.47:245][174]LogModuleManager: Shutting down and abandoning module MediaPlayerEditor (99)
[2015.05.06-19.38.47:245][174]LogModuleManager: Shutting down and abandoning module SpeedTreeImporter (98)
[2015.05.06-19.38.47:245][174]LogModuleManager: Shutting down and abandoning module PluginsEditor (97)
[2015.05.06-19.38.47:245][174]LogModuleManager: Shutting down and abandoning module MainFrame (96)
[2015.05.06-19.38.47:245][174]LogModuleManager: Shutting down and abandoning module EpicSurvey (95)
[2015.05.06-19.38.47:245][174]LogModuleManager: Shutting down and abandoning module DesktopPlatform (94)
[2015.05.06-19.38.47:245][174]LogModuleManager: Shutting down and abandoning module DirectoryWatcher (93)
[2015.05.06-19.38.47:246][174]LogModuleManager: Shutting down and abandoning module HotReload (92)
[2015.05.06-19.38.47:246][174]LogModuleManager: Shutting down and abandoning module VisualStudioSourceCodeAccess (91)
[2015.05.06-19.38.47:246][174]LogModuleManager: Shutting down and abandoning module UObjectPlugin (90)
[2015.05.06-19.38.47:246][174]LogModuleManager: Shutting down and abandoning module SubversionSourceControl (89)
[2015.05.06-19.38.47:246][174]LogModuleManager: Shutting down and abandoning module PerforceSourceControl (88)
[2015.05.06-19.38.47:246][174]LogModuleManager: Shutting down and abandoning module SourceControl (87)
[2015.05.06-19.38.47:246][174]LogModuleManager: Shutting down and abandoning module GitSourceControl (86)
[2015.05.06-19.38.47:246][174]LogModuleManager: Shutting down and abandoning module BlankPlugin (85)
[2015.05.06-19.38.47:246][174]LogModuleManager: Shutting down and abandoning module PaperTiledImporter (84)
[2015.05.06-19.38.47:246][174]LogModuleManager: Shutting down and abandoning module PaperJsonImporter (83)
[2015.05.06-19.38.47:246][174]LogModuleManager: Shutting down and abandoning module ContentBrowser (82)
[2015.05.06-19.38.47:247][174]LogModuleManager: Shutting down and abandoning module Paper2DEditor (81)
[2015.05.06-19.38.47:247][174]LogModuleManager: Shutting down and abandoning module ScriptPlugin (80)
[2015.05.06-19.38.47:247][174]LogModuleManager: Shutting down and abandoning module UdpMessaging (79)
[2015.05.06-19.38.47:348][174]LogModuleManager: Shutting down and abandoning module Paper2D (78)
[2015.05.06-19.38.47:348][174]LogModuleManager: Shutting down and abandoning module WindowsMoviePlayer (77)
[2015.05.06-19.38.47:350][174]LogModuleManager: Shutting down and abandoning module Media (76)
[2015.05.06-19.38.47:350][174]LogModuleManager: Shutting down and abandoning module WmfMedia (75)
[2015.05.06-19.38.47:350][174]LogModuleManager: Shutting down and abandoning module OnlineBlueprintSupport (74)
[2015.05.06-19.38.47:350][174]LogModuleManager: Shutting down and abandoning module PropertyEditor (73)
[2015.05.06-19.38.47:350][174]LogModuleManager: Shutting down and abandoning module BehaviorTreeEditor (72)
[2015.05.06-19.38.47:350][174]LogModuleManager: Shutting down and abandoning module FunctionalTesting (71)
[2015.05.06-19.38.47:350][174]LogModuleManager: Shutting down and abandoning module CollisionAnalyzer (70)
[2015.05.06-19.38.47:350][174]LogModuleManager: Shutting down and abandoning module WorkspaceMenuStructure (69)
[2015.05.06-19.38.47:350][174]LogModuleManager: Shutting down and abandoning module MessageLog (68)
[2015.05.06-19.38.47:350][174]LogModuleManager: Shutting down and abandoning module Sequencer (67)
[2015.05.06-19.38.47:350][174]LogModuleManager: Shutting down and abandoning module AssetTools (66)
[2015.05.06-19.38.47:350][174]LogModuleManager: Shutting down and abandoning module UMGEditor (65)
[2015.05.06-19.38.47:350][174]LogModuleManager: Shutting down and abandoning module UMG (64)
[2015.05.06-19.38.47:350][174]LogModuleManager: Shutting down and abandoning module Slate (63)
[2015.05.06-19.38.47:350][174]LogModuleManager: Shutting down and abandoning module EditorStyle (62)
[2015.05.06-19.38.47:355][174]LogModuleManager: Shutting down and abandoning module SessionServices (61)
[2015.05.06-19.38.47:355][174]LogModuleManager: Shutting down and abandoning module SourceCodeAccess (60)
[2015.05.06-19.38.47:355][174]LogModuleManager: Shutting down and abandoning module HeadMountedDisplay (59)
[2015.05.06-19.38.47:355][174]LogModuleManager: Shutting down and abandoning module XAudio2 (58)
[2015.05.06-19.38.47:355][174]LogModuleManager: Shutting down and abandoning module Networking (56)
[2015.05.06-19.38.47:355][174]LogModuleManager: Shutting down and abandoning module Core (55)
[2015.05.06-19.38.47:355][174]LogModuleManager: Shutting down and abandoning module KismetCompiler (54)
[2015.05.06-19.38.47:355][174]LogModuleManager: Shutting down and abandoning module PhysXFormats (53)
[2015.05.06-19.38.47:355][174]LogModuleManager: Shutting down and abandoning module MeshUtilities (52)
[2015.05.06-19.38.47:355][174]LogModuleManager: Shutting down and abandoning module DerivedDataCache (51)
[2015.05.06-19.38.47:357][174]LogDerivedDataCache: Shutdown
[2015.05.06-19.38.47:357][174]LogModuleManager: Shutting down and abandoning module ShaderFormatOpenGL (50)
[2015.05.06-19.38.47:357][174]LogModuleManager: Shutting down and abandoning module ShaderFormatD3D (49)
[2015.05.06-19.38.47:357][174]LogModuleManager: Shutting down and abandoning module MetalShaderFormat (48)
[2015.05.06-19.38.47:357][174]LogModuleManager: Shutting down and abandoning module TextureFormatUncompressed (47)
[2015.05.06-19.38.47:357][174]LogModuleManager: Shutting down and abandoning module TextureFormatPVR (46)
[2015.05.06-19.38.47:357][174]LogModuleManager: Shutting down and abandoning module TextureFormatIntelISPCTexComp (45)
[2015.05.06-19.38.47:357][174]LogModuleManager: Shutting down and abandoning module TextureFormatDXT (44)
[2015.05.06-19.38.47:357][174]LogModuleManager: Shutting down and abandoning module ImageWrapper (43)
[2015.05.06-19.38.47:357][174]LogModuleManager: Shutting down and abandoning module TextureFormatASTC (42)
[2015.05.06-19.38.47:357][174]LogModuleManager: Shutting down and abandoning module TextureFormatAndroid (41)
[2015.05.06-19.38.47:357][174]LogModuleManager: Shutting down and abandoning module AudioFormatOpus (40)
[2015.05.06-19.38.47:357][174]LogModuleManager: Shutting down and abandoning module AudioFormatOgg (39)
[2015.05.06-19.38.47:357][174]LogModuleManager: Shutting down and abandoning module AudioFormatADPCM (38)
[2015.05.06-19.38.47:357][174]LogModuleManager: Shutting down and abandoning module LinuxTargetPlatform (37)
[2015.05.06-19.38.47:357][174]LogModuleManager: Shutting down and abandoning module LinuxServerTargetPlatform (36)
[2015.05.06-19.38.47:357][174]LogModuleManager: Shutting down and abandoning module LinuxNoEditorTargetPlatform (35)
[2015.05.06-19.38.47:357][174]LogModuleManager: Shutting down and abandoning module Messaging (34)
[2015.05.06-19.38.47:357][174]LogModuleManager: Shutting down and abandoning module IOSTargetPlatform (33)
[2015.05.06-19.38.47:357][174]LogModuleManager: Shutting down and abandoning module HTML5TargetPlatform (32)
[2015.05.06-19.38.47:357][174]LogModuleManager: Shutting down and abandoning module Android_PVRTCTargetPlatform (31)
[2015.05.06-19.38.47:357][174]LogModuleManager: Shutting down and abandoning module Android_ETC2TargetPlatform (30)
[2015.05.06-19.38.47:357][174]LogModuleManager: Shutting down and abandoning module Android_ETC1TargetPlatform (29)
[2015.05.06-19.38.47:357][174]LogModuleManager: Shutting down and abandoning module Android_ES31TargetPlatform (28)
[2015.05.06-19.38.47:357][174]LogModuleManager: Shutting down and abandoning module Android_DXTTargetPlatform (27)
[2015.05.06-19.38.47:357][174]LogModuleManager: Shutting down and abandoning module Android_ATCTargetPlatform (26)
[2015.05.06-19.38.47:357][174]LogModuleManager: Shutting down and abandoning module AndroidTargetPlatform (25)
[2015.05.06-19.38.47:357][174]LogModuleManager: Shutting down and abandoning module WindowsTargetPlatform (24)
[2015.05.06-19.38.47:357][174]LogModuleManager: Shutting down and abandoning module WindowsServerTargetPlatform (23)
[2015.05.06-19.38.47:357][174]LogModuleManager: Shutting down and abandoning module WindowsNoEditorTargetPlatform (22)
[2015.05.06-19.38.47:357][174]LogModuleManager: Shutting down and abandoning module WindowsClientTargetPlatform (21)
[2015.05.06-19.38.47:357][174]LogModuleManager: Shutting down and abandoning module TargetPlatform (20)
[2015.05.06-19.38.47:357][174]LogModuleManager: Shutting down and abandoning module InputCore (19)
[2015.05.06-19.38.47:357][174]LogModuleManager: Shutting down and abandoning module Settings (18)
[2015.05.06-19.38.47:357][174]LogModuleManager: Shutting down and abandoning module OnlineSubsystem (16)
[2015.05.06-19.38.47:357][174]LogModuleManager: Shutting down and abandoning module OculusRift (15)
[2015.05.06-19.38.47:357][174]LogModuleManager: Shutting down and abandoning module ExampleDeviceProfileSelector (14)
[2015.05.06-19.38.47:357][174]LogModuleManager: Shutting down and abandoning module TextureCompressor (13)
[2015.05.06-19.38.47:357][174]LogModuleManager: Shutting down and abandoning module ShaderCore (12)
[2015.05.06-19.38.47:357][174]LogModuleManager: Shutting down and abandoning module Landscape (11)
[2015.05.06-19.38.47:357][174]LogModuleManager: Shutting down and abandoning module SlateRHIRenderer (10)
[2015.05.06-19.38.47:361][174]LogModuleManager: Shutting down and abandoning module OpenGLDrv (9)
[2015.05.06-19.38.47:361][174]LogModuleManager: Shutting down and abandoning module D3D11RHI (8)
[2015.05.06-19.38.47:361][174]LogModuleManager: Shutting down and abandoning module Renderer (7)
[2015.05.06-19.38.47:361][174]LogModuleManager: Shutting down and abandoning module Engine (6)
[2015.05.06-19.38.47:361][174]LogModuleManager: Shutting down and abandoning module CoreUObject (5)
[2015.05.06-19.38.47:361][174]LogModuleManager: Shutting down and abandoning module NetworkFile (4)
[2015.05.06-19.38.47:361][174]LogModuleManager: Shutting down and abandoning module StreamingFile (3)
[2015.05.06-19.38.47:361][174]LogModuleManager: Shutting down and abandoning module SandboxFile (2)
[2015.05.06-19.38.47:361][174]LogModuleManager: Shutting down and abandoning module PakFile (1)
[2015.05.06-19.38.47:362][174]LogExit: Exiting.
[2015.05.06-19.38.47:367][174]Log file closed, 05/06/15 12:38:47
