Log file open, 05/05/15 22:55:36
LogInit:Display: Running engine for game: WilliamTheBrave
LogInit: Version: 4.7.2-2467323+++depot+UE4-Releases+4.7
LogInit: API Version: 2455222
LogInit: Compiled (64-bit): Mar  2 2015 23:16:34
LogInit: Compiled with Visual C++: 18.00.21005.01
LogInit: Build Configuration: Development
LogInit: Branch Name: ++depot+UE4-Releases+4.7
LogInit: Command line:  
LogInit: Base directory: C:/Program Files/Unreal Engine/4.7/Engine/Binaries/Win64/
LogInit: Rocket: 1
[2015.05.06-05.55.36:994][  0]LogTaskGraph: Started task graph with 3 named threads and 6 total threads.
[2015.05.06-05.55.37:080][  0]LogOnline:Warning: No default platform service specified for OnlineSubsystem
[2015.05.06-05.55.37:361][  0]LogInit: Presizing for 0 objects not considered by GC, pre-allocating 0 bytes.
[2015.05.06-05.55.37:622][  0]LogInit: Object subsystem initialized
[2015.05.06-05.55.37:774][  0]LogConsoleResponse:Warning: Skipping Unknown console variable: 'TranslucentSortAxis = (X=0.000000,Y=-1.000000,Z=0.000000)'
[2015.05.06-05.55.37:774][  0]LogConsoleResponse:Warning:   Found in ini file 'S:/GameDev/WilliamTheBrave/Saved/Config/Windows/Engine.ini', in section '[/Script/Engine.RendererSettings]'
[2015.05.06-05.55.37:774][  0]LogConsoleResponse:Warning: Skipping Unknown console variable: 'UIScaleRule = ShortestSide'
[2015.05.06-05.55.37:774][  0]LogConsoleResponse:Warning:   Found in ini file 'S:/GameDev/WilliamTheBrave/Saved/Config/Windows/Engine.ini', in section '[/Script/Engine.RendererSettings]'
[2015.05.06-05.55.37:774][  0]LogConsoleResponse:Warning: Skipping Unknown console variable: 'UIScaleCurve = (EditorCurveData=(Keys=),ExternalCurve=None)'
[2015.05.06-05.55.37:774][  0]LogConsoleResponse:Warning:   Found in ini file 'S:/GameDev/WilliamTheBrave/Saved/Config/Windows/Engine.ini', in section '[/Script/Engine.RendererSettings]'
[2015.05.06-05.55.37:859][  0]LogInit: Selected Device Profile: [Windows]
[2015.05.06-05.55.37:862][  0]LogInit: Applying CVar settings loaded from the selected device profile: [Windows]
[2015.05.06-05.55.37:986][  0]LogInit: Computer: FRED
[2015.05.06-05.55.37:986][  0]LogInit: User: William
[2015.05.06-05.55.37:986][  0]LogInit: CPU Page size=4096, Cores=4
[2015.05.06-05.55.37:986][  0]LogInit: High frequency timer resolution =2.923050 MHz
[2015.05.06-05.55.37:986][  0]LogMemory: Memory total: Physical=8.0GB (8GB approx) Virtual=131072.0GB
[2015.05.06-05.55.38:003][  0]LogMemory: Platform Memory Stats for Windows
[2015.05.06-05.55.38:003][  0]LogMemory: Process Physical Memory: 45.66 MB used, 45.66 MB peak
[2015.05.06-05.55.38:003][  0]LogMemory: Process Virtual Memory: 22.54 MB used, 22.54 MB peak
[2015.05.06-05.55.38:003][  0]LogMemory: Physical Memory: 4178.20 MB used, 8174.32 MB total
[2015.05.06-05.55.38:004][  0]LogMemory: Virtual Memory: 284.30 MB used, 134217728.00 MB total
[2015.05.06-05.55.38:266][  0]LogD3D11RHI: Found D3D11 adapter 0: NVIDIA GeForce GTS 450    (Feature Level 11_0)
[2015.05.06-05.55.38:266][  0]LogD3D11RHI: Adapter has 971MB of dedicated video memory, 0MB of dedicated system memory, and 3071MB of shared system memory, 1 output[s]
[2015.05.06-05.55.38:332][  0]LogD3D11RHI: Found D3D11 adapter 1: Microsoft Basic Render Driver (Feature Level 11_0)
[2015.05.06-05.55.38:332][  0]LogD3D11RHI: Adapter has 0MB of dedicated video memory, 0MB of dedicated system memory, and 256MB of shared system memory, 0 output[s]
[2015.05.06-05.55.38:332][  0]LogD3D11RHI: Chosen D3D11 Adapter Id = 0
[2015.05.06-05.55.38:372][  0]LogRHI: Texture pool is 680 MB (70% of 971 MB)
[2015.05.06-05.55.38:380][  0]LogD3D11RHI: Async texture creation enabled
[2015.05.06-05.55.41:701][  0]LogTextLocalizationManager: The requested culture ('en_US') has no localization data; parent culture's ('en') localization data will be used.
[2015.05.06-05.55.42:127][  0]LogContentStreaming: Texture pool size is 0.000000MB
[2015.05.06-05.55.53:900][  0]LogTargetPlatformManager:Display: Building Assets For Windows
[2015.05.06-05.55.55:873][  0]LogTargetPlatformManager:Display: Building Assets For Windows
[2015.05.06-05.55.56:063][  0]LogDerivedDataCache:Display: Max Cache Size: 512 MB
[2015.05.06-05.55.57:308][  0]LogDerivedDataCache: Loaded boot cache 1.23s 39MB C:/Users/William/AppData/Local/UnrealEngine/4.7/DerivedDataCache/Boot.ddc.
[2015.05.06-05.55.57:308][  0]LogDerivedDataCache:Display: Loaded Boot cache: C:/Users/William/AppData/Local/UnrealEngine/4.7/DerivedDataCache/Boot.ddc
[2015.05.06-05.55.57:308][  0]LogDerivedDataCache: FDerivedDataBackendGraph:  Pak pak cache file S:/GameDev/WilliamTheBrave/DerivedDataCache/DDC.ddp not found, will not use a pak cache.
[2015.05.06-05.55.57:308][  0]LogDerivedDataCache: Unable to find inner node Pak for hierarchical cache Hierarchy.
[2015.05.06-05.55.57:639][  0]LogDerivedDataCache:Display: Pak cache opened for reading ../../../Engine/DerivedDataCache/Compressed.ddp.
[2015.05.06-05.55.57:678][  0]LogDerivedDataCache: Using Local data cache path C:/Users/William/AppData/Local/UnrealEngine/Common/DerivedDataCache: Writable
[2015.05.06-05.56.10:826][  0]LogMeshUtilities: No automatic mesh reduction module available
[2015.05.06-05.56.10:826][  0]LogMeshUtilities: No automatic mesh merging module available
[2015.05.06-05.56.16:543][  0]LogInit: WinSock: version 1.1 (2.2), MaxSocks=32767, MaxUdp=65467
[2015.05.06-05.56.17:153][  0]LogSlate:Warning: Failed to load font data from '../../../Engine/Content/Slate/Fonts/Roboto-Italic.ttf'
[2015.05.06-05.56.40:986][  0]UdpMessaging: Initializing bridge on interface 0.0.0.0:0 to multicast group 230.0.0.1:6666.
[2015.05.06-05.56.42:173][  0]SourceControl: Info Source control is disabled
[2015.05.06-05.56.42:187][  0]SourceControl: Info Source control is disabled
[2015.05.06-05.56.42:187][  0]SourceControl: Info Source control is disabled
[2015.05.06-05.56.42:198][  0]LogSourceControl: RunCommandInternalRaw: 'git version'
[2015.05.06-05.56.42:198][  0]LogSourceControl: RunCommandInternalRaw: ExecProcess ReturnCode=2 OutResults=''
[2015.05.06-05.56.43:697][  0]LogObj: 24231 objects as part of root set at end of initial load.
[2015.05.06-05.56.43:697][  0]LogUObjectAllocator: 5136440 out of 0 bytes used by permanent object pool.
[2015.05.06-05.56.44:460][  0]LogEngine: Initializing Engine...
[2015.05.06-05.56.47:294][  0]LogInit: XAudio2 using 'Speakers (High Definition Audio Device)' : 2 channels at 44.1 kHz using 16 bits per sample (channel mask 0x3)
[2015.05.06-05.56.47:381][  0]LogInit: FAudioDevice initialized.
[2015.05.06-05.56.47:940][  0]LogAIModule: Creating AISystem for world NewWorld
[2015.05.06-05.56.48:031][  0]LogDerivedDataCache: Saved boot cache 0.03s 39MB C:/Users/William/AppData/Local/UnrealEngine/4.7/DerivedDataCache/Boot.ddc.
[2015.05.06-05.56.48:038][  0]LogInit: Texture streaming: Enabled
[2015.05.06-05.56.48:833][  0]LogAnalytics: Creating configured Analytics provider AnalyticsET
[2015.05.06-05.56.48:833][  0]LogAnalytics: ET APIKey = Rocket.Release. APIServer = http://et2.epicgames.com/ET2/. AppVersion = 4.7.2-2467323+++depot+UE4-Releases+4.7
[2015.05.06-05.56.48:833][  0]LogAnalytics: ET APIKey = Rocket.Release. DataRouterUploadURL = https://datarouter-public-service-gamedev.ol.epicgames.net/datarouter/api/v1/public/data. AppVersion = 4.7.2-2467323+++depot+UE4-Releases+4.7
[2015.05.06-05.56.48:833][  0]LogAnalytics: SetUserId 36daed364a6088c1be5d00993336a085|9b9f7eefc88a4ce5a9f9ea0297ce6769|8ef09727-ec57-4232-a159-43540120937a
[2015.05.06-05.56.48:869][  0]LogAnalytics: AnalyticsET::StartSession [Rocket.Release]
[2015.05.06-05.56.49:555][  0]LogInit: Transaction tracking system initialized
[2015.05.06-05.56.51:583][  0]BlueprintLog: New page: Editor Load
[2015.05.06-05.56.51:706][  0]LogAssetRegistry: FAssetRegistry took 0.0148 seconds to start up
[2015.05.06-05.56.51:707][  0]LogDirectoryWatcher:Warning: Failed to begin reading directory changes for ../../../Engine/Plugins/Experimental/CharacterAI/Content/. Error: 0
[2015.05.06-05.56.54:603][  0]LogTargetPlatformManager:Display: Building Assets For Windows
[2015.05.06-05.56.55:318][  0]LogTargetPlatformManager:Display: Building Assets For Windows
[2015.05.06-05.56.56:641][  0]LogSlate:Warning: Failed to load font data from '../../../Engine/Content/Editor/Slate/Fonts/Roboto-Regular.ttf'
[2015.05.06-05.56.56:645][  0]LogSlate:Warning: Failed to load font data from '../../../Engine/Content/Editor/Slate/Fonts/Roboto-Bold.ttf'
[2015.05.06-05.56.56:846][  0]LogConsoleResponse:Display: 
[2015.05.06-05.57.00:084][  0]LogCook:Display: Done creating registry. It took  0.00s.
[2015.05.06-05.57.03:243][  0]LogSourceControl: RunCommandInternalRaw: 'git version'
[2015.05.06-05.57.03:244][  0]LogSourceControl: RunCommandInternalRaw: ExecProcess ReturnCode=2 OutResults=''
[2015.05.06-05.57.03:361][  0]Cmd: MAP LOAD FILE="../../../Engine/Content/Maps/Templates/Template_Default.umap" TEMPLATE=1 SHOWPROGRESS=1 FEATURELEVEL=3
[2015.05.06-05.57.03:425][  0]LightingResults: New page: Lighting Build
[2015.05.06-05.57.03:598][  0]MapCheck: New page: Map Check
[2015.05.06-05.57.03:598][  0]LightingResults: New page: Lighting Build
[2015.05.06-05.57.03:995][  0]LogParticles: Destroying 0 GPU particle simulations for FXSystem 0x0000005A43D1FB00
[2015.05.06-05.57.08:635][  0]LogEditorServer: Finished looking for orphan Actors (0.000 secs)
[2015.05.06-05.57.08:649][  0]LogAIModule: Creating AISystem for world Untitled_1
[2015.05.06-05.57.08:659][  0]Cmd: MAP CHECKDEP
[2015.05.06-05.57.08:674][  0]MapCheck: New page: Untitled_1 - May 5, 2015, 3:57:08 PM
[2015.05.06-05.57.08:807][  0]MapCheck: Info Map check complete: 0 Error(s), 0 Warning(s), took 146.668ms to complete.
[2015.05.06-05.57.08:807][  0]LogFileHelpers: Loading map 'Template_Default' took 5.511
[2015.05.06-05.57.10:076][  0]LogCollectionManager: Loaded 0 collections in 0.002225 seconds
[2015.05.06-05.57.10:137][  0]LogContentBrowser: Native class hierarchy populated in 0.0412 seconds. Added 1696 classes and 261 folders.
[2015.05.06-05.57.11:042][  0]LogContentBrowser: Native class hierarchy updated for 'SceneOutliner' in 0.0030 seconds. Added 1 classes and 2 folders.
[2015.05.06-05.57.11:991][  0]LogCrashTracker: Crashtracker disabled due to settings.
[2015.05.06-05.57.12:055][  0]LogSlate:Warning: Failed to load font data from 'Veranda'
[2015.05.06-05.57.12:114][  0]LogUObjectGlobals:Warning: Failed to find object 'Class None.'
[2015.05.06-05.57.12:209][  0]LogLoad: Full Startup: 105.67 seconds (BP compile: 0.91 seconds)
[2015.05.06-05.57.12:636][  0]LogContentBrowser:Verbose: The content browser source was changed by the sources view to '/Game/Maps/Temple'
[2015.05.06-05.57.13:945][  0]LogRenderer:Warning: Reallocating scene render targets to support 712x616 (Frame:2).
[2015.05.06-05.57.15:278][  4]LogAssetRegistry: Asset discovery search completed in 23.5865 seconds
[2015.05.06-06.04.59:364][616]LogContentBrowser:Verbose: The content browser source was changed by the sources view to '/Game/Maps'
[2015.05.06-06.05.00:310][717]LogContentBrowser:Verbose: The content browser source was changed by the sources view to '/Game/Maps/Temple'
[2015.05.06-06.05.07:431][376]Cmd: MAP LOAD FILE="S:/GameDev/WilliamTheBrave/Content/Maps/Temple/Temple.umap" TEMPLATE=0 SHOWPROGRESS=1 FEATURELEVEL=3
[2015.05.06-06.05.07:431][376]LightingResults: New page: Lighting Build
[2015.05.06-06.05.07:493][376]LoadErrors: New page: Loading map: Temple.umap
[2015.05.06-06.05.07:505][376]MapCheck: New page: Map Check
[2015.05.06-06.05.07:505][376]LightingResults: New page: Lighting Build
[2015.05.06-06.05.07:522][376]LogParticles: Destroying 0 GPU particle simulations for FXSystem 0x0000005A52CA6700
[2015.05.06-06.05.07:571][376]LogEditorServer: Finished looking for orphan Actors (0.000 secs)
[2015.05.06-06.05.07:571][376]LogAIModule: Creating AISystem for world Temple
[2015.05.06-06.05.07:609][376]Cmd: MAP CHECKDEP
[2015.05.06-06.05.07:610][376]MapCheck: New page: Temple - May 5, 2015, 4:05:07 PM
[2015.05.06-06.05.07:707][376]MapCheck: Info Map check complete: 0 Error(s), 0 Warning(s), took 97.385ms to complete.
[2015.05.06-06.05.07:707][376]LogFileHelpers: Loading map 'Temple' took 0.294
[2015.05.06-06.15.09:584][181]Cmd: OBJ SAVEPACKAGE PACKAGE="/Game/Maps/Temple/Temple" FILE="S:/GameDev/WilliamTheBrave/Saved/Autosaves/Game/Maps/Temple/Temple_Auto1.umap" SILENT=true AUTOSAVING=true KEEPDIRTY=false
[2015.05.06-06.15.09:670][181]LogSavePackage: Save=63.060162ms
[2015.05.06-06.15.09:670][181]LogSavePackage: Moving 'S:/GameDev/WilliamTheBrave/Saved/Temple_Auto16DB23A6F400A3D85662B098277A906F5.tmp' to 'S:/GameDev/WilliamTheBrave/Saved/Autosaves/Game/Maps/Temple/Temple_Auto1.umap'
[2015.05.06-06.15.09:675][181]LogFileHelpers: Editor autosave (incl. sublevels) for '/Game/Maps/Temple/Temple' took 0.418
[2015.05.06-06.15.09:675][181]LogFileHelpers: Editor autosave (incl. sublevels) for all levels took 0.418
[2015.05.06-06.32.44:230][955]LogEditorViewport: Clicking on Actor (LMB): StaticMeshActor (MapPieces_Box4)
[2015.05.06-06.32.49:340][956]LogEditorViewport: Clicking on Actor (LMB): StaticMeshActor (MapPieces_Box4)
[2015.05.06-06.33.11:992][ 10]Cmd: SELECT NONE
[2015.05.06-06.33.12:516][ 35]Cmd: OBJ SAVEPACKAGE PACKAGE="/Game/Maps/Temple/Temple" FILE="S:/GameDev/WilliamTheBrave/Saved/Autosaves/Game/Maps/Temple/Temple_Auto2.umap" SILENT=true AUTOSAVING=true KEEPDIRTY=false
[2015.05.06-06.33.12:563][ 35]LogSavePackage: Save=41.557278ms
[2015.05.06-06.33.12:563][ 35]LogSavePackage: Moving 'S:/GameDev/WilliamTheBrave/Saved/Temple_Auto22C378C584EC43F57CC9D08A5A8DC6CED.tmp' to 'S:/GameDev/WilliamTheBrave/Saved/Autosaves/Game/Maps/Temple/Temple_Auto2.umap'
[2015.05.06-06.33.12:569][ 35]LogFileHelpers: Editor autosave (incl. sublevels) for '/Game/Maps/Temple/Temple' took 0.125
[2015.05.06-06.33.12:569][ 35]LogFileHelpers: Editor autosave (incl. sublevels) for all levels took 0.125
[2015.05.06-06.33.15:567][376]LogEditorViewport: Clicking on Actor (LMB): StaticMeshActor (MapPieces_Box18)
[2015.05.06-06.33.15:807][397]Cmd: DELETE
[2015.05.06-06.33.15:807][397]Cmd: ACTOR DELETE
[2015.05.06-06.33.15:808][397]LogEditorActor: Deleted Actor: StaticMeshActor
[2015.05.06-06.33.15:819][397]LogEditorActor: Deleted 1 Actors (0.012 secs)
[2015.05.06-06.33.16:557][482]Cmd: TRANSACTION UNDO
[2015.05.06-06.33.16:557][482]LogEditorTransaction: Undo Delete Actors
[2015.05.06-06.33.17:746][559]Cmd: SELECT NONE
[2015.05.06-06.33.40:090][198]LogEditorViewport: Clicking on Actor (LMB): StaticMeshActor (MapPieces_Box20)
[2015.05.06-06.33.48:389][870]LogEditorViewport: Clicking on Actor (LMB): StaticMeshActor (MapPieces_Box006)
[2015.05.06-06.33.56:391][670]Cmd: SELECT NONE
[2015.05.06-06.33.59:110][954]LogEditorViewport: Clicking on Actor (LMB): StaticMeshActor (MapPieces_Box21)
[2015.05.06-06.33.59:610][992]LogEditorViewport: Clicking on Actor (CTRL LMB): StaticMeshActor (MapPieces_Box20)
[2015.05.06-06.34.09:017][950]Cmd: SELECT NONE
[2015.05.06-06.34.14:338][527]LogEditorViewport: Clicking on Actor (LMB): StaticMeshActor (MapPieces_Box23)
[2015.05.06-06.34.14:784][556]LogEditorViewport: Clicking on Actor (CTRL LMB): StaticMeshActor (MapPieces_Box24)
[2015.05.06-06.34.16:498][744]LogEditorViewport: Clicking on Actor (LMB): StaticMeshActor (MapPieces_Box22)
[2015.05.06-06.34.21:176][218]LogEditorViewport: Clicking on Actor (LMB): StaticMeshActor (MapPieces_Box23)
[2015.05.06-06.34.21:625][244]LogEditorViewport: Clicking on Actor (CTRL LMB): StaticMeshActor (MapPieces_Box24)
[2015.05.06-06.34.31:101][194]LogEditorViewport: Clicking on Actor (LMB): StaticMeshActor (MapPieces_Box25)
[2015.05.06-06.34.33:420][458]LogEditorViewport: Clicking on Actor (LMB): StaticMeshActor (MapPieces_Box23)
[2015.05.06-06.34.34:008][521]LogEditorViewport: Clicking on Actor (CTRL LMB): StaticMeshActor (MapPieces_Box27)
[2015.05.06-06.34.34:676][593]LogEditorViewport: Clicking on Actor (CTRL LMB): StaticMeshActor (MapPieces_Box26)
[2015.05.06-06.34.35:298][660]LogEditorViewport: Clicking on Actor (CTRL LMB): StaticMeshActor (MapPieces_Box24)
[2015.05.06-06.34.39:638][ 79]Cmd: SELECT NONE
[2015.05.06-06.34.39:882][108]Cmd: SELECT NONE
[2015.05.06-06.34.45:800][782]LogEditorViewport: Clicking on Actor (LMB): StaticMeshActor (MapPieces_Box23)
[2015.05.06-06.34.46:410][826]LogEditorViewport: Clicking on Actor (CTRL LMB): StaticMeshActor (MapPieces_Box27)
[2015.05.06-06.35.01:791][283]Cmd: SELECT NONE
[2015.05.06-06.35.02:024][297]Cmd: SELECT NONE
[2015.05.06-06.35.04:356][524]LogPlayLevel: PIE:  No blueprints needed recompiling
[2015.05.06-06.35.04:356][524]PIE: New page: PIE session: Temple (May 5, 2015, 4:35:04 PM)
[2015.05.06-06.35.04:362][524]LogPlayLevel: PIE: StaticDuplicateObject took: (0.005723s)
[2015.05.06-06.35.04:363][524]LogPlayLevel: PIE: World Init took: (0.000701s)
[2015.05.06-06.35.04:363][524]LogPlayLevel: PIE: Created PIE world by copying editor world from /Game/Maps/Temple/Temple.Temple to /Game/Maps/Temple/UEDPIE_0_Temple.Temple (0.006606s)
[2015.05.06-06.35.04:479][524]LogWorld: Game class is 'GameMode'
[2015.05.06-06.35.04:570][524]LogAIModule: Creating AISystem for world Temple
[2015.05.06-06.35.04:577][524]LogWorld: Bringing World /Game/Maps/Temple/UEDPIE_0_Temple.Temple up for play (max tick rate 0) at 2015.05.05-23.35.04
[2015.05.06-06.35.04:578][524]LogWorld: Bringing up level for play took: 0.007400
[2015.05.06-06.35.04:620][524]LogGameMode: Warning - PATHS NOT DEFINED or NO PLAYERSTART with positive rating
[2015.05.06-06.35.04:713][524]PIE: Info Play in editor start time for /Game/Maps/Temple/UEDPIE_0_Temple 0.851
[2015.05.06-06.35.37:480][327]LogParticles: Destroying 0 GPU particle simulations for FXSystem 0x0000005A4BDF6700
[2015.05.06-06.35.53:520][141]LogEditorViewport: Clicking on Actor (LMB): BP_Sky_Sphere_C (Sky Sphere)
[2015.05.06-06.35.53:874][160]LogEditorViewport: Clicking on Actor (LMB): StaticMeshActor (MapPieces_Box31)
[2015.05.06-06.35.54:825][259]LogEditorViewport: Clicking on Actor (CTRL LMB): StaticMeshActor (MapPieces_Box30)
[2015.05.06-06.36.01:993][977]LogEditorViewport: Clicking on Actor (context menu): StaticMeshActor (MapPieces_Box33)
[2015.05.06-06.36.03:364][101]Cmd: SELECT NONE
[2015.05.06-06.36.18:766][834]LogEditorViewport: Clicking on Actor (CTRL LMB): StaticMeshActor (MapPieces_Box28)
[2015.05.06-06.36.19:757][943]LogEditorViewport: Clicking on Actor (CTRL LMB): StaticMeshActor (MapPieces_Box30)
[2015.05.06-06.36.20:472][ 20]LogEditorViewport: Clicking on Actor (CTRL LMB): StaticMeshActor (MapPieces_Box28)
[2015.05.06-06.36.20:965][ 72]LogEditorViewport: Clicking on Actor (CTRL LMB): StaticMeshActor (MapPieces_Box23)
[2015.05.06-06.36.21:878][172]LogEditorViewport: Clicking on Actor (CTRL LMB): StaticMeshActor (MapPieces_Box32)
[2015.05.06-06.36.35:648][460]Cmd: SELECT NONE
[2015.05.06-06.36.35:861][478]Cmd: SELECT NONE
[2015.05.06-06.36.45:007][503]LogEditorViewport: Clicking on Actor (LMB): StaticMeshActor (MapPieces_StraightStair001)
[2015.05.06-06.37.19:213][  6]Cmd: SELECT NONE
[2015.05.06-06.37.31:056][362]LogEditorViewport: Clicking on Actor (LMB): StaticMeshActor (MapPieces_Box34)
[2015.05.06-06.37.31:473][387]LogEditorViewport: Clicking on Actor (CTRL LMB): StaticMeshActor (MapPieces_Box35)
[2015.05.06-06.37.32:253][472]LogEditorViewport: Clicking on Actor (LMB): StaticMeshActor (MapPieces_Box34)
[2015.05.06-06.37.49:760][189]Cmd: SELECT NONE
[2015.05.06-06.37.57:741][ 97]LogEditorViewport: Clicking on Actor (LMB): StaticMeshActor (MapPieces_Box38)
[2015.05.06-06.38.04:850][729]LogEditorViewport: Clicking on Actor (LMB): StaticMeshActor (MapPieces_Box22)
[2015.05.06-06.38.09:216][150]Cmd: TRANSACTION UNDO
[2015.05.06-06.38.09:216][150]LogEditorTransaction: Undo Move Actors
[2015.05.06-06.38.45:642][568]Cmd: SELECT NONE
[2015.05.06-06.38.45:868][586]Cmd: SELECT NONE
[2015.05.06-06.39.09:836][237]Cmd: OBJ SAVEPACKAGE PACKAGE="/Game/Maps/Temple/Temple" FILE="S:/GameDev/WilliamTheBrave/Content/Maps/Temple/Temple.umap" SILENT=true AUTOSAVING=false KEEPDIRTY=false
[2015.05.06-06.39.09:924][237]LogSavePackage: Save=52.577957ms
[2015.05.06-06.39.09:924][237]LogSavePackage: Moving 'S:/GameDev/WilliamTheBrave/Saved/Temple662D9C9F485D3F0DFF0FCFA7CE0E744B.tmp' to 'S:/GameDev/WilliamTheBrave/Content/Maps/Temple/Temple.umap'
[2015.05.06-06.39.20:356][259]SourceControl:Error: Error Failed to connect to source control. Check your settings and connection then try again.
[2015.05.06-06.39.22:228][443]LogSourceControl: RunCommandInternalRaw: 'git version'
[2015.05.06-06.39.22:228][443]LogSourceControl: RunCommandInternalRaw: ExecProcess ReturnCode=2 OutResults=''
[2015.05.06-06.39.22:228][443]LogSourceControl: RunCommandInternalRaw: 'git version'
[2015.05.06-06.39.22:228][443]LogSourceControl: RunCommandInternalRaw: ExecProcess ReturnCode=2 OutResults=''
[2015.05.06-06.39.49:074][810]LogSourceControl: RunCommandInternalRaw: 'git version'
[2015.05.06-06.39.49:453][810]LogSourceControl: RunCommandInternalRaw: ExecProcess ReturnCode=0 OutResults='git version 1.9.5.github.0
'
[2015.05.06-06.39.49:776][848]LogSourceControl: RunCommandInternalRaw: 'git version'
[2015.05.06-06.39.49:784][848]LogSourceControl: RunCommandInternalRaw: ExecProcess ReturnCode=0 OutResults='git version 1.9.5.github.0
'
[2015.05.06-06.39.49:784][848]LogSourceControl: RunCommandInternalRaw: 'git version'
[2015.05.06-06.39.49:791][848]LogSourceControl: RunCommandInternalRaw: ExecProcess ReturnCode=0 OutResults='git version 1.9.5.github.0
'
[2015.05.06-06.39.49:913][863]LogSourceControl: RunCommandInternalRaw: 'git status'
[2015.05.06-06.39.50:774][963]LogSourceControl: RunCommandInternalRaw: ExecProcess ReturnCode=0 OutResults='On branch master
Your branch is up-to-date with 'origin/master'.

Changes not staged for commit:
  (use "git add <file>..." to update what will be committed)
  (use "git checkout -- <file>..." to discard changes in working directory)

	modified:   Content/Maps/Temple/Temple.umap
	modified:   Intermediate/CachedAssetRegistry.bin
	modified:   Saved/AutoScreenshot.png
	modified:   Saved/Config/Windows/EditorLayout.ini
	modified:   Saved/Config/Windows/EditorUserSettings.ini
	modified:   Saved/Config/Windows/SourceControlSettings.ini
	modified:   Saved/Logs/WilliamTheBrave.log

Untracked files:
  (use "git add <file>..." to include in what will be committed)

	Saved/Autosaves/Game/Maps/Temple/Temple_Auto1.umap
	Saved/Autosaves/Game/Maps/Temple/Temple_Auto2.umap
	Saved/Backup/Temple_2015-05-05-23-15-09.umap
	Saved/Backup/Temple_2015-05-05-23-33-12.umap
	Saved/Backup/Temple_2015-05-05-23-39-09.umap
	Saved/Logs/WilliamTheBrave-backup-2015.05.05-22.55.36.log

no changes added to commit (use "git add" and/or "git commit -a")
'
[2015.05.06-06.39.50:774][963]LogSourceControl: RunCommandInternalRaw: 'git symbolic-ref --short HEAD'
[2015.05.06-06.39.50:780][964]LogSourceControl: RunCommandInternalRaw: ExecProcess ReturnCode=0 OutResults='master
'
[2015.05.06-06.39.50:783][964]SourceControl: Info master
[2015.05.06-06.39.58:543][789]LogSourceControl: RunCommandInternalRaw: 'git status --porcelain --ignored "S:/GameDev/WilliamTheBrave/Content/Maps/Temple/Temple.umap"'
[2015.05.06-06.39.58:565][792]LogSourceControl: RunCommandInternalRaw: ExecProcess ReturnCode=0 OutResults=' M Content/Maps/Temple/Temple.umap
'
[2015.05.06-06.40.01:395][110]LogSourceControl: RunCommandInternalRaw: 'git status --porcelain --ignored "S:/GameDev/WilliamTheBrave/Content/Maps/Temple/MapPieces_Box006.uasset"'
[2015.05.06-06.40.01:412][112]LogSourceControl: RunCommandInternalRaw: ExecProcess ReturnCode=0 OutResults=''
[2015.05.06-06.40.02:678][203]SourceControl:Error: Error Operation 'Sync' not supported by source control provider 'Git'
[2015.05.06-06.40.05:137][487]LogSourceControl: RunCommandInternalRaw: 'git status --porcelain --ignored "S:/GameDev/WilliamTheBrave/Content/Maps/Temple/MapPieces_Box006.uasset"'
[2015.05.06-06.40.05:147][488]LogSourceControl: RunCommandInternalRaw: ExecProcess ReturnCode=0 OutResults=''
[2015.05.06-06.40.05:487][529]LogSourceControl: RunCommandInternalRaw: 'git status --porcelain --ignored "S:/GameDev/WilliamTheBrave/Content/Maps/Temple/MapPieces_Box005.uasset"'
[2015.05.06-06.40.05:499][530]LogSourceControl: RunCommandInternalRaw: ExecProcess ReturnCode=0 OutResults=''
[2015.05.06-06.51.40:687][ 99]LogSourceControl: RunCommandInternalRaw: 'git status --porcelain --ignored "S:/GameDev/WilliamTheBrave/Content/Maps/Temple/Temple.umap"'
[2015.05.06-06.51.40:703][ 99]LogSourceControl: RunCommandInternalRaw: ExecProcess ReturnCode=0 OutResults=' M Content/Maps/Temple/Temple.umap
'
[2015.05.06-06.51.40:788][ 99]Cmd: OBJ SAVEPACKAGE PACKAGE="/Game/Maps/Temple/Temple" FILE="S:/GameDev/WilliamTheBrave/Content/Maps/Temple/Temple.umap" SILENT=true AUTOSAVING=false KEEPDIRTY=false
[2015.05.06-06.51.40:855][ 99]LogSavePackage: Save=51.241684ms
[2015.05.06-06.51.40:855][ 99]LogSavePackage: Moving 'S:/GameDev/WilliamTheBrave/Saved/Temple3B4C31AA4DFD778BB89EE6900D7E04FD.tmp' to 'S:/GameDev/WilliamTheBrave/Content/Maps/Temple/Temple.umap'
[2015.05.06-06.51.40:914][100]LogSourceControl: RunCommandInternalRaw: 'git status --porcelain --ignored "S:/GameDev/WilliamTheBrave/Content/Maps/Temple/Temple.umap"'
[2015.05.06-06.51.40:924][101]LogSourceControl: RunCommandInternalRaw: ExecProcess ReturnCode=0 OutResults=' M Content/Maps/Temple/Temple.umap
'
[2015.05.06-06.51.42:960][282]Cmd: QUIT_EDITOR
[2015.05.06-06.51.43:292][282]LogExit: Preparing to exit.
[2015.05.06-06.51.43:960][282]LogExit: Editor shut down
[2015.05.06-06.51.43:961][282]LogExit: Transaction tracking system shut down
[2015.05.06-06.51.43:961][282]LogParticles: Destroying 0 GPU particle simulations for FXSystem 0x0000005A4DB854E0
[2015.05.06-06.51.43:962][282]LogParticles: Destroying 0 GPU particle simulations for FXSystem 0x0000005A4DB87920
[2015.05.06-06.51.43:962][282]LogParticles: Destroying 0 GPU particle simulations for FXSystem 0x0000005A52E4E8E0
[2015.05.06-06.51.44:306][282]LogParticles: Destroying 0 GPU particle simulations for FXSystem 0x0000005A4E15A0C0
[2015.05.06-06.51.44:306][282]LogExit: Object subsystem successfully closed.
[2015.05.06-06.51.44:515][282]LogModuleManager: Shutting down and abandoning module CrashTracker (177)
[2015.05.06-06.51.44:515][282]LogModuleManager: Shutting down and abandoning module SuperSearch (176)
[2015.05.06-06.51.44:515][282]LogModuleManager: Shutting down and abandoning module SceneOutliner (175)
[2015.05.06-06.51.44:515][282]LogModuleManager: Shutting down and abandoning module EditorWidgets (174)
[2015.05.06-06.51.44:515][282]LogModuleManager: Shutting down and abandoning module CollectionManager (173)
[2015.05.06-06.51.44:528][282]LogModuleManager: Shutting down and abandoning module StatsViewer (172)
[2015.05.06-06.51.44:550][282]LogModuleManager: Shutting down and abandoning module FoliageEdit (171)
[2015.05.06-06.51.44:550][282]LogModuleManager: Shutting down and abandoning module LandscapeEditor (170)
[2015.05.06-06.51.44:567][282]LogModuleManager: Shutting down and abandoning module MeshPaint (169)
[2015.05.06-06.51.44:567][282]LogModuleManager: Shutting down and abandoning module ActorPickerMode (168)
[2015.05.06-06.51.44:567][282]LogModuleManager: Shutting down and abandoning module GeometryMode (167)
[2015.05.06-06.51.44:567][282]LogModuleManager: Shutting down and abandoning module TextureAlignMode (166)
[2015.05.06-06.51.44:567][282]LogModuleManager: Shutting down and abandoning module BspMode (165)
[2015.05.06-06.51.44:567][282]LogModuleManager: Shutting down and abandoning module PlacementMode (164)
[2015.05.06-06.51.44:567][282]LogModuleManager: Shutting down and abandoning module AutomationWorker (163)
[2015.05.06-06.51.44:567][282]LogModuleManager: Shutting down and abandoning module CharacterAI (162)
[2015.05.06-06.51.44:567][282]LogModuleManager: Shutting down and abandoning module SmartSnapping (161)
[2015.05.06-06.51.44:567][282]LogModuleManager: Shutting down and abandoning module ViewportSnapping (160)
[2015.05.06-06.51.44:567][282]LogModuleManager: Shutting down and abandoning module LogVisualizer (159)
[2015.05.06-06.51.44:568][282]LogModuleManager: Shutting down and abandoning module GameProjectGeneration (158)
[2015.05.06-06.51.44:580][282]LogModuleManager: Shutting down and abandoning module IntroTutorials (157)
[2015.05.06-06.51.44:587][282]LogModuleManager: Shutting down and abandoning module EditorLiveStreaming (156)
[2015.05.06-06.51.44:587][282]LogModuleManager: Shutting down and abandoning module HardwareTargeting (155)
[2015.05.06-06.51.44:587][282]LogModuleManager: Shutting down and abandoning module DeviceProfileEditor (154)
[2015.05.06-06.51.44:587][282]LogModuleManager: Shutting down and abandoning module UndoHistory (153)
[2015.05.06-06.51.44:587][282]LogModuleManager: Shutting down and abandoning module GameplayTagsEditor (152)
[2015.05.06-06.51.44:587][282]LogModuleManager: Shutting down and abandoning module UserFeedback (151)
[2015.05.06-06.51.44:587][282]LogModuleManager: Shutting down and abandoning module XmlParser (150)
[2015.05.06-06.51.44:587][282]LogModuleManager: Shutting down and abandoning module Blutility (149)
[2015.05.06-06.51.44:587][282]LogModuleManager: Shutting down and abandoning module IOSPlatformEditor (148)
[2015.05.06-06.51.44:587][282]LogModuleManager: Shutting down and abandoning module IOSRuntimeSettings (147)
[2015.05.06-06.51.44:587][282]LogModuleManager: Shutting down and abandoning module AndroidDeviceDetection (146)
[2015.05.06-06.51.45:462][282]LogModuleManager: Shutting down and abandoning module AndroidPlatformEditor (145)
[2015.05.06-06.51.45:462][282]LogModuleManager: Shutting down and abandoning module AndroidRuntimeSettings (144)
[2015.05.06-06.51.45:462][282]LogModuleManager: Shutting down and abandoning module ProjectTargetPlatformEditor (143)
[2015.05.06-06.51.45:462][282]LogModuleManager: Shutting down and abandoning module ProjectSettingsViewer (142)
[2015.05.06-06.51.45:462][282]LogModuleManager: Shutting down and abandoning module InputBindingEditor (141)
[2015.05.06-06.51.45:471][282]LogModuleManager: Shutting down and abandoning module EditorSettingsViewer (140)
[2015.05.06-06.51.45:471][282]LogModuleManager: Shutting down and abandoning module SettingsEditor (139)
[2015.05.06-06.51.45:483][282]LogModuleManager: Shutting down and abandoning module ProjectLauncher (138)
[2015.05.06-06.51.45:495][282]LogModuleManager: Shutting down and abandoning module SessionFrontend (137)
[2015.05.06-06.51.45:495][282]LogModuleManager: Shutting down and abandoning module ProfilerClient (136)
[2015.05.06-06.51.45:510][282]LogModuleManager: Shutting down and abandoning module TargetDeviceServices (135)
[2015.05.06-06.51.45:510][282]LogModuleManager: Shutting down and abandoning module DeviceManager (134)
[2015.05.06-06.51.45:510][282]LogModuleManager: Shutting down and abandoning module AutomationController (133)
[2015.05.06-06.51.45:510][282]LogModuleManager: Shutting down and abandoning module AutomationWindow (132)
[2015.05.06-06.51.45:525][282]LogModuleManager: Shutting down and abandoning module Layers (131)
[2015.05.06-06.51.45:548][282]LogModuleManager: Shutting down and abandoning module ComponentVisualizers (130)
[2015.05.06-06.51.45:548][282]LogModuleManager: Shutting down and abandoning module DetailCustomizations (129)
[2015.05.06-06.51.45:548][282]LogModuleManager: Shutting down and abandoning module PackagesDialog (128)
[2015.05.06-06.51.45:548][282]LogModuleManager: Shutting down and abandoning module AssetRegistry (127)
[2015.05.06-06.51.45:671][282]LogModuleManager: Shutting down and abandoning module Persona (126)
[2015.05.06-06.51.45:687][282]LogModuleManager: Shutting down and abandoning module SlateReflector (125)
[2015.05.06-06.51.45:707][282]LogModuleManager: Shutting down and abandoning module LevelEditor (124)
[2015.05.06-06.51.45:708][282]LogModuleManager: Shutting down and abandoning module Kismet (123)
[2015.05.06-06.51.45:708][282]LogModuleManager: Shutting down and abandoning module GraphEditor (122)
[2015.05.06-06.51.45:740][282]LogModuleManager: Shutting down and abandoning module ClassViewer (121)
[2015.05.06-06.51.45:740][282]LogModuleManager: Shutting down and abandoning module Toolbox (120)
[2015.05.06-06.51.45:740][282]LogModuleManager: Shutting down and abandoning module ModuleUI (119)
[2015.05.06-06.51.45:750][282]LogModuleManager: Shutting down and abandoning module MovieSceneTools (118)
[2015.05.06-06.51.45:764][282]LogModuleManager: Shutting down and abandoning module OutputLog (117)
[2015.05.06-06.51.45:764][282]LogModuleManager: Shutting down and abandoning module GammaUI (116)
[2015.05.06-06.51.45:775][282]LogModuleManager: Shutting down and abandoning module Documentation (115)
[2015.05.06-06.51.45:775][282]LogModuleManager: Shutting down and abandoning module GameLiveStreaming (114)
[2015.05.06-06.51.45:775][282]LogModuleManager: Shutting down and abandoning module StreamingPauseRendering (113)
[2015.05.06-06.51.45:775][282]LogModuleManager: Shutting down and abandoning module HTTP (112)
[2015.05.06-06.51.45:776][282]LogModuleManager: Shutting down and abandoning module AnalyticsET (111)
[2015.05.06-06.51.45:776][282]LogModuleManager: Shutting down and abandoning module Analytics (110)
[2015.05.06-06.51.45:776][282]LogModuleManager: Shutting down and abandoning module AITestSuite (109)
[2015.05.06-06.51.45:776][282]LogModuleManager: Shutting down and abandoning module GameplayDebugger (108)
[2015.05.06-06.51.45:776][282]LogModuleManager: Shutting down and abandoning module AIModule (107)
[2015.05.06-06.51.45:776][282]LogModuleManager: Shutting down and abandoning module ProfilerService (106)
[2015.05.06-06.51.45:882][282]LogModuleManager: Shutting down and abandoning module TaskGraph (105)
[2015.05.06-06.51.45:898][282]LogModuleManager: Shutting down and abandoning module SlateRemote (104)
[2015.05.06-06.51.45:898][282]LogModuleManager: Shutting down and abandoning module ScriptEditorPlugin (103)
[2015.05.06-06.51.45:898][282]LogModuleManager: Shutting down and abandoning module CustomMeshComponent (102)
[2015.05.06-06.51.45:898][282]LogModuleManager: Shutting down and abandoning module CableComponent (101)
[2015.05.06-06.51.45:898][282]LogModuleManager: Shutting down and abandoning module MessagingDebugger (100)
[2015.05.06-06.51.45:918][282]LogModuleManager: Shutting down and abandoning module MediaPlayerEditor (99)
[2015.05.06-06.51.45:929][282]LogModuleManager: Shutting down and abandoning module SpeedTreeImporter (98)
[2015.05.06-06.51.45:929][282]LogModuleManager: Shutting down and abandoning module PluginsEditor (97)
[2015.05.06-06.51.45:931][282]LogModuleManager: Shutting down and abandoning module MainFrame (96)
[2015.05.06-06.51.45:931][282]LogModuleManager: Shutting down and abandoning module EpicSurvey (95)
[2015.05.06-06.51.45:931][282]LogModuleManager: Shutting down and abandoning module DesktopPlatform (94)
[2015.05.06-06.51.45:944][282]LogModuleManager: Shutting down and abandoning module DirectoryWatcher (93)
[2015.05.06-06.51.45:945][282]LogModuleManager: Shutting down and abandoning module HotReload (92)
[2015.05.06-06.51.45:945][282]LogModuleManager: Shutting down and abandoning module VisualStudioSourceCodeAccess (91)
[2015.05.06-06.51.45:945][282]LogModuleManager: Shutting down and abandoning module UObjectPlugin (90)
[2015.05.06-06.51.45:945][282]LogModuleManager: Shutting down and abandoning module SubversionSourceControl (89)
[2015.05.06-06.51.45:945][282]LogModuleManager: Shutting down and abandoning module PerforceSourceControl (88)
[2015.05.06-06.51.45:952][282]LogModuleManager: Shutting down and abandoning module SourceControl (87)
[2015.05.06-06.51.45:952][282]LogModuleManager: Shutting down and abandoning module GitSourceControl (86)
[2015.05.06-06.51.45:952][282]LogModuleManager: Shutting down and abandoning module BlankPlugin (85)
[2015.05.06-06.51.45:952][282]LogModuleManager: Shutting down and abandoning module PaperTiledImporter (84)
[2015.05.06-06.51.45:952][282]LogModuleManager: Shutting down and abandoning module PaperJsonImporter (83)
[2015.05.06-06.51.45:952][282]LogModuleManager: Shutting down and abandoning module ContentBrowser (82)
[2015.05.06-06.51.45:953][282]LogModuleManager: Shutting down and abandoning module Paper2DEditor (81)
[2015.05.06-06.51.45:953][282]LogModuleManager: Shutting down and abandoning module ScriptPlugin (80)
[2015.05.06-06.51.45:972][282]LogModuleManager: Shutting down and abandoning module UdpMessaging (79)
[2015.05.06-06.51.46:073][282]LogModuleManager: Shutting down and abandoning module Paper2D (78)
[2015.05.06-06.51.46:073][282]LogModuleManager: Shutting down and abandoning module WindowsMoviePlayer (77)
[2015.05.06-06.51.46:077][282]LogModuleManager: Shutting down and abandoning module Media (76)
[2015.05.06-06.51.46:077][282]LogModuleManager: Shutting down and abandoning module WmfMedia (75)
[2015.05.06-06.51.46:154][282]LogModuleManager: Shutting down and abandoning module OnlineBlueprintSupport (74)
[2015.05.06-06.51.46:154][282]LogModuleManager: Shutting down and abandoning module PropertyEditor (73)
[2015.05.06-06.51.46:154][282]LogModuleManager: Shutting down and abandoning module BehaviorTreeEditor (72)
[2015.05.06-06.51.46:182][282]LogModuleManager: Shutting down and abandoning module FunctionalTesting (71)
[2015.05.06-06.51.46:182][282]LogModuleManager: Shutting down and abandoning module CollisionAnalyzer (70)
[2015.05.06-06.51.46:227][282]LogModuleManager: Shutting down and abandoning module WorkspaceMenuStructure (69)
[2015.05.06-06.51.46:227][282]LogModuleManager: Shutting down and abandoning module MessageLog (68)
[2015.05.06-06.51.46:227][282]LogModuleManager: Shutting down and abandoning module Sequencer (67)
[2015.05.06-06.51.46:241][282]LogModuleManager: Shutting down and abandoning module AssetTools (66)
[2015.05.06-06.51.46:260][282]LogModuleManager: Shutting down and abandoning module UMGEditor (65)
[2015.05.06-06.51.46:274][282]LogModuleManager: Shutting down and abandoning module UMG (64)
[2015.05.06-06.51.46:290][282]LogModuleManager: Shutting down and abandoning module Slate (63)
[2015.05.06-06.51.46:290][282]LogModuleManager: Shutting down and abandoning module EditorStyle (62)
[2015.05.06-06.51.46:304][282]LogModuleManager: Shutting down and abandoning module SessionServices (61)
[2015.05.06-06.51.46:304][282]LogModuleManager: Shutting down and abandoning module SourceCodeAccess (60)
[2015.05.06-06.51.46:304][282]LogModuleManager: Shutting down and abandoning module HeadMountedDisplay (59)
[2015.05.06-06.51.46:304][282]LogModuleManager: Shutting down and abandoning module XAudio2 (58)
[2015.05.06-06.51.46:304][282]LogModuleManager: Shutting down and abandoning module Networking (56)
[2015.05.06-06.51.46:304][282]LogModuleManager: Shutting down and abandoning module Core (55)
[2015.05.06-06.51.46:304][282]LogModuleManager: Shutting down and abandoning module KismetCompiler (54)
[2015.05.06-06.51.46:305][282]LogModuleManager: Shutting down and abandoning module PhysXFormats (53)
[2015.05.06-06.51.46:305][282]LogModuleManager: Shutting down and abandoning module MeshUtilities (52)
[2015.05.06-06.51.46:322][282]LogModuleManager: Shutting down and abandoning module DerivedDataCache (51)
[2015.05.06-06.51.46:360][282]LogDerivedDataCache: Shutdown
[2015.05.06-06.51.46:360][282]LogModuleManager: Shutting down and abandoning module ShaderFormatOpenGL (50)
[2015.05.06-06.51.46:370][282]LogModuleManager: Shutting down and abandoning module ShaderFormatD3D (49)
[2015.05.06-06.51.46:370][282]LogModuleManager: Shutting down and abandoning module MetalShaderFormat (48)
[2015.05.06-06.51.46:381][282]LogModuleManager: Shutting down and abandoning module TextureFormatUncompressed (47)
[2015.05.06-06.51.46:381][282]LogModuleManager: Shutting down and abandoning module TextureFormatPVR (46)
[2015.05.06-06.51.46:381][282]LogModuleManager: Shutting down and abandoning module TextureFormatIntelISPCTexComp (45)
[2015.05.06-06.51.46:381][282]LogModuleManager: Shutting down and abandoning module TextureFormatDXT (44)
[2015.05.06-06.51.46:381][282]LogModuleManager: Shutting down and abandoning module ImageWrapper (43)
[2015.05.06-06.51.46:381][282]LogModuleManager: Shutting down and abandoning module TextureFormatASTC (42)
[2015.05.06-06.51.46:381][282]LogModuleManager: Shutting down and abandoning module TextureFormatAndroid (41)
[2015.05.06-06.51.46:381][282]LogModuleManager: Shutting down and abandoning module AudioFormatOpus (40)
[2015.05.06-06.51.46:381][282]LogModuleManager: Shutting down and abandoning module AudioFormatOgg (39)
[2015.05.06-06.51.46:381][282]LogModuleManager: Shutting down and abandoning module AudioFormatADPCM (38)
[2015.05.06-06.51.46:382][282]LogModuleManager: Shutting down and abandoning module LinuxTargetPlatform (37)
[2015.05.06-06.51.46:382][282]LogModuleManager: Shutting down and abandoning module LinuxServerTargetPlatform (36)
[2015.05.06-06.51.46:382][282]LogModuleManager: Shutting down and abandoning module LinuxNoEditorTargetPlatform (35)
[2015.05.06-06.51.46:382][282]LogModuleManager: Shutting down and abandoning module Messaging (34)
[2015.05.06-06.51.46:382][282]LogModuleManager: Shutting down and abandoning module IOSTargetPlatform (33)
[2015.05.06-06.51.46:382][282]LogModuleManager: Shutting down and abandoning module HTML5TargetPlatform (32)
[2015.05.06-06.51.46:382][282]LogModuleManager: Shutting down and abandoning module Android_PVRTCTargetPlatform (31)
[2015.05.06-06.51.46:382][282]LogModuleManager: Shutting down and abandoning module Android_ETC2TargetPlatform (30)
[2015.05.06-06.51.46:382][282]LogModuleManager: Shutting down and abandoning module Android_ETC1TargetPlatform (29)
[2015.05.06-06.51.46:382][282]LogModuleManager: Shutting down and abandoning module Android_ES31TargetPlatform (28)
[2015.05.06-06.51.46:382][282]LogModuleManager: Shutting down and abandoning module Android_DXTTargetPlatform (27)
[2015.05.06-06.51.46:382][282]LogModuleManager: Shutting down and abandoning module Android_ATCTargetPlatform (26)
[2015.05.06-06.51.46:382][282]LogModuleManager: Shutting down and abandoning module AndroidTargetPlatform (25)
[2015.05.06-06.51.46:382][282]LogModuleManager: Shutting down and abandoning module WindowsTargetPlatform (24)
[2015.05.06-06.51.46:382][282]LogModuleManager: Shutting down and abandoning module WindowsServerTargetPlatform (23)
[2015.05.06-06.51.46:382][282]LogModuleManager: Shutting down and abandoning module WindowsNoEditorTargetPlatform (22)
[2015.05.06-06.51.46:382][282]LogModuleManager: Shutting down and abandoning module WindowsClientTargetPlatform (21)
[2015.05.06-06.51.46:382][282]LogModuleManager: Shutting down and abandoning module TargetPlatform (20)
[2015.05.06-06.51.46:382][282]LogModuleManager: Shutting down and abandoning module InputCore (19)
[2015.05.06-06.51.46:382][282]LogModuleManager: Shutting down and abandoning module Settings (18)
[2015.05.06-06.51.46:382][282]LogModuleManager: Shutting down and abandoning module OnlineSubsystem (16)
[2015.05.06-06.51.46:382][282]LogModuleManager: Shutting down and abandoning module OculusRift (15)
[2015.05.06-06.51.46:382][282]LogModuleManager: Shutting down and abandoning module ExampleDeviceProfileSelector (14)
[2015.05.06-06.51.46:382][282]LogModuleManager: Shutting down and abandoning module TextureCompressor (13)
[2015.05.06-06.51.46:382][282]LogModuleManager: Shutting down and abandoning module ShaderCore (12)
[2015.05.06-06.51.46:382][282]LogModuleManager: Shutting down and abandoning module Landscape (11)
[2015.05.06-06.51.46:382][282]LogModuleManager: Shutting down and abandoning module SlateRHIRenderer (10)
[2015.05.06-06.51.46:387][282]LogModuleManager: Shutting down and abandoning module OpenGLDrv (9)
[2015.05.06-06.51.46:387][282]LogModuleManager: Shutting down and abandoning module D3D11RHI (8)
[2015.05.06-06.51.46:387][282]LogModuleManager: Shutting down and abandoning module Renderer (7)
[2015.05.06-06.51.46:388][282]LogModuleManager: Shutting down and abandoning module Engine (6)
[2015.05.06-06.51.46:388][282]LogModuleManager: Shutting down and abandoning module CoreUObject (5)
[2015.05.06-06.51.46:388][282]LogModuleManager: Shutting down and abandoning module NetworkFile (4)
[2015.05.06-06.51.46:404][282]LogModuleManager: Shutting down and abandoning module StreamingFile (3)
[2015.05.06-06.51.46:404][282]LogModuleManager: Shutting down and abandoning module SandboxFile (2)
[2015.05.06-06.51.46:416][282]LogModuleManager: Shutting down and abandoning module PakFile (1)
[2015.05.06-06.51.46:427][282]LogExit: Exiting.
[2015.05.06-06.51.46:434][282]Log file closed, 05/05/15 23:51:46
